[0.018s] Invoking command in '/home/mohanarangan-t-r/rover_ws/build/rover_base': CMAKE_PREFIX_PATH=${CMAKE_PREFIX_PATH}:/opt/ros/jazzy DEBUGINFOD_URLS=https://debuginfod.ubuntu.com /usr/bin/cmake --build /home/mohanarangan-t-r/rover_ws/build/rover_base -- -j16 -l16
[0.065s] Invoked command in '/home/mohanarangan-t-r/rover_ws/build/rover_base' returned '0': CMAKE_PREFIX_PATH=${CMAKE_PREFIX_PATH}:/opt/ros/jazzy DEBUGINFOD_URLS=https://debuginfod.ubuntu.com /usr/bin/cmake --build /home/mohanarangan-t-r/rover_ws/build/rover_base -- -j16 -l16
[0.065s] Invoking command in '/home/mohanarangan-t-r/rover_ws/build/rover_base': CMAKE_PREFIX_PATH=${CMAKE_PREFIX_PATH}:/opt/ros/jazzy DEBUGINFOD_URLS=https://debuginfod.ubuntu.com /usr/bin/cmake --install /home/mohanarangan-t-r/rover_ws/build/rover_base
[0.072s] -- Install configuration: ""
[0.072s] -- Execute custom install script
[0.072s] -- Up-to-date symlink: /home/mohanarangan-t-r/rover_ws/install/rover_base/share/ament_index/resource_index/package_run_dependencies/rover_base
[0.072s] -- Up-to-date symlink: /home/mohanarangan-t-r/rover_ws/install/rover_base/share/ament_index/resource_index/parent_prefix_path/rover_base
[0.073s] -- Up-to-date symlink: /home/mohanarangan-t-r/rover_ws/install/rover_base/share/rover_base/environment/ament_prefix_path.sh
[0.073s] -- Up-to-date symlink: /home/mohanarangan-t-r/rover_ws/install/rover_base/share/rover_base/environment/ament_prefix_path.dsv
[0.073s] -- Up-to-date symlink: /home/mohanarangan-t-r/rover_ws/install/rover_base/share/rover_base/environment/path.sh
[0.073s] -- Up-to-date symlink: /home/mohanarangan-t-r/rover_ws/install/rover_base/share/rover_base/environment/path.dsv
[0.073s] -- Up-to-date symlink: /home/mohanarangan-t-r/rover_ws/install/rover_base/share/rover_base/local_setup.bash
[0.073s] -- Up-to-date symlink: /home/mohanarangan-t-r/rover_ws/install/rover_base/share/rover_base/local_setup.sh
[0.073s] -- Up-to-date symlink: /home/mohanarangan-t-r/rover_ws/install/rover_base/share/rover_base/local_setup.zsh
[0.074s] -- Up-to-date symlink: /home/mohanarangan-t-r/rover_ws/install/rover_base/share/rover_base/local_setup.dsv
[0.074s] -- Symlinking: /home/mohanarangan-t-r/rover_ws/install/rover_base/share/rover_base/package.dsv
[0.081s] -- Up-to-date symlink: /home/mohanarangan-t-r/rover_ws/install/rover_base/share/ament_index/resource_index/packages/rover_base
[0.082s] -- Up-to-date symlink: /home/mohanarangan-t-r/rover_ws/install/rover_base/share/rover_base/cmake/rover_baseConfig.cmake
[0.082s] -- Up-to-date symlink: /home/mohanarangan-t-r/rover_ws/install/rover_base/share/rover_base/cmake/rover_baseConfig-version.cmake
[0.082s] -- Up-to-date symlink: /home/mohanarangan-t-r/rover_ws/install/rover_base/share/rover_base/package.xml
[0.095s] Invoked command in '/home/mohanarangan-t-r/rover_ws/build/rover_base' returned '0': CMAKE_PREFIX_PATH=${CMAKE_PREFIX_PATH}:/opt/ros/jazzy DEBUGINFOD_URLS=https://debuginfod.ubuntu.com /usr/bin/cmake --install /home/mohanarangan-t-r/rover_ws/build/rover_base
