[0.016s] Invoking command in '/home/mohanarangan-t-r/rover_ws/build/rover_base': CMAKE_PREFIX_PATH=${CMAKE_PREFIX_PATH}:/opt/ros/jazzy DEBUGINFOD_URLS=https://debuginfod.ubuntu.com /usr/bin/cmake /home/mohanarangan-t-r/rover_ws/src/rover_base -DAMENT_CMAKE_SYMLINK_INSTALL=1 -DCMAKE_INSTALL_PREFIX=/home/mohanarangan-t-r/rover_ws/install/rover_base
[0.091s] -- The C compiler identification is GNU 13.3.0
[0.161s] -- The CXX compiler identification is GNU 13.3.0
[0.178s] -- Detecting C compiler ABI info
[0.256s] -- Detecting C compiler ABI info - done
[0.262s] -- Check for working C compiler: /usr/bin/cc - skipped
[0.262s] -- Detecting C compile features
[0.263s] -- Detecting C compile features - done
[0.271s] -- Detecting CXX compiler ABI info
[0.354s] -- Detecting CXX compiler ABI info - done
[0.360s] -- Check for working CXX compiler: /usr/bin/c++ - skipped
[0.360s] -- Detecting CXX compile features
[0.360s] -- Detecting CXX compile features - done
[0.369s] -- Found ament_cmake: 2.5.4 (/opt/ros/jazzy/share/ament_cmake/cmake)
[0.493s] -- Found Python3: /usr/bin/python3 (found version "3.12.3") found components: Interpreter 
[0.554s] -- Override CMake install command with custom implementation using symlinks instead of copying resources
[0.609s] -- Found ament_lint_auto: 0.17.3 (/opt/ros/jazzy/share/ament_lint_auto/cmake)
[0.706s] -- Added test 'lint_cmake' to check CMake code style
[0.707s] -- Added test 'xmllint' to check XML markup files
[0.709s] -- Configuring done (0.7s)
[0.712s] -- Generating done (0.0s)
[0.713s] -- Build files have been written to: /home/mohanarangan-t-r/rover_ws/build/rover_base
[0.720s] Invoked command in '/home/mohanarangan-t-r/rover_ws/build/rover_base' returned '0': CMAKE_PREFIX_PATH=${CMAKE_PREFIX_PATH}:/opt/ros/jazzy DEBUGINFOD_URLS=https://debuginfod.ubuntu.com /usr/bin/cmake /home/mohanarangan-t-r/rover_ws/src/rover_base -DAMENT_CMAKE_SYMLINK_INSTALL=1 -DCMAKE_INSTALL_PREFIX=/home/mohanarangan-t-r/rover_ws/install/rover_base
[0.721s] Invoking command in '/home/mohanarangan-t-r/rover_ws/build/rover_base': CMAKE_PREFIX_PATH=${CMAKE_PREFIX_PATH}:/opt/ros/jazzy DEBUGINFOD_URLS=https://debuginfod.ubuntu.com /usr/bin/cmake --build /home/mohanarangan-t-r/rover_ws/build/rover_base -- -j16 -l16
[0.770s] Invoked command in '/home/mohanarangan-t-r/rover_ws/build/rover_base' returned '0': CMAKE_PREFIX_PATH=${CMAKE_PREFIX_PATH}:/opt/ros/jazzy DEBUGINFOD_URLS=https://debuginfod.ubuntu.com /usr/bin/cmake --build /home/mohanarangan-t-r/rover_ws/build/rover_base -- -j16 -l16
[0.770s] Invoking command in '/home/mohanarangan-t-r/rover_ws/build/rover_base': CMAKE_PREFIX_PATH=${CMAKE_PREFIX_PATH}:/opt/ros/jazzy DEBUGINFOD_URLS=https://debuginfod.ubuntu.com /usr/bin/cmake --install /home/mohanarangan-t-r/rover_ws/build/rover_base
[0.777s] -- Install configuration: ""
[0.777s] -- Execute custom install script
[0.777s] -- Symlinking: /home/mohanarangan-t-r/rover_ws/install/rover_base/share/ament_index/resource_index/package_run_dependencies/rover_base
[0.784s] -- Symlinking: /home/mohanarangan-t-r/rover_ws/install/rover_base/share/ament_index/resource_index/parent_prefix_path/rover_base
[0.792s] -- Symlinking: /home/mohanarangan-t-r/rover_ws/install/rover_base/share/rover_base/environment/ament_prefix_path.sh
[0.800s] -- Symlinking: /home/mohanarangan-t-r/rover_ws/install/rover_base/share/rover_base/environment/ament_prefix_path.dsv
[0.810s] -- Symlinking: /home/mohanarangan-t-r/rover_ws/install/rover_base/share/rover_base/environment/path.sh
[0.819s] -- Symlinking: /home/mohanarangan-t-r/rover_ws/install/rover_base/share/rover_base/environment/path.dsv
[0.826s] -- Symlinking: /home/mohanarangan-t-r/rover_ws/install/rover_base/share/rover_base/local_setup.bash
[0.835s] -- Symlinking: /home/mohanarangan-t-r/rover_ws/install/rover_base/share/rover_base/local_setup.sh
[0.843s] -- Symlinking: /home/mohanarangan-t-r/rover_ws/install/rover_base/share/rover_base/local_setup.zsh
[0.852s] -- Symlinking: /home/mohanarangan-t-r/rover_ws/install/rover_base/share/rover_base/local_setup.dsv
[0.861s] -- Symlinking: /home/mohanarangan-t-r/rover_ws/install/rover_base/share/rover_base/package.dsv
[0.870s] -- Symlinking: /home/mohanarangan-t-r/rover_ws/install/rover_base/share/ament_index/resource_index/packages/rover_base
[0.878s] -- Symlinking: /home/mohanarangan-t-r/rover_ws/install/rover_base/share/rover_base/cmake/rover_baseConfig.cmake
[0.886s] -- Symlinking: /home/mohanarangan-t-r/rover_ws/install/rover_base/share/rover_base/cmake/rover_baseConfig-version.cmake
[0.894s] -- Symlinking: /home/mohanarangan-t-r/rover_ws/install/rover_base/share/rover_base/package.xml
[0.908s] Invoked command in '/home/mohanarangan-t-r/rover_ws/build/rover_base' returned '0': CMAKE_PREFIX_PATH=${CMAKE_PREFIX_PATH}:/opt/ros/jazzy DEBUGINFOD_URLS=https://debuginfod.ubuntu.com /usr/bin/cmake --install /home/mohanarangan-t-r/rover_ws/build/rover_base
