[0.206s] DEBUG:colcon:Command line arguments: ['/usr/bin/colcon', 'build', '--symlink-install']
[0.207s] DEBUG:colcon:Parsed command line arguments: Namespace(log_base=None, log_level=None, verb_name='build', build_base='build', install_base='install', merge_install=False, symlink_install=True, test_result_base=None, continue_on_error=False, executor='parallel', parallel_workers=16, event_handlers=None, ignore_user_meta=False, metas=['./colcon.meta'], base_paths=['.'], packages_ignore=None, packages_ignore_regex=None, paths=None, packages_up_to=None, packages_up_to_regex=None, packages_above=None, packages_above_and_dependencies=None, packages_above_depth=None, packages_select_by_dep=None, packages_skip_by_dep=None, packages_skip_up_to=None, packages_select_build_failed=False, packages_skip_build_finished=False, packages_select_test_failures=False, packages_skip_test_passed=False, packages_select=None, packages_skip=None, packages_select_regex=None, packages_skip_regex=None, packages_start=None, packages_end=None, allow_overriding=[], cmake_args=None, cmake_target=None, cmake_target_skip_unavailable=False, cmake_clean_cache=False, cmake_clean_first=False, cmake_force_configure=False, ament_cmake_args=None, catkin_cmake_args=None, catkin_skip_building_tests=False, mixin_files=None, mixin=None, verb_parser=<colcon_mixin.mixin.mixin_argument.MixinArgumentDecorator object at 0x75fbb4e31460>, verb_extension=<colcon_core.verb.build.BuildVerb object at 0x75fbb4fcd310>, main=<bound method BuildVerb.main of <colcon_core.verb.build.BuildVerb object at 0x75fbb4fcd310>>, mixin_verb=('build',))
[0.288s] Level 1:colcon.colcon_core.package_discovery:discover_packages(colcon_meta) check parameters
[0.288s] Level 1:colcon.colcon_core.package_discovery:discover_packages(recursive) check parameters
[0.288s] Level 1:colcon.colcon_core.package_discovery:discover_packages(ignore) check parameters
[0.288s] Level 1:colcon.colcon_core.package_discovery:discover_packages(path) check parameters
[0.288s] Level 1:colcon.colcon_core.package_discovery:discover_packages(colcon_meta) discover
[0.289s] Level 1:colcon.colcon_core.package_discovery:discover_packages(recursive) discover
[0.289s] INFO:colcon.colcon_core.package_discovery:Crawling recursively for packages in '/home/mohanarangan-t-r/rover_ws'
[0.289s] Level 1:colcon.colcon_core.package_identification:_identify(.) by extensions ['ignore', 'ignore_ament_install']
[0.289s] Level 1:colcon.colcon_core.package_identification:_identify(.) by extension 'ignore'
[0.289s] Level 1:colcon.colcon_core.package_identification:_identify(.) by extension 'ignore_ament_install'
[0.289s] Level 1:colcon.colcon_core.package_identification:_identify(.) by extensions ['colcon_pkg']
[0.289s] Level 1:colcon.colcon_core.package_identification:_identify(.) by extension 'colcon_pkg'
[0.289s] Level 1:colcon.colcon_core.package_identification:_identify(.) by extensions ['colcon_meta']
[0.289s] Level 1:colcon.colcon_core.package_identification:_identify(.) by extension 'colcon_meta'
[0.290s] Level 1:colcon.colcon_core.package_identification:_identify(.) by extensions ['ros']
[0.290s] Level 1:colcon.colcon_core.package_identification:_identify(.) by extension 'ros'
[0.342s] Level 1:colcon.colcon_core.package_identification:_identify(.) by extensions ['cmake', 'python']
[0.342s] Level 1:colcon.colcon_core.package_identification:_identify(.) by extension 'cmake'
[0.342s] Level 1:colcon.colcon_core.package_identification:_identify(.) by extension 'python'
[0.342s] Level 1:colcon.colcon_core.package_identification:_identify(.) by extensions ['python_setup_py']
[0.342s] Level 1:colcon.colcon_core.package_identification:_identify(.) by extension 'python_setup_py'
[0.342s] Level 1:colcon.colcon_core.package_identification:_identify(build) by extensions ['ignore', 'ignore_ament_install']
[0.342s] Level 1:colcon.colcon_core.package_identification:_identify(build) by extension 'ignore'
[0.343s] Level 1:colcon.colcon_core.package_identification:_identify(build) ignored
[0.343s] Level 1:colcon.colcon_core.package_identification:_identify(install) by extensions ['ignore', 'ignore_ament_install']
[0.343s] Level 1:colcon.colcon_core.package_identification:_identify(install) by extension 'ignore'
[0.343s] Level 1:colcon.colcon_core.package_identification:_identify(install) ignored
[0.343s] Level 1:colcon.colcon_core.package_identification:_identify(log) by extensions ['ignore', 'ignore_ament_install']
[0.343s] Level 1:colcon.colcon_core.package_identification:_identify(log) by extension 'ignore'
[0.344s] Level 1:colcon.colcon_core.package_identification:_identify(log) ignored
[0.344s] Level 1:colcon.colcon_core.package_identification:_identify(src) by extensions ['ignore', 'ignore_ament_install']
[0.344s] Level 1:colcon.colcon_core.package_identification:_identify(src) by extension 'ignore'
[0.344s] Level 1:colcon.colcon_core.package_identification:_identify(src) by extension 'ignore_ament_install'
[0.344s] Level 1:colcon.colcon_core.package_identification:_identify(src) by extensions ['colcon_pkg']
[0.344s] Level 1:colcon.colcon_core.package_identification:_identify(src) by extension 'colcon_pkg'
[0.344s] Level 1:colcon.colcon_core.package_identification:_identify(src) by extensions ['colcon_meta']
[0.344s] Level 1:colcon.colcon_core.package_identification:_identify(src) by extension 'colcon_meta'
[0.344s] Level 1:colcon.colcon_core.package_identification:_identify(src) by extensions ['ros']
[0.344s] Level 1:colcon.colcon_core.package_identification:_identify(src) by extension 'ros'
[0.344s] Level 1:colcon.colcon_core.package_identification:_identify(src) by extensions ['cmake', 'python']
[0.344s] Level 1:colcon.colcon_core.package_identification:_identify(src) by extension 'cmake'
[0.344s] Level 1:colcon.colcon_core.package_identification:_identify(src) by extension 'python'
[0.345s] Level 1:colcon.colcon_core.package_identification:_identify(src) by extensions ['python_setup_py']
[0.345s] Level 1:colcon.colcon_core.package_identification:_identify(src) by extension 'python_setup_py'
[0.345s] Level 1:colcon.colcon_core.package_identification:_identify(src/rover_base) by extensions ['ignore', 'ignore_ament_install']
[0.345s] Level 1:colcon.colcon_core.package_identification:_identify(src/rover_base) by extension 'ignore'
[0.345s] Level 1:colcon.colcon_core.package_identification:_identify(src/rover_base) by extension 'ignore_ament_install'
[0.345s] Level 1:colcon.colcon_core.package_identification:_identify(src/rover_base) by extensions ['colcon_pkg']
[0.345s] Level 1:colcon.colcon_core.package_identification:_identify(src/rover_base) by extension 'colcon_pkg'
[0.345s] Level 1:colcon.colcon_core.package_identification:_identify(src/rover_base) by extensions ['colcon_meta']
[0.345s] Level 1:colcon.colcon_core.package_identification:_identify(src/rover_base) by extension 'colcon_meta'
[0.345s] Level 1:colcon.colcon_core.package_identification:_identify(src/rover_base) by extensions ['ros']
[0.345s] Level 1:colcon.colcon_core.package_identification:_identify(src/rover_base) by extension 'ros'
[0.350s] DEBUG:colcon.colcon_core.package_identification:Package 'src/rover_base' with type 'ros.ament_cmake' and name 'rover_base'
[0.350s] Level 1:colcon.colcon_core.package_identification:_identify(src/rover_bringup) by extensions ['ignore', 'ignore_ament_install']
[0.350s] Level 1:colcon.colcon_core.package_identification:_identify(src/rover_bringup) by extension 'ignore'
[0.350s] Level 1:colcon.colcon_core.package_identification:_identify(src/rover_bringup) by extension 'ignore_ament_install'
[0.350s] Level 1:colcon.colcon_core.package_identification:_identify(src/rover_bringup) by extensions ['colcon_pkg']
[0.350s] Level 1:colcon.colcon_core.package_identification:_identify(src/rover_bringup) by extension 'colcon_pkg'
[0.350s] Level 1:colcon.colcon_core.package_identification:_identify(src/rover_bringup) by extensions ['colcon_meta']
[0.350s] Level 1:colcon.colcon_core.package_identification:_identify(src/rover_bringup) by extension 'colcon_meta'
[0.350s] Level 1:colcon.colcon_core.package_identification:_identify(src/rover_bringup) by extensions ['ros']
[0.351s] Level 1:colcon.colcon_core.package_identification:_identify(src/rover_bringup) by extension 'ros'
[0.351s] DEBUG:colcon.colcon_core.package_identification:Package 'src/rover_bringup' with type 'ros.ament_cmake' and name 'rover_bringup'
[0.352s] Level 1:colcon.colcon_core.package_identification:_identify(src/rover_description) by extensions ['ignore', 'ignore_ament_install']
[0.352s] Level 1:colcon.colcon_core.package_identification:_identify(src/rover_description) by extension 'ignore'
[0.352s] Level 1:colcon.colcon_core.package_identification:_identify(src/rover_description) by extension 'ignore_ament_install'
[0.352s] Level 1:colcon.colcon_core.package_identification:_identify(src/rover_description) by extensions ['colcon_pkg']
[0.352s] Level 1:colcon.colcon_core.package_identification:_identify(src/rover_description) by extension 'colcon_pkg'
[0.352s] Level 1:colcon.colcon_core.package_identification:_identify(src/rover_description) by extensions ['colcon_meta']
[0.352s] Level 1:colcon.colcon_core.package_identification:_identify(src/rover_description) by extension 'colcon_meta'
[0.352s] Level 1:colcon.colcon_core.package_identification:_identify(src/rover_description) by extensions ['ros']
[0.352s] Level 1:colcon.colcon_core.package_identification:_identify(src/rover_description) by extension 'ros'
[0.353s] DEBUG:colcon.colcon_core.package_identification:Package 'src/rover_description' with type 'ros.ament_cmake' and name 'rover_description'
[0.353s] Level 1:colcon.colcon_core.package_identification:_identify(src/rover_gz_sim) by extensions ['ignore', 'ignore_ament_install']
[0.354s] Level 1:colcon.colcon_core.package_identification:_identify(src/rover_gz_sim) by extension 'ignore'
[0.354s] Level 1:colcon.colcon_core.package_identification:_identify(src/rover_gz_sim) by extension 'ignore_ament_install'
[0.354s] Level 1:colcon.colcon_core.package_identification:_identify(src/rover_gz_sim) by extensions ['colcon_pkg']
[0.354s] Level 1:colcon.colcon_core.package_identification:_identify(src/rover_gz_sim) by extension 'colcon_pkg'
[0.354s] Level 1:colcon.colcon_core.package_identification:_identify(src/rover_gz_sim) by extensions ['colcon_meta']
[0.354s] Level 1:colcon.colcon_core.package_identification:_identify(src/rover_gz_sim) by extension 'colcon_meta'
[0.354s] Level 1:colcon.colcon_core.package_identification:_identify(src/rover_gz_sim) by extensions ['ros']
[0.354s] Level 1:colcon.colcon_core.package_identification:_identify(src/rover_gz_sim) by extension 'ros'
[0.355s] DEBUG:colcon.colcon_core.package_identification:Package 'src/rover_gz_sim' with type 'ros.ament_cmake' and name 'rover_gz_sim'
[0.355s] Level 1:colcon.colcon_core.package_discovery:discover_packages(recursive) using defaults
[0.355s] Level 1:colcon.colcon_core.package_discovery:discover_packages(ignore) discover
[0.355s] Level 1:colcon.colcon_core.package_discovery:discover_packages(ignore) using defaults
[0.355s] Level 1:colcon.colcon_core.package_discovery:discover_packages(path) discover
[0.355s] Level 1:colcon.colcon_core.package_discovery:discover_packages(path) using defaults
[0.390s] Level 1:colcon.colcon_core.package_discovery:discover_packages(prefix_path) check parameters
[0.390s] Level 1:colcon.colcon_core.package_discovery:discover_packages(prefix_path) discover
[0.394s] DEBUG:colcon.colcon_installed_package_information.package_discovery:Found 4 installed packages in /home/mohanarangan-t-r/rover_ws/install
[0.399s] DEBUG:colcon.colcon_installed_package_information.package_discovery:Found 422 installed packages in /opt/ros/jazzy
[0.402s] Level 1:colcon.colcon_core.package_discovery:discover_packages(prefix_path) using defaults
[0.502s] Level 5:colcon.colcon_core.verb:set package 'rover_base' build argument 'cmake_args' from command line to 'None'
[0.502s] Level 5:colcon.colcon_core.verb:set package 'rover_base' build argument 'cmake_target' from command line to 'None'
[0.503s] Level 5:colcon.colcon_core.verb:set package 'rover_base' build argument 'cmake_target_skip_unavailable' from command line to 'False'
[0.503s] Level 5:colcon.colcon_core.verb:set package 'rover_base' build argument 'cmake_clean_cache' from command line to 'False'
[0.503s] Level 5:colcon.colcon_core.verb:set package 'rover_base' build argument 'cmake_clean_first' from command line to 'False'
[0.503s] Level 5:colcon.colcon_core.verb:set package 'rover_base' build argument 'cmake_force_configure' from command line to 'False'
[0.503s] Level 5:colcon.colcon_core.verb:set package 'rover_base' build argument 'ament_cmake_args' from command line to 'None'
[0.503s] Level 5:colcon.colcon_core.verb:set package 'rover_base' build argument 'catkin_cmake_args' from command line to 'None'
[0.503s] Level 5:colcon.colcon_core.verb:set package 'rover_base' build argument 'catkin_skip_building_tests' from command line to 'False'
[0.503s] DEBUG:colcon.colcon_core.verb:Building package 'rover_base' with the following arguments: {'ament_cmake_args': None, 'build_base': '/home/mohanarangan-t-r/rover_ws/build/rover_base', 'catkin_cmake_args': None, 'catkin_skip_building_tests': False, 'cmake_args': None, 'cmake_clean_cache': False, 'cmake_clean_first': False, 'cmake_force_configure': False, 'cmake_target': None, 'cmake_target_skip_unavailable': False, 'install_base': '/home/mohanarangan-t-r/rover_ws/install/rover_base', 'merge_install': False, 'path': '/home/mohanarangan-t-r/rover_ws/src/rover_base', 'symlink_install': True, 'test_result_base': None}
[0.503s] Level 5:colcon.colcon_core.verb:set package 'rover_bringup' build argument 'cmake_args' from command line to 'None'
[0.503s] Level 5:colcon.colcon_core.verb:set package 'rover_bringup' build argument 'cmake_target' from command line to 'None'
[0.503s] Level 5:colcon.colcon_core.verb:set package 'rover_bringup' build argument 'cmake_target_skip_unavailable' from command line to 'False'
[0.504s] Level 5:colcon.colcon_core.verb:set package 'rover_bringup' build argument 'cmake_clean_cache' from command line to 'False'
[0.504s] Level 5:colcon.colcon_core.verb:set package 'rover_bringup' build argument 'cmake_clean_first' from command line to 'False'
[0.504s] Level 5:colcon.colcon_core.verb:set package 'rover_bringup' build argument 'cmake_force_configure' from command line to 'False'
[0.504s] Level 5:colcon.colcon_core.verb:set package 'rover_bringup' build argument 'ament_cmake_args' from command line to 'None'
[0.504s] Level 5:colcon.colcon_core.verb:set package 'rover_bringup' build argument 'catkin_cmake_args' from command line to 'None'
[0.504s] Level 5:colcon.colcon_core.verb:set package 'rover_bringup' build argument 'catkin_skip_building_tests' from command line to 'False'
[0.504s] DEBUG:colcon.colcon_core.verb:Building package 'rover_bringup' with the following arguments: {'ament_cmake_args': None, 'build_base': '/home/mohanarangan-t-r/rover_ws/build/rover_bringup', 'catkin_cmake_args': None, 'catkin_skip_building_tests': False, 'cmake_args': None, 'cmake_clean_cache': False, 'cmake_clean_first': False, 'cmake_force_configure': False, 'cmake_target': None, 'cmake_target_skip_unavailable': False, 'install_base': '/home/mohanarangan-t-r/rover_ws/install/rover_bringup', 'merge_install': False, 'path': '/home/mohanarangan-t-r/rover_ws/src/rover_bringup', 'symlink_install': True, 'test_result_base': None}
[0.504s] Level 5:colcon.colcon_core.verb:set package 'rover_description' build argument 'cmake_args' from command line to 'None'
[0.504s] Level 5:colcon.colcon_core.verb:set package 'rover_description' build argument 'cmake_target' from command line to 'None'
[0.504s] Level 5:colcon.colcon_core.verb:set package 'rover_description' build argument 'cmake_target_skip_unavailable' from command line to 'False'
[0.504s] Level 5:colcon.colcon_core.verb:set package 'rover_description' build argument 'cmake_clean_cache' from command line to 'False'
[0.504s] Level 5:colcon.colcon_core.verb:set package 'rover_description' build argument 'cmake_clean_first' from command line to 'False'
[0.504s] Level 5:colcon.colcon_core.verb:set package 'rover_description' build argument 'cmake_force_configure' from command line to 'False'
[0.504s] Level 5:colcon.colcon_core.verb:set package 'rover_description' build argument 'ament_cmake_args' from command line to 'None'
[0.504s] Level 5:colcon.colcon_core.verb:set package 'rover_description' build argument 'catkin_cmake_args' from command line to 'None'
[0.504s] Level 5:colcon.colcon_core.verb:set package 'rover_description' build argument 'catkin_skip_building_tests' from command line to 'False'
[0.505s] DEBUG:colcon.colcon_core.verb:Building package 'rover_description' with the following arguments: {'ament_cmake_args': None, 'build_base': '/home/mohanarangan-t-r/rover_ws/build/rover_description', 'catkin_cmake_args': None, 'catkin_skip_building_tests': False, 'cmake_args': None, 'cmake_clean_cache': False, 'cmake_clean_first': False, 'cmake_force_configure': False, 'cmake_target': None, 'cmake_target_skip_unavailable': False, 'install_base': '/home/mohanarangan-t-r/rover_ws/install/rover_description', 'merge_install': False, 'path': '/home/mohanarangan-t-r/rover_ws/src/rover_description', 'symlink_install': True, 'test_result_base': None}
[0.505s] Level 5:colcon.colcon_core.verb:set package 'rover_gz_sim' build argument 'cmake_args' from command line to 'None'
[0.505s] Level 5:colcon.colcon_core.verb:set package 'rover_gz_sim' build argument 'cmake_target' from command line to 'None'
[0.505s] Level 5:colcon.colcon_core.verb:set package 'rover_gz_sim' build argument 'cmake_target_skip_unavailable' from command line to 'False'
[0.505s] Level 5:colcon.colcon_core.verb:set package 'rover_gz_sim' build argument 'cmake_clean_cache' from command line to 'False'
[0.505s] Level 5:colcon.colcon_core.verb:set package 'rover_gz_sim' build argument 'cmake_clean_first' from command line to 'False'
[0.505s] Level 5:colcon.colcon_core.verb:set package 'rover_gz_sim' build argument 'cmake_force_configure' from command line to 'False'
[0.505s] Level 5:colcon.colcon_core.verb:set package 'rover_gz_sim' build argument 'ament_cmake_args' from command line to 'None'
[0.505s] Level 5:colcon.colcon_core.verb:set package 'rover_gz_sim' build argument 'catkin_cmake_args' from command line to 'None'
[0.505s] Level 5:colcon.colcon_core.verb:set package 'rover_gz_sim' build argument 'catkin_skip_building_tests' from command line to 'False'
[0.505s] DEBUG:colcon.colcon_core.verb:Building package 'rover_gz_sim' with the following arguments: {'ament_cmake_args': None, 'build_base': '/home/mohanarangan-t-r/rover_ws/build/rover_gz_sim', 'catkin_cmake_args': None, 'catkin_skip_building_tests': False, 'cmake_args': None, 'cmake_clean_cache': False, 'cmake_clean_first': False, 'cmake_force_configure': False, 'cmake_target': None, 'cmake_target_skip_unavailable': False, 'install_base': '/home/mohanarangan-t-r/rover_ws/install/rover_gz_sim', 'merge_install': False, 'path': '/home/mohanarangan-t-r/rover_ws/src/rover_gz_sim', 'symlink_install': True, 'test_result_base': None}
[0.505s] INFO:colcon.colcon_core.executor:Executing jobs using 'parallel' executor
[0.508s] DEBUG:colcon.colcon_parallel_executor.executor.parallel:run_until_complete
[0.508s] INFO:colcon.colcon_ros.task.ament_cmake.build:Building ROS package in '/home/mohanarangan-t-r/rover_ws/src/rover_base' with build type 'ament_cmake'
[0.508s] INFO:colcon.colcon_cmake.task.cmake.build:Building CMake package in '/home/mohanarangan-t-r/rover_ws/src/rover_base'
[0.512s] INFO:colcon.colcon_core.plugin_system:Skipping extension 'colcon_core.shell.bat': Not used on non-Windows systems
[0.513s] INFO:colcon.colcon_core.shell:Skip shell extension 'powershell' for command environment: Not usable outside of PowerShell
[0.513s] DEBUG:colcon.colcon_core.shell:Skip shell extension 'dsv' for command environment
[0.523s] INFO:colcon.colcon_ros.task.ament_cmake.build:Building ROS package in '/home/mohanarangan-t-r/rover_ws/src/rover_bringup' with build type 'ament_cmake'
[0.524s] INFO:colcon.colcon_cmake.task.cmake.build:Building CMake package in '/home/mohanarangan-t-r/rover_ws/src/rover_bringup'
[0.524s] INFO:colcon.colcon_core.shell:Skip shell extension 'powershell' for command environment: Not usable outside of PowerShell
[0.524s] DEBUG:colcon.colcon_core.shell:Skip shell extension 'dsv' for command environment
[0.534s] INFO:colcon.colcon_ros.task.ament_cmake.build:Building ROS package in '/home/mohanarangan-t-r/rover_ws/src/rover_description' with build type 'ament_cmake'
[0.534s] INFO:colcon.colcon_cmake.task.cmake.build:Building CMake package in '/home/mohanarangan-t-r/rover_ws/src/rover_description'
[0.535s] INFO:colcon.colcon_core.shell:Skip shell extension 'powershell' for command environment: Not usable outside of PowerShell
[0.535s] DEBUG:colcon.colcon_core.shell:Skip shell extension 'dsv' for command environment
[0.544s] INFO:colcon.colcon_ros.task.ament_cmake.build:Building ROS package in '/home/mohanarangan-t-r/rover_ws/src/rover_gz_sim' with build type 'ament_cmake'
[0.544s] INFO:colcon.colcon_cmake.task.cmake.build:Building CMake package in '/home/mohanarangan-t-r/rover_ws/src/rover_gz_sim'
[0.544s] INFO:colcon.colcon_core.shell:Skip shell extension 'powershell' for command environment: Not usable outside of PowerShell
[0.545s] DEBUG:colcon.colcon_core.shell:Skip shell extension 'dsv' for command environment
[0.563s] DEBUG:colcon.colcon_core.event_handler.log_command:Invoking command in '/home/mohanarangan-t-r/rover_ws/build/rover_base': CMAKE_PREFIX_PATH=${CMAKE_PREFIX_PATH}:/opt/ros/jazzy DEBUGINFOD_URLS=https://debuginfod.ubuntu.com /usr/bin/cmake --build /home/mohanarangan-t-r/rover_ws/build/rover_base -- -j16 -l16
[0.569s] DEBUG:colcon.colcon_core.event_handler.log_command:Invoking command in '/home/mohanarangan-t-r/rover_ws/build/rover_bringup': CMAKE_PREFIX_PATH=${CMAKE_PREFIX_PATH}:/opt/ros/jazzy DEBUGINFOD_URLS=https://debuginfod.ubuntu.com /usr/bin/cmake --build /home/mohanarangan-t-r/rover_ws/build/rover_bringup -- -j16 -l16
[0.573s] DEBUG:colcon.colcon_core.event_handler.log_command:Invoking command in '/home/mohanarangan-t-r/rover_ws/build/rover_description': CMAKE_PREFIX_PATH=${CMAKE_PREFIX_PATH}:/opt/ros/jazzy DEBUGINFOD_URLS=https://debuginfod.ubuntu.com /usr/bin/cmake --build /home/mohanarangan-t-r/rover_ws/build/rover_description -- -j16 -l16
[0.578s] DEBUG:colcon.colcon_core.event_handler.log_command:Invoking command in '/home/mohanarangan-t-r/rover_ws/build/rover_gz_sim': CMAKE_PREFIX_PATH=${CMAKE_PREFIX_PATH}:/opt/ros/jazzy DEBUGINFOD_URLS=https://debuginfod.ubuntu.com /usr/bin/cmake --build /home/mohanarangan-t-r/rover_ws/build/rover_gz_sim -- -j16 -l16
[0.679s] DEBUG:colcon.colcon_core.event_handler.log_command:Invoked command in '/home/mohanarangan-t-r/rover_ws/build/rover_bringup' returned '0': CMAKE_PREFIX_PATH=${CMAKE_PREFIX_PATH}:/opt/ros/jazzy DEBUGINFOD_URLS=https://debuginfod.ubuntu.com /usr/bin/cmake --build /home/mohanarangan-t-r/rover_ws/build/rover_bringup -- -j16 -l16
[0.705s] DEBUG:colcon.colcon_core.event_handler.log_command:Invoking command in '/home/mohanarangan-t-r/rover_ws/build/rover_bringup': CMAKE_PREFIX_PATH=${CMAKE_PREFIX_PATH}:/opt/ros/jazzy DEBUGINFOD_URLS=https://debuginfod.ubuntu.com /usr/bin/cmake --install /home/mohanarangan-t-r/rover_ws/build/rover_bringup
[0.706s] DEBUG:colcon.colcon_core.event_handler.log_command:Invoked command in '/home/mohanarangan-t-r/rover_ws/build/rover_description' returned '0': CMAKE_PREFIX_PATH=${CMAKE_PREFIX_PATH}:/opt/ros/jazzy DEBUGINFOD_URLS=https://debuginfod.ubuntu.com /usr/bin/cmake --build /home/mohanarangan-t-r/rover_ws/build/rover_description -- -j16 -l16
[0.709s] DEBUG:colcon.colcon_core.event_handler.log_command:Invoking command in '/home/mohanarangan-t-r/rover_ws/build/rover_description': CMAKE_PREFIX_PATH=${CMAKE_PREFIX_PATH}:/opt/ros/jazzy DEBUGINFOD_URLS=https://debuginfod.ubuntu.com /usr/bin/cmake --install /home/mohanarangan-t-r/rover_ws/build/rover_description
[0.711s] DEBUG:colcon.colcon_core.event_handler.log_command:Invoked command in '/home/mohanarangan-t-r/rover_ws/build/rover_base' returned '0': CMAKE_PREFIX_PATH=${CMAKE_PREFIX_PATH}:/opt/ros/jazzy DEBUGINFOD_URLS=https://debuginfod.ubuntu.com /usr/bin/cmake --build /home/mohanarangan-t-r/rover_ws/build/rover_base -- -j16 -l16
[0.713s] DEBUG:colcon.colcon_core.event_handler.log_command:Invoking command in '/home/mohanarangan-t-r/rover_ws/build/rover_base': CMAKE_PREFIX_PATH=${CMAKE_PREFIX_PATH}:/opt/ros/jazzy DEBUGINFOD_URLS=https://debuginfod.ubuntu.com /usr/bin/cmake --install /home/mohanarangan-t-r/rover_ws/build/rover_base
[0.716s] DEBUG:colcon.colcon_core.event_handler.log_command:Invoked command in '/home/mohanarangan-t-r/rover_ws/build/rover_gz_sim' returned '0': CMAKE_PREFIX_PATH=${CMAKE_PREFIX_PATH}:/opt/ros/jazzy DEBUGINFOD_URLS=https://debuginfod.ubuntu.com /usr/bin/cmake --build /home/mohanarangan-t-r/rover_ws/build/rover_gz_sim -- -j16 -l16
[0.717s] DEBUG:colcon.colcon_core.event_handler.log_command:Invoking command in '/home/mohanarangan-t-r/rover_ws/build/rover_gz_sim': CMAKE_PREFIX_PATH=${CMAKE_PREFIX_PATH}:/opt/ros/jazzy DEBUGINFOD_URLS=https://debuginfod.ubuntu.com /usr/bin/cmake --install /home/mohanarangan-t-r/rover_ws/build/rover_gz_sim
[0.762s] Level 1:colcon.colcon_core.environment:create_environment_scripts_only(rover_description)
[0.763s] DEBUG:colcon.colcon_core.event_handler.log_command:Invoked command in '/home/mohanarangan-t-r/rover_ws/build/rover_description' returned '0': CMAKE_PREFIX_PATH=${CMAKE_PREFIX_PATH}:/opt/ros/jazzy DEBUGINFOD_URLS=https://debuginfod.ubuntu.com /usr/bin/cmake --install /home/mohanarangan-t-r/rover_ws/build/rover_description
[0.767s] Level 1:colcon.colcon_core.environment:checking '/home/mohanarangan-t-r/rover_ws/install/rover_description' for CMake module files
[0.770s] Level 1:colcon.colcon_core.environment:checking '/home/mohanarangan-t-r/rover_ws/install/rover_description' for CMake config files
[0.771s] Level 1:colcon.colcon_core.shell:create_environment_hook('rover_description', 'cmake_prefix_path')
[0.771s] INFO:colcon.colcon_core.shell:Creating environment hook '/home/mohanarangan-t-r/rover_ws/install/rover_description/share/rover_description/hook/cmake_prefix_path.ps1'
[0.772s] INFO:colcon.colcon_core.shell:Creating environment descriptor '/home/mohanarangan-t-r/rover_ws/install/rover_description/share/rover_description/hook/cmake_prefix_path.dsv'
[0.773s] INFO:colcon.colcon_core.shell:Creating environment hook '/home/mohanarangan-t-r/rover_ws/install/rover_description/share/rover_description/hook/cmake_prefix_path.sh'
[0.774s] Level 1:colcon.colcon_core.environment:checking '/home/mohanarangan-t-r/rover_ws/install/rover_description/bin'
[0.774s] Level 1:colcon.colcon_core.environment:checking '/home/mohanarangan-t-r/rover_ws/install/rover_description/lib/pkgconfig/rover_description.pc'
[0.775s] Level 1:colcon.colcon_core.environment:checking '/home/mohanarangan-t-r/rover_ws/install/rover_description/lib/python3.12/site-packages'
[0.776s] Level 1:colcon.colcon_core.environment:checking '/home/mohanarangan-t-r/rover_ws/install/rover_description/bin'
[0.776s] INFO:colcon.colcon_core.shell:Creating package script '/home/mohanarangan-t-r/rover_ws/install/rover_description/share/rover_description/package.ps1'
[0.777s] INFO:colcon.colcon_core.shell:Creating package descriptor '/home/mohanarangan-t-r/rover_ws/install/rover_description/share/rover_description/package.dsv'
[0.778s] INFO:colcon.colcon_core.shell:Creating package script '/home/mohanarangan-t-r/rover_ws/install/rover_description/share/rover_description/package.sh'
[0.780s] INFO:colcon.colcon_core.shell:Creating package script '/home/mohanarangan-t-r/rover_ws/install/rover_description/share/rover_description/package.bash'
[0.781s] INFO:colcon.colcon_core.shell:Creating package script '/home/mohanarangan-t-r/rover_ws/install/rover_description/share/rover_description/package.zsh'
[0.782s] Level 1:colcon.colcon_core.environment:create_file_with_runtime_dependencies(/home/mohanarangan-t-r/rover_ws/install/rover_description/share/colcon-core/packages/rover_description)
[0.783s] Level 1:colcon.colcon_core.environment:create_environment_scripts_only(rover_description)
[0.784s] Level 1:colcon.colcon_core.environment:checking '/home/mohanarangan-t-r/rover_ws/install/rover_description' for CMake module files
[0.785s] Level 1:colcon.colcon_core.environment:checking '/home/mohanarangan-t-r/rover_ws/install/rover_description' for CMake config files
[0.785s] Level 1:colcon.colcon_core.shell:create_environment_hook('rover_description', 'cmake_prefix_path')
[0.786s] INFO:colcon.colcon_core.shell:Creating environment hook '/home/mohanarangan-t-r/rover_ws/install/rover_description/share/rover_description/hook/cmake_prefix_path.ps1'
[0.787s] INFO:colcon.colcon_core.shell:Creating environment descriptor '/home/mohanarangan-t-r/rover_ws/install/rover_description/share/rover_description/hook/cmake_prefix_path.dsv'
[0.787s] INFO:colcon.colcon_core.shell:Creating environment hook '/home/mohanarangan-t-r/rover_ws/install/rover_description/share/rover_description/hook/cmake_prefix_path.sh'
[0.788s] Level 1:colcon.colcon_core.environment:checking '/home/mohanarangan-t-r/rover_ws/install/rover_description/bin'
[0.789s] Level 1:colcon.colcon_core.environment:checking '/home/mohanarangan-t-r/rover_ws/install/rover_description/lib/pkgconfig/rover_description.pc'
[0.789s] Level 1:colcon.colcon_core.environment:checking '/home/mohanarangan-t-r/rover_ws/install/rover_description/lib/python3.12/site-packages'
[0.790s] Level 1:colcon.colcon_core.environment:checking '/home/mohanarangan-t-r/rover_ws/install/rover_description/bin'
[0.790s] INFO:colcon.colcon_core.shell:Creating package script '/home/mohanarangan-t-r/rover_ws/install/rover_description/share/rover_description/package.ps1'
[0.791s] INFO:colcon.colcon_core.shell:Creating package descriptor '/home/mohanarangan-t-r/rover_ws/install/rover_description/share/rover_description/package.dsv'
[0.792s] INFO:colcon.colcon_core.shell:Creating package script '/home/mohanarangan-t-r/rover_ws/install/rover_description/share/rover_description/package.sh'
[0.793s] INFO:colcon.colcon_core.shell:Creating package script '/home/mohanarangan-t-r/rover_ws/install/rover_description/share/rover_description/package.bash'
[0.794s] INFO:colcon.colcon_core.shell:Creating package script '/home/mohanarangan-t-r/rover_ws/install/rover_description/share/rover_description/package.zsh'
[0.795s] Level 1:colcon.colcon_core.environment:create_file_with_runtime_dependencies(/home/mohanarangan-t-r/rover_ws/install/rover_description/share/colcon-core/packages/rover_description)
[0.799s] Level 1:colcon.colcon_core.environment:create_environment_scripts_only(rover_base)
[0.799s] Level 1:colcon.colcon_core.environment:checking '/home/mohanarangan-t-r/rover_ws/install/rover_base' for CMake module files
[0.800s] DEBUG:colcon.colcon_core.event_handler.log_command:Invoked command in '/home/mohanarangan-t-r/rover_ws/build/rover_base' returned '0': CMAKE_PREFIX_PATH=${CMAKE_PREFIX_PATH}:/opt/ros/jazzy DEBUGINFOD_URLS=https://debuginfod.ubuntu.com /usr/bin/cmake --install /home/mohanarangan-t-r/rover_ws/build/rover_base
[0.801s] Level 1:colcon.colcon_core.environment:checking '/home/mohanarangan-t-r/rover_ws/install/rover_base' for CMake config files
[0.803s] Level 1:colcon.colcon_core.shell:create_environment_hook('rover_base', 'cmake_prefix_path')
[0.803s] INFO:colcon.colcon_core.shell:Creating environment hook '/home/mohanarangan-t-r/rover_ws/install/rover_base/share/rover_base/hook/cmake_prefix_path.ps1'
[0.804s] INFO:colcon.colcon_core.shell:Creating environment descriptor '/home/mohanarangan-t-r/rover_ws/install/rover_base/share/rover_base/hook/cmake_prefix_path.dsv'
[0.804s] INFO:colcon.colcon_core.shell:Creating environment hook '/home/mohanarangan-t-r/rover_ws/install/rover_base/share/rover_base/hook/cmake_prefix_path.sh'
[0.805s] Level 1:colcon.colcon_core.environment:checking '/home/mohanarangan-t-r/rover_ws/install/rover_base/bin'
[0.805s] Level 1:colcon.colcon_core.environment:checking '/home/mohanarangan-t-r/rover_ws/install/rover_base/lib/pkgconfig/rover_base.pc'
[0.806s] Level 1:colcon.colcon_core.environment:checking '/home/mohanarangan-t-r/rover_ws/install/rover_base/lib/python3.12/site-packages'
[0.806s] Level 1:colcon.colcon_core.environment:checking '/home/mohanarangan-t-r/rover_ws/install/rover_base/bin'
[0.806s] INFO:colcon.colcon_core.shell:Creating package script '/home/mohanarangan-t-r/rover_ws/install/rover_base/share/rover_base/package.ps1'
[0.807s] INFO:colcon.colcon_core.shell:Creating package descriptor '/home/mohanarangan-t-r/rover_ws/install/rover_base/share/rover_base/package.dsv'
[0.807s] INFO:colcon.colcon_core.shell:Creating package script '/home/mohanarangan-t-r/rover_ws/install/rover_base/share/rover_base/package.sh'
[0.808s] INFO:colcon.colcon_core.shell:Creating package script '/home/mohanarangan-t-r/rover_ws/install/rover_base/share/rover_base/package.bash'
[0.809s] INFO:colcon.colcon_core.shell:Creating package script '/home/mohanarangan-t-r/rover_ws/install/rover_base/share/rover_base/package.zsh'
[0.810s] Level 1:colcon.colcon_core.environment:create_file_with_runtime_dependencies(/home/mohanarangan-t-r/rover_ws/install/rover_base/share/colcon-core/packages/rover_base)
[0.811s] Level 1:colcon.colcon_core.environment:create_environment_scripts_only(rover_base)
[0.811s] Level 1:colcon.colcon_core.environment:checking '/home/mohanarangan-t-r/rover_ws/install/rover_base' for CMake module files
[0.812s] Level 1:colcon.colcon_core.environment:checking '/home/mohanarangan-t-r/rover_ws/install/rover_base' for CMake config files
[0.812s] Level 1:colcon.colcon_core.shell:create_environment_hook('rover_base', 'cmake_prefix_path')
[0.813s] INFO:colcon.colcon_core.shell:Creating environment hook '/home/mohanarangan-t-r/rover_ws/install/rover_base/share/rover_base/hook/cmake_prefix_path.ps1'
[0.814s] INFO:colcon.colcon_core.shell:Creating environment descriptor '/home/mohanarangan-t-r/rover_ws/install/rover_base/share/rover_base/hook/cmake_prefix_path.dsv'
[0.815s] INFO:colcon.colcon_core.shell:Creating environment hook '/home/mohanarangan-t-r/rover_ws/install/rover_base/share/rover_base/hook/cmake_prefix_path.sh'
[0.816s] Level 1:colcon.colcon_core.environment:checking '/home/mohanarangan-t-r/rover_ws/install/rover_base/bin'
[0.816s] Level 1:colcon.colcon_core.environment:checking '/home/mohanarangan-t-r/rover_ws/install/rover_base/lib/pkgconfig/rover_base.pc'
[0.817s] Level 1:colcon.colcon_core.environment:checking '/home/mohanarangan-t-r/rover_ws/install/rover_base/lib/python3.12/site-packages'
[0.817s] Level 1:colcon.colcon_core.environment:checking '/home/mohanarangan-t-r/rover_ws/install/rover_base/bin'
[0.818s] INFO:colcon.colcon_core.shell:Creating package script '/home/mohanarangan-t-r/rover_ws/install/rover_base/share/rover_base/package.ps1'
[0.819s] INFO:colcon.colcon_core.shell:Creating package descriptor '/home/mohanarangan-t-r/rover_ws/install/rover_base/share/rover_base/package.dsv'
[0.820s] INFO:colcon.colcon_core.shell:Creating package script '/home/mohanarangan-t-r/rover_ws/install/rover_base/share/rover_base/package.sh'
[0.821s] INFO:colcon.colcon_core.shell:Creating package script '/home/mohanarangan-t-r/rover_ws/install/rover_base/share/rover_base/package.bash'
[0.822s] INFO:colcon.colcon_core.shell:Creating package script '/home/mohanarangan-t-r/rover_ws/install/rover_base/share/rover_base/package.zsh'
[0.823s] Level 1:colcon.colcon_core.environment:create_file_with_runtime_dependencies(/home/mohanarangan-t-r/rover_ws/install/rover_base/share/colcon-core/packages/rover_base)
[0.823s] Level 1:colcon.colcon_core.environment:create_environment_scripts_only(rover_gz_sim)
[0.823s] Level 1:colcon.colcon_core.environment:checking '/home/mohanarangan-t-r/rover_ws/install/rover_gz_sim' for CMake module files
[0.826s] DEBUG:colcon.colcon_core.event_handler.log_command:Invoked command in '/home/mohanarangan-t-r/rover_ws/build/rover_gz_sim' returned '0': CMAKE_PREFIX_PATH=${CMAKE_PREFIX_PATH}:/opt/ros/jazzy DEBUGINFOD_URLS=https://debuginfod.ubuntu.com /usr/bin/cmake --install /home/mohanarangan-t-r/rover_ws/build/rover_gz_sim
[0.826s] Level 1:colcon.colcon_core.environment:checking '/home/mohanarangan-t-r/rover_ws/install/rover_gz_sim' for CMake config files
[0.827s] Level 1:colcon.colcon_core.shell:create_environment_hook('rover_gz_sim', 'cmake_prefix_path')
[0.827s] INFO:colcon.colcon_core.shell:Creating environment hook '/home/mohanarangan-t-r/rover_ws/install/rover_gz_sim/share/rover_gz_sim/hook/cmake_prefix_path.ps1'
[0.828s] INFO:colcon.colcon_core.shell:Creating environment descriptor '/home/mohanarangan-t-r/rover_ws/install/rover_gz_sim/share/rover_gz_sim/hook/cmake_prefix_path.dsv'
[0.829s] INFO:colcon.colcon_core.shell:Creating environment hook '/home/mohanarangan-t-r/rover_ws/install/rover_gz_sim/share/rover_gz_sim/hook/cmake_prefix_path.sh'
[0.830s] Level 1:colcon.colcon_core.environment:checking '/home/mohanarangan-t-r/rover_ws/install/rover_gz_sim/bin'
[0.830s] Level 1:colcon.colcon_core.environment:checking '/home/mohanarangan-t-r/rover_ws/install/rover_gz_sim/lib/pkgconfig/rover_gz_sim.pc'
[0.831s] Level 1:colcon.colcon_core.environment:checking '/home/mohanarangan-t-r/rover_ws/install/rover_gz_sim/lib/python3.12/site-packages'
[0.832s] Level 1:colcon.colcon_core.environment:checking '/home/mohanarangan-t-r/rover_ws/install/rover_gz_sim/bin'
[0.832s] INFO:colcon.colcon_core.shell:Creating package script '/home/mohanarangan-t-r/rover_ws/install/rover_gz_sim/share/rover_gz_sim/package.ps1'
[0.834s] INFO:colcon.colcon_core.shell:Creating package descriptor '/home/mohanarangan-t-r/rover_ws/install/rover_gz_sim/share/rover_gz_sim/package.dsv'
[0.835s] INFO:colcon.colcon_core.shell:Creating package script '/home/mohanarangan-t-r/rover_ws/install/rover_gz_sim/share/rover_gz_sim/package.sh'
[0.836s] INFO:colcon.colcon_core.shell:Creating package script '/home/mohanarangan-t-r/rover_ws/install/rover_gz_sim/share/rover_gz_sim/package.bash'
[0.836s] INFO:colcon.colcon_core.shell:Creating package script '/home/mohanarangan-t-r/rover_ws/install/rover_gz_sim/share/rover_gz_sim/package.zsh'
[0.837s] Level 1:colcon.colcon_core.environment:create_file_with_runtime_dependencies(/home/mohanarangan-t-r/rover_ws/install/rover_gz_sim/share/colcon-core/packages/rover_gz_sim)
[0.838s] Level 1:colcon.colcon_core.environment:create_environment_scripts_only(rover_gz_sim)
[0.838s] Level 1:colcon.colcon_core.environment:checking '/home/mohanarangan-t-r/rover_ws/install/rover_gz_sim' for CMake module files
[0.838s] Level 1:colcon.colcon_core.environment:checking '/home/mohanarangan-t-r/rover_ws/install/rover_gz_sim' for CMake config files
[0.839s] Level 1:colcon.colcon_core.shell:create_environment_hook('rover_gz_sim', 'cmake_prefix_path')
[0.839s] INFO:colcon.colcon_core.shell:Creating environment hook '/home/mohanarangan-t-r/rover_ws/install/rover_gz_sim/share/rover_gz_sim/hook/cmake_prefix_path.ps1'
[0.840s] INFO:colcon.colcon_core.shell:Creating environment descriptor '/home/mohanarangan-t-r/rover_ws/install/rover_gz_sim/share/rover_gz_sim/hook/cmake_prefix_path.dsv'
[0.840s] INFO:colcon.colcon_core.shell:Creating environment hook '/home/mohanarangan-t-r/rover_ws/install/rover_gz_sim/share/rover_gz_sim/hook/cmake_prefix_path.sh'
[0.841s] Level 1:colcon.colcon_core.environment:checking '/home/mohanarangan-t-r/rover_ws/install/rover_gz_sim/bin'
[0.841s] Level 1:colcon.colcon_core.environment:checking '/home/mohanarangan-t-r/rover_ws/install/rover_gz_sim/lib/pkgconfig/rover_gz_sim.pc'
[0.841s] Level 1:colcon.colcon_core.environment:checking '/home/mohanarangan-t-r/rover_ws/install/rover_gz_sim/lib/python3.12/site-packages'
[0.842s] Level 1:colcon.colcon_core.environment:checking '/home/mohanarangan-t-r/rover_ws/install/rover_gz_sim/bin'
[0.842s] INFO:colcon.colcon_core.shell:Creating package script '/home/mohanarangan-t-r/rover_ws/install/rover_gz_sim/share/rover_gz_sim/package.ps1'
[0.843s] INFO:colcon.colcon_core.shell:Creating package descriptor '/home/mohanarangan-t-r/rover_ws/install/rover_gz_sim/share/rover_gz_sim/package.dsv'
[0.843s] INFO:colcon.colcon_core.shell:Creating package script '/home/mohanarangan-t-r/rover_ws/install/rover_gz_sim/share/rover_gz_sim/package.sh'
[0.844s] INFO:colcon.colcon_core.shell:Creating package script '/home/mohanarangan-t-r/rover_ws/install/rover_gz_sim/share/rover_gz_sim/package.bash'
[0.844s] INFO:colcon.colcon_core.shell:Creating package script '/home/mohanarangan-t-r/rover_ws/install/rover_gz_sim/share/rover_gz_sim/package.zsh'
[0.845s] Level 1:colcon.colcon_core.environment:create_file_with_runtime_dependencies(/home/mohanarangan-t-r/rover_ws/install/rover_gz_sim/share/colcon-core/packages/rover_gz_sim)
[0.845s] Level 1:colcon.colcon_core.environment:create_environment_scripts_only(rover_bringup)
[0.846s] Level 1:colcon.colcon_core.environment:checking '/home/mohanarangan-t-r/rover_ws/install/rover_bringup' for CMake module files
[0.848s] DEBUG:colcon.colcon_core.event_handler.log_command:Invoked command in '/home/mohanarangan-t-r/rover_ws/build/rover_bringup' returned '0': CMAKE_PREFIX_PATH=${CMAKE_PREFIX_PATH}:/opt/ros/jazzy DEBUGINFOD_URLS=https://debuginfod.ubuntu.com /usr/bin/cmake --install /home/mohanarangan-t-r/rover_ws/build/rover_bringup
[0.848s] Level 1:colcon.colcon_core.environment:checking '/home/mohanarangan-t-r/rover_ws/install/rover_bringup' for CMake config files
[0.849s] Level 1:colcon.colcon_core.shell:create_environment_hook('rover_bringup', 'cmake_prefix_path')
[0.850s] INFO:colcon.colcon_core.shell:Creating environment hook '/home/mohanarangan-t-r/rover_ws/install/rover_bringup/share/rover_bringup/hook/cmake_prefix_path.ps1'
[0.850s] INFO:colcon.colcon_core.shell:Creating environment descriptor '/home/mohanarangan-t-r/rover_ws/install/rover_bringup/share/rover_bringup/hook/cmake_prefix_path.dsv'
[0.851s] INFO:colcon.colcon_core.shell:Creating environment hook '/home/mohanarangan-t-r/rover_ws/install/rover_bringup/share/rover_bringup/hook/cmake_prefix_path.sh'
[0.852s] Level 1:colcon.colcon_core.environment:checking '/home/mohanarangan-t-r/rover_ws/install/rover_bringup/bin'
[0.852s] Level 1:colcon.colcon_core.environment:checking '/home/mohanarangan-t-r/rover_ws/install/rover_bringup/lib/pkgconfig/rover_bringup.pc'
[0.852s] Level 1:colcon.colcon_core.environment:checking '/home/mohanarangan-t-r/rover_ws/install/rover_bringup/lib/python3.12/site-packages'
[0.853s] Level 1:colcon.colcon_core.environment:checking '/home/mohanarangan-t-r/rover_ws/install/rover_bringup/bin'
[0.853s] INFO:colcon.colcon_core.shell:Creating package script '/home/mohanarangan-t-r/rover_ws/install/rover_bringup/share/rover_bringup/package.ps1'
[0.854s] INFO:colcon.colcon_core.shell:Creating package descriptor '/home/mohanarangan-t-r/rover_ws/install/rover_bringup/share/rover_bringup/package.dsv'
[0.855s] INFO:colcon.colcon_core.shell:Creating package script '/home/mohanarangan-t-r/rover_ws/install/rover_bringup/share/rover_bringup/package.sh'
[0.856s] INFO:colcon.colcon_core.shell:Creating package script '/home/mohanarangan-t-r/rover_ws/install/rover_bringup/share/rover_bringup/package.bash'
[0.856s] INFO:colcon.colcon_core.shell:Creating package script '/home/mohanarangan-t-r/rover_ws/install/rover_bringup/share/rover_bringup/package.zsh'
[0.857s] Level 1:colcon.colcon_core.environment:create_file_with_runtime_dependencies(/home/mohanarangan-t-r/rover_ws/install/rover_bringup/share/colcon-core/packages/rover_bringup)
[0.857s] Level 1:colcon.colcon_core.environment:create_environment_scripts_only(rover_bringup)
[0.857s] Level 1:colcon.colcon_core.environment:checking '/home/mohanarangan-t-r/rover_ws/install/rover_bringup' for CMake module files
[0.858s] Level 1:colcon.colcon_core.environment:checking '/home/mohanarangan-t-r/rover_ws/install/rover_bringup' for CMake config files
[0.858s] Level 1:colcon.colcon_core.shell:create_environment_hook('rover_bringup', 'cmake_prefix_path')
[0.859s] INFO:colcon.colcon_core.shell:Creating environment hook '/home/mohanarangan-t-r/rover_ws/install/rover_bringup/share/rover_bringup/hook/cmake_prefix_path.ps1'
[0.859s] INFO:colcon.colcon_core.shell:Creating environment descriptor '/home/mohanarangan-t-r/rover_ws/install/rover_bringup/share/rover_bringup/hook/cmake_prefix_path.dsv'
[0.860s] INFO:colcon.colcon_core.shell:Creating environment hook '/home/mohanarangan-t-r/rover_ws/install/rover_bringup/share/rover_bringup/hook/cmake_prefix_path.sh'
[0.860s] Level 1:colcon.colcon_core.environment:checking '/home/mohanarangan-t-r/rover_ws/install/rover_bringup/bin'
[0.860s] Level 1:colcon.colcon_core.environment:checking '/home/mohanarangan-t-r/rover_ws/install/rover_bringup/lib/pkgconfig/rover_bringup.pc'
[0.861s] Level 1:colcon.colcon_core.environment:checking '/home/mohanarangan-t-r/rover_ws/install/rover_bringup/lib/python3.12/site-packages'
[0.861s] Level 1:colcon.colcon_core.environment:checking '/home/mohanarangan-t-r/rover_ws/install/rover_bringup/bin'
[0.861s] INFO:colcon.colcon_core.shell:Creating package script '/home/mohanarangan-t-r/rover_ws/install/rover_bringup/share/rover_bringup/package.ps1'
[0.862s] INFO:colcon.colcon_core.shell:Creating package descriptor '/home/mohanarangan-t-r/rover_ws/install/rover_bringup/share/rover_bringup/package.dsv'
[0.862s] INFO:colcon.colcon_core.shell:Creating package script '/home/mohanarangan-t-r/rover_ws/install/rover_bringup/share/rover_bringup/package.sh'
[0.863s] INFO:colcon.colcon_core.shell:Creating package script '/home/mohanarangan-t-r/rover_ws/install/rover_bringup/share/rover_bringup/package.bash'
[0.863s] INFO:colcon.colcon_core.shell:Creating package script '/home/mohanarangan-t-r/rover_ws/install/rover_bringup/share/rover_bringup/package.zsh'
[0.864s] Level 1:colcon.colcon_core.environment:create_file_with_runtime_dependencies(/home/mohanarangan-t-r/rover_ws/install/rover_bringup/share/colcon-core/packages/rover_bringup)
[0.865s] DEBUG:colcon.colcon_parallel_executor.executor.parallel:closing loop
[0.865s] DEBUG:colcon.colcon_parallel_executor.executor.parallel:loop closed
[0.865s] DEBUG:colcon.colcon_parallel_executor.executor.parallel:run_until_complete finished with '0'
[0.866s] DEBUG:colcon.colcon_core.event_reactor:joining thread
[0.876s] INFO:colcon.colcon_core.plugin_system:Skipping extension 'colcon_notification.desktop_notification.terminal_notifier': Not used on non-Darwin systems
[0.876s] INFO:colcon.colcon_core.plugin_system:Skipping extension 'colcon_notification.desktop_notification.win32': Not used on non-Windows systems
[0.876s] INFO:colcon.colcon_notification.desktop_notification:Sending desktop notification using 'notify2'
[0.908s] DEBUG:colcon.colcon_core.event_reactor:joined thread
[0.909s] INFO:colcon.colcon_core.shell:Creating prefix script '/home/mohanarangan-t-r/rover_ws/install/local_setup.ps1'
[0.911s] INFO:colcon.colcon_core.shell:Creating prefix util module '/home/mohanarangan-t-r/rover_ws/install/_local_setup_util_ps1.py'
[0.913s] INFO:colcon.colcon_core.shell:Creating prefix chain script '/home/mohanarangan-t-r/rover_ws/install/setup.ps1'
[0.917s] INFO:colcon.colcon_core.shell:Creating prefix script '/home/mohanarangan-t-r/rover_ws/install/local_setup.sh'
[0.918s] INFO:colcon.colcon_core.shell:Creating prefix util module '/home/mohanarangan-t-r/rover_ws/install/_local_setup_util_sh.py'
[0.920s] INFO:colcon.colcon_core.shell:Creating prefix chain script '/home/mohanarangan-t-r/rover_ws/install/setup.sh'
[0.922s] INFO:colcon.colcon_core.shell:Creating prefix script '/home/mohanarangan-t-r/rover_ws/install/local_setup.bash'
[0.923s] INFO:colcon.colcon_core.shell:Creating prefix chain script '/home/mohanarangan-t-r/rover_ws/install/setup.bash'
[0.927s] INFO:colcon.colcon_core.shell:Creating prefix script '/home/mohanarangan-t-r/rover_ws/install/local_setup.zsh'
[0.928s] INFO:colcon.colcon_core.shell:Creating prefix chain script '/home/mohanarangan-t-r/rover_ws/install/setup.zsh'
