[0.010s] Invoking command in '/home/mohanarangan-t-r/rover_ws/build/rover_description': CMAKE_PREFIX_PATH=${CMAKE_PREFIX_PATH}:/opt/ros/jazzy DEBUGINFOD_URLS=https://debuginfod.ubuntu.com /usr/bin/cmake /home/mohanarangan-t-r/rover_ws/src/rover_description -DAMENT_CMAKE_SYMLINK_INSTALL=1 -DCMAKE_INSTALL_PREFIX=/home/mohanarangan-t-r/rover_ws/install/rover_description
[0.081s] -- The C compiler identification is GNU 13.3.0
[0.150s] -- The CXX compiler identification is GNU 13.3.0
[0.167s] -- Detecting C compiler ABI info
[0.247s] -- Detecting C compiler ABI info - done
[0.253s] -- Check for working C compiler: /usr/bin/cc - skipped
[0.253s] -- Detecting C compile features
[0.253s] -- Detecting C compile features - done
[0.260s] -- Detecting CXX compiler ABI info
[0.345s] -- Detecting CXX compiler ABI info - done
[0.351s] -- Check for working CXX compiler: /usr/bin/c++ - skipped
[0.351s] -- Detecting CXX compile features
[0.351s] -- Detecting CXX compile features - done
[0.359s] -- Found ament_cmake: 2.5.4 (/opt/ros/jazzy/share/ament_cmake/cmake)
[0.482s] -- Found Python3: /usr/bin/python3 (found version "3.12.3") found components: Interpreter 
[0.544s] -- Override CMake install command with custom implementation using symlinks instead of copying resources
[0.599s] -- Found xacro: 2.1.1 (/opt/ros/jazzy/share/xacro/cmake)
[0.602s] -- Found ament_lint_auto: 0.17.3 (/opt/ros/jazzy/share/ament_lint_auto/cmake)
[0.696s] -- Added test 'lint_cmake' to check CMake code style
[0.697s] -- Added test 'xmllint' to check XML markup files
[0.699s] -- Configuring done (0.7s)
[0.702s] -- Generating done (0.0s)
[0.703s] -- Build files have been written to: /home/mohanarangan-t-r/rover_ws/build/rover_description
[0.712s] Invoked command in '/home/mohanarangan-t-r/rover_ws/build/rover_description' returned '0': CMAKE_PREFIX_PATH=${CMAKE_PREFIX_PATH}:/opt/ros/jazzy DEBUGINFOD_URLS=https://debuginfod.ubuntu.com /usr/bin/cmake /home/mohanarangan-t-r/rover_ws/src/rover_description -DAMENT_CMAKE_SYMLINK_INSTALL=1 -DCMAKE_INSTALL_PREFIX=/home/mohanarangan-t-r/rover_ws/install/rover_description
[0.713s] Invoking command in '/home/mohanarangan-t-r/rover_ws/build/rover_description': CMAKE_PREFIX_PATH=${CMAKE_PREFIX_PATH}:/opt/ros/jazzy DEBUGINFOD_URLS=https://debuginfod.ubuntu.com /usr/bin/cmake --build /home/mohanarangan-t-r/rover_ws/build/rover_description -- -j16 -l16
[0.756s] Invoked command in '/home/mohanarangan-t-r/rover_ws/build/rover_description' returned '0': CMAKE_PREFIX_PATH=${CMAKE_PREFIX_PATH}:/opt/ros/jazzy DEBUGINFOD_URLS=https://debuginfod.ubuntu.com /usr/bin/cmake --build /home/mohanarangan-t-r/rover_ws/build/rover_description -- -j16 -l16
[0.757s] Invoking command in '/home/mohanarangan-t-r/rover_ws/build/rover_description': CMAKE_PREFIX_PATH=${CMAKE_PREFIX_PATH}:/opt/ros/jazzy DEBUGINFOD_URLS=https://debuginfod.ubuntu.com /usr/bin/cmake --install /home/mohanarangan-t-r/rover_ws/build/rover_description
[0.763s] -- Install configuration: ""
[0.764s] -- Execute custom install script
[0.764s] -- Symlinking: /home/mohanarangan-t-r/rover_ws/install/rover_description/share/rover_description/urdf/robot.xacro
[0.773s] -- Symlinking: /home/mohanarangan-t-r/rover_ws/install/rover_description/share/ament_index/resource_index/package_run_dependencies/rover_description
[0.781s] -- Symlinking: /home/mohanarangan-t-r/rover_ws/install/rover_description/share/ament_index/resource_index/parent_prefix_path/rover_description
[0.790s] -- Symlinking: /home/mohanarangan-t-r/rover_ws/install/rover_description/share/rover_description/environment/ament_prefix_path.sh
[0.800s] -- Symlinking: /home/mohanarangan-t-r/rover_ws/install/rover_description/share/rover_description/environment/ament_prefix_path.dsv
[0.808s] -- Symlinking: /home/mohanarangan-t-r/rover_ws/install/rover_description/share/rover_description/environment/path.sh
[0.816s] -- Symlinking: /home/mohanarangan-t-r/rover_ws/install/rover_description/share/rover_description/environment/path.dsv
[0.825s] -- Symlinking: /home/mohanarangan-t-r/rover_ws/install/rover_description/share/rover_description/local_setup.bash
[0.833s] -- Symlinking: /home/mohanarangan-t-r/rover_ws/install/rover_description/share/rover_description/local_setup.sh
[0.842s] -- Symlinking: /home/mohanarangan-t-r/rover_ws/install/rover_description/share/rover_description/local_setup.zsh
[0.851s] -- Symlinking: /home/mohanarangan-t-r/rover_ws/install/rover_description/share/rover_description/local_setup.dsv
[0.860s] -- Symlinking: /home/mohanarangan-t-r/rover_ws/install/rover_description/share/rover_description/package.dsv
[0.868s] -- Symlinking: /home/mohanarangan-t-r/rover_ws/install/rover_description/share/ament_index/resource_index/packages/rover_description
[0.876s] -- Symlinking: /home/mohanarangan-t-r/rover_ws/install/rover_description/share/rover_description/cmake/rover_descriptionConfig.cmake
[0.884s] -- Symlinking: /home/mohanarangan-t-r/rover_ws/install/rover_description/share/rover_description/cmake/rover_descriptionConfig-version.cmake
[0.895s] -- Symlinking: /home/mohanarangan-t-r/rover_ws/install/rover_description/share/rover_description/package.xml
[0.920s] Invoked command in '/home/mohanarangan-t-r/rover_ws/build/rover_description' returned '0': CMAKE_PREFIX_PATH=${CMAKE_PREFIX_PATH}:/opt/ros/jazzy DEBUGINFOD_URLS=https://debuginfod.ubuntu.com /usr/bin/cmake --install /home/mohanarangan-t-r/rover_ws/build/rover_description
