[0.060s] DEBUG:colcon:Command line arguments: ['/usr/bin/colcon', 'build', '--symlink-install']
[0.060s] DEBUG:colcon:Parsed command line arguments: Namespace(log_base=None, log_level=None, verb_name='build', build_base='build', install_base='install', merge_install=False, symlink_install=True, test_result_base=None, continue_on_error=False, executor='parallel', parallel_workers=16, event_handlers=None, ignore_user_meta=False, metas=['./colcon.meta'], base_paths=['.'], packages_ignore=None, packages_ignore_regex=None, paths=None, packages_up_to=None, packages_up_to_regex=None, packages_above=None, packages_above_and_dependencies=None, packages_above_depth=None, packages_select_by_dep=None, packages_skip_by_dep=None, packages_skip_up_to=None, packages_select_build_failed=False, packages_skip_build_finished=False, packages_select_test_failures=False, packages_skip_test_passed=False, packages_select=None, packages_skip=None, packages_select_regex=None, packages_skip_regex=None, packages_start=None, packages_end=None, allow_overriding=[], cmake_args=None, cmake_target=None, cmake_target_skip_unavailable=False, cmake_clean_cache=False, cmake_clean_first=False, cmake_force_configure=False, ament_cmake_args=None, catkin_cmake_args=None, catkin_skip_building_tests=False, mixin_files=None, mixin=None, verb_parser=<colcon_mixin.mixin.mixin_argument.MixinArgumentDecorator object at 0x7fb1ead4d610>, verb_extension=<colcon_core.verb.build.BuildVerb object at 0x7fb1eaec12e0>, main=<bound method BuildVerb.main of <colcon_core.verb.build.BuildVerb object at 0x7fb1eaec12e0>>, mixin_verb=('build',))
[0.084s] Level 1:colcon.colcon_core.package_discovery:discover_packages(colcon_meta) check parameters
[0.084s] Level 1:colcon.colcon_core.package_discovery:discover_packages(recursive) check parameters
[0.084s] Level 1:colcon.colcon_core.package_discovery:discover_packages(ignore) check parameters
[0.084s] Level 1:colcon.colcon_core.package_discovery:discover_packages(path) check parameters
[0.084s] Level 1:colcon.colcon_core.package_discovery:discover_packages(colcon_meta) discover
[0.084s] Level 1:colcon.colcon_core.package_discovery:discover_packages(recursive) discover
[0.084s] INFO:colcon.colcon_core.package_discovery:Crawling recursively for packages in '/home/mohanarangan-t-r/rover_ws'
[0.085s] Level 1:colcon.colcon_core.package_identification:_identify(.) by extensions ['ignore', 'ignore_ament_install']
[0.085s] Level 1:colcon.colcon_core.package_identification:_identify(.) by extension 'ignore'
[0.085s] Level 1:colcon.colcon_core.package_identification:_identify(.) by extension 'ignore_ament_install'
[0.085s] Level 1:colcon.colcon_core.package_identification:_identify(.) by extensions ['colcon_pkg']
[0.085s] Level 1:colcon.colcon_core.package_identification:_identify(.) by extension 'colcon_pkg'
[0.085s] Level 1:colcon.colcon_core.package_identification:_identify(.) by extensions ['colcon_meta']
[0.085s] Level 1:colcon.colcon_core.package_identification:_identify(.) by extension 'colcon_meta'
[0.085s] Level 1:colcon.colcon_core.package_identification:_identify(.) by extensions ['ros']
[0.085s] Level 1:colcon.colcon_core.package_identification:_identify(.) by extension 'ros'
[0.100s] Level 1:colcon.colcon_core.package_identification:_identify(.) by extensions ['cmake', 'python']
[0.100s] Level 1:colcon.colcon_core.package_identification:_identify(.) by extension 'cmake'
[0.100s] Level 1:colcon.colcon_core.package_identification:_identify(.) by extension 'python'
[0.100s] Level 1:colcon.colcon_core.package_identification:_identify(.) by extensions ['python_setup_py']
[0.100s] Level 1:colcon.colcon_core.package_identification:_identify(.) by extension 'python_setup_py'
[0.100s] Level 1:colcon.colcon_core.package_identification:_identify(build) by extensions ['ignore', 'ignore_ament_install']
[0.100s] Level 1:colcon.colcon_core.package_identification:_identify(build) by extension 'ignore'
[0.101s] Level 1:colcon.colcon_core.package_identification:_identify(build) ignored
[0.101s] Level 1:colcon.colcon_core.package_identification:_identify(install) by extensions ['ignore', 'ignore_ament_install']
[0.101s] Level 1:colcon.colcon_core.package_identification:_identify(install) by extension 'ignore'
[0.101s] Level 1:colcon.colcon_core.package_identification:_identify(install) ignored
[0.101s] Level 1:colcon.colcon_core.package_identification:_identify(log) by extensions ['ignore', 'ignore_ament_install']
[0.101s] Level 1:colcon.colcon_core.package_identification:_identify(log) by extension 'ignore'
[0.101s] Level 1:colcon.colcon_core.package_identification:_identify(log) ignored
[0.101s] Level 1:colcon.colcon_core.package_identification:_identify(src) by extensions ['ignore', 'ignore_ament_install']
[0.101s] Level 1:colcon.colcon_core.package_identification:_identify(src) by extension 'ignore'
[0.101s] Level 1:colcon.colcon_core.package_identification:_identify(src) by extension 'ignore_ament_install'
[0.101s] Level 1:colcon.colcon_core.package_identification:_identify(src) by extensions ['colcon_pkg']
[0.101s] Level 1:colcon.colcon_core.package_identification:_identify(src) by extension 'colcon_pkg'
[0.101s] Level 1:colcon.colcon_core.package_identification:_identify(src) by extensions ['colcon_meta']
[0.101s] Level 1:colcon.colcon_core.package_identification:_identify(src) by extension 'colcon_meta'
[0.101s] Level 1:colcon.colcon_core.package_identification:_identify(src) by extensions ['ros']
[0.101s] Level 1:colcon.colcon_core.package_identification:_identify(src) by extension 'ros'
[0.101s] Level 1:colcon.colcon_core.package_identification:_identify(src) by extensions ['cmake', 'python']
[0.101s] Level 1:colcon.colcon_core.package_identification:_identify(src) by extension 'cmake'
[0.101s] Level 1:colcon.colcon_core.package_identification:_identify(src) by extension 'python'
[0.101s] Level 1:colcon.colcon_core.package_identification:_identify(src) by extensions ['python_setup_py']
[0.101s] Level 1:colcon.colcon_core.package_identification:_identify(src) by extension 'python_setup_py'
[0.101s] Level 1:colcon.colcon_core.package_identification:_identify(src/rover_base) by extensions ['ignore', 'ignore_ament_install']
[0.101s] Level 1:colcon.colcon_core.package_identification:_identify(src/rover_base) by extension 'ignore'
[0.101s] Level 1:colcon.colcon_core.package_identification:_identify(src/rover_base) by extension 'ignore_ament_install'
[0.101s] Level 1:colcon.colcon_core.package_identification:_identify(src/rover_base) by extensions ['colcon_pkg']
[0.101s] Level 1:colcon.colcon_core.package_identification:_identify(src/rover_base) by extension 'colcon_pkg'
[0.101s] Level 1:colcon.colcon_core.package_identification:_identify(src/rover_base) by extensions ['colcon_meta']
[0.101s] Level 1:colcon.colcon_core.package_identification:_identify(src/rover_base) by extension 'colcon_meta'
[0.101s] Level 1:colcon.colcon_core.package_identification:_identify(src/rover_base) by extensions ['ros']
[0.101s] Level 1:colcon.colcon_core.package_identification:_identify(src/rover_base) by extension 'ros'
[0.103s] DEBUG:colcon.colcon_core.package_identification:Package 'src/rover_base' with type 'ros.ament_cmake' and name 'rover_base'
[0.103s] Level 1:colcon.colcon_core.package_identification:_identify(src/rover_bringup) by extensions ['ignore', 'ignore_ament_install']
[0.103s] Level 1:colcon.colcon_core.package_identification:_identify(src/rover_bringup) by extension 'ignore'
[0.103s] Level 1:colcon.colcon_core.package_identification:_identify(src/rover_bringup) by extension 'ignore_ament_install'
[0.103s] Level 1:colcon.colcon_core.package_identification:_identify(src/rover_bringup) by extensions ['colcon_pkg']
[0.103s] Level 1:colcon.colcon_core.package_identification:_identify(src/rover_bringup) by extension 'colcon_pkg'
[0.103s] Level 1:colcon.colcon_core.package_identification:_identify(src/rover_bringup) by extensions ['colcon_meta']
[0.103s] Level 1:colcon.colcon_core.package_identification:_identify(src/rover_bringup) by extension 'colcon_meta'
[0.103s] Level 1:colcon.colcon_core.package_identification:_identify(src/rover_bringup) by extensions ['ros']
[0.103s] Level 1:colcon.colcon_core.package_identification:_identify(src/rover_bringup) by extension 'ros'
[0.103s] DEBUG:colcon.colcon_core.package_identification:Package 'src/rover_bringup' with type 'ros.ament_cmake' and name 'rover_bringup'
[0.103s] Level 1:colcon.colcon_core.package_identification:_identify(src/rover_description) by extensions ['ignore', 'ignore_ament_install']
[0.103s] Level 1:colcon.colcon_core.package_identification:_identify(src/rover_description) by extension 'ignore'
[0.103s] Level 1:colcon.colcon_core.package_identification:_identify(src/rover_description) by extension 'ignore_ament_install'
[0.103s] Level 1:colcon.colcon_core.package_identification:_identify(src/rover_description) by extensions ['colcon_pkg']
[0.103s] Level 1:colcon.colcon_core.package_identification:_identify(src/rover_description) by extension 'colcon_pkg'
[0.103s] Level 1:colcon.colcon_core.package_identification:_identify(src/rover_description) by extensions ['colcon_meta']
[0.103s] Level 1:colcon.colcon_core.package_identification:_identify(src/rover_description) by extension 'colcon_meta'
[0.103s] Level 1:colcon.colcon_core.package_identification:_identify(src/rover_description) by extensions ['ros']
[0.103s] Level 1:colcon.colcon_core.package_identification:_identify(src/rover_description) by extension 'ros'
[0.103s] DEBUG:colcon.colcon_core.package_identification:Package 'src/rover_description' with type 'ros.ament_cmake' and name 'rover_description'
[0.104s] Level 1:colcon.colcon_core.package_identification:_identify(src/rover_gz_sim) by extensions ['ignore', 'ignore_ament_install']
[0.104s] Level 1:colcon.colcon_core.package_identification:_identify(src/rover_gz_sim) by extension 'ignore'
[0.104s] Level 1:colcon.colcon_core.package_identification:_identify(src/rover_gz_sim) by extension 'ignore_ament_install'
[0.104s] Level 1:colcon.colcon_core.package_identification:_identify(src/rover_gz_sim) by extensions ['colcon_pkg']
[0.104s] Level 1:colcon.colcon_core.package_identification:_identify(src/rover_gz_sim) by extension 'colcon_pkg'
[0.104s] Level 1:colcon.colcon_core.package_identification:_identify(src/rover_gz_sim) by extensions ['colcon_meta']
[0.104s] Level 1:colcon.colcon_core.package_identification:_identify(src/rover_gz_sim) by extension 'colcon_meta'
[0.104s] Level 1:colcon.colcon_core.package_identification:_identify(src/rover_gz_sim) by extensions ['ros']
[0.104s] Level 1:colcon.colcon_core.package_identification:_identify(src/rover_gz_sim) by extension 'ros'
[0.104s] DEBUG:colcon.colcon_core.package_identification:Package 'src/rover_gz_sim' with type 'ros.ament_cmake' and name 'rover_gz_sim'
[0.104s] Level 1:colcon.colcon_core.package_discovery:discover_packages(recursive) using defaults
[0.104s] Level 1:colcon.colcon_core.package_discovery:discover_packages(ignore) discover
[0.104s] Level 1:colcon.colcon_core.package_discovery:discover_packages(ignore) using defaults
[0.104s] Level 1:colcon.colcon_core.package_discovery:discover_packages(path) discover
[0.104s] Level 1:colcon.colcon_core.package_discovery:discover_packages(path) using defaults
[0.114s] Level 1:colcon.colcon_core.package_discovery:discover_packages(prefix_path) check parameters
[0.114s] Level 1:colcon.colcon_core.package_discovery:discover_packages(prefix_path) discover
[0.115s] DEBUG:colcon.colcon_installed_package_information.package_discovery:Found 4 installed packages in /home/mohanarangan-t-r/rover_ws/install
[0.117s] DEBUG:colcon.colcon_installed_package_information.package_discovery:Found 423 installed packages in /opt/ros/jazzy
[0.118s] Level 1:colcon.colcon_core.package_discovery:discover_packages(prefix_path) using defaults
[0.147s] Level 5:colcon.colcon_core.verb:set package 'rover_base' build argument 'cmake_args' from command line to 'None'
[0.147s] Level 5:colcon.colcon_core.verb:set package 'rover_base' build argument 'cmake_target' from command line to 'None'
[0.147s] Level 5:colcon.colcon_core.verb:set package 'rover_base' build argument 'cmake_target_skip_unavailable' from command line to 'False'
[0.147s] Level 5:colcon.colcon_core.verb:set package 'rover_base' build argument 'cmake_clean_cache' from command line to 'False'
[0.147s] Level 5:colcon.colcon_core.verb:set package 'rover_base' build argument 'cmake_clean_first' from command line to 'False'
[0.147s] Level 5:colcon.colcon_core.verb:set package 'rover_base' build argument 'cmake_force_configure' from command line to 'False'
[0.147s] Level 5:colcon.colcon_core.verb:set package 'rover_base' build argument 'ament_cmake_args' from command line to 'None'
[0.147s] Level 5:colcon.colcon_core.verb:set package 'rover_base' build argument 'catkin_cmake_args' from command line to 'None'
[0.147s] Level 5:colcon.colcon_core.verb:set package 'rover_base' build argument 'catkin_skip_building_tests' from command line to 'False'
[0.147s] DEBUG:colcon.colcon_core.verb:Building package 'rover_base' with the following arguments: {'ament_cmake_args': None, 'build_base': '/home/mohanarangan-t-r/rover_ws/build/rover_base', 'catkin_cmake_args': None, 'catkin_skip_building_tests': False, 'cmake_args': None, 'cmake_clean_cache': False, 'cmake_clean_first': False, 'cmake_force_configure': False, 'cmake_target': None, 'cmake_target_skip_unavailable': False, 'install_base': '/home/mohanarangan-t-r/rover_ws/install/rover_base', 'merge_install': False, 'path': '/home/mohanarangan-t-r/rover_ws/src/rover_base', 'symlink_install': True, 'test_result_base': None}
[0.147s] Level 5:colcon.colcon_core.verb:set package 'rover_bringup' build argument 'cmake_args' from command line to 'None'
[0.148s] Level 5:colcon.colcon_core.verb:set package 'rover_bringup' build argument 'cmake_target' from command line to 'None'
[0.148s] Level 5:colcon.colcon_core.verb:set package 'rover_bringup' build argument 'cmake_target_skip_unavailable' from command line to 'False'
[0.148s] Level 5:colcon.colcon_core.verb:set package 'rover_bringup' build argument 'cmake_clean_cache' from command line to 'False'
[0.148s] Level 5:colcon.colcon_core.verb:set package 'rover_bringup' build argument 'cmake_clean_first' from command line to 'False'
[0.148s] Level 5:colcon.colcon_core.verb:set package 'rover_bringup' build argument 'cmake_force_configure' from command line to 'False'
[0.148s] Level 5:colcon.colcon_core.verb:set package 'rover_bringup' build argument 'ament_cmake_args' from command line to 'None'
[0.148s] Level 5:colcon.colcon_core.verb:set package 'rover_bringup' build argument 'catkin_cmake_args' from command line to 'None'
[0.148s] Level 5:colcon.colcon_core.verb:set package 'rover_bringup' build argument 'catkin_skip_building_tests' from command line to 'False'
[0.148s] DEBUG:colcon.colcon_core.verb:Building package 'rover_bringup' with the following arguments: {'ament_cmake_args': None, 'build_base': '/home/mohanarangan-t-r/rover_ws/build/rover_bringup', 'catkin_cmake_args': None, 'catkin_skip_building_tests': False, 'cmake_args': None, 'cmake_clean_cache': False, 'cmake_clean_first': False, 'cmake_force_configure': False, 'cmake_target': None, 'cmake_target_skip_unavailable': False, 'install_base': '/home/mohanarangan-t-r/rover_ws/install/rover_bringup', 'merge_install': False, 'path': '/home/mohanarangan-t-r/rover_ws/src/rover_bringup', 'symlink_install': True, 'test_result_base': None}
[0.148s] Level 5:colcon.colcon_core.verb:set package 'rover_description' build argument 'cmake_args' from command line to 'None'
[0.148s] Level 5:colcon.colcon_core.verb:set package 'rover_description' build argument 'cmake_target' from command line to 'None'
[0.148s] Level 5:colcon.colcon_core.verb:set package 'rover_description' build argument 'cmake_target_skip_unavailable' from command line to 'False'
[0.148s] Level 5:colcon.colcon_core.verb:set package 'rover_description' build argument 'cmake_clean_cache' from command line to 'False'
[0.148s] Level 5:colcon.colcon_core.verb:set package 'rover_description' build argument 'cmake_clean_first' from command line to 'False'
[0.148s] Level 5:colcon.colcon_core.verb:set package 'rover_description' build argument 'cmake_force_configure' from command line to 'False'
[0.148s] Level 5:colcon.colcon_core.verb:set package 'rover_description' build argument 'ament_cmake_args' from command line to 'None'
[0.148s] Level 5:colcon.colcon_core.verb:set package 'rover_description' build argument 'catkin_cmake_args' from command line to 'None'
[0.148s] Level 5:colcon.colcon_core.verb:set package 'rover_description' build argument 'catkin_skip_building_tests' from command line to 'False'
[0.148s] DEBUG:colcon.colcon_core.verb:Building package 'rover_description' with the following arguments: {'ament_cmake_args': None, 'build_base': '/home/mohanarangan-t-r/rover_ws/build/rover_description', 'catkin_cmake_args': None, 'catkin_skip_building_tests': False, 'cmake_args': None, 'cmake_clean_cache': False, 'cmake_clean_first': False, 'cmake_force_configure': False, 'cmake_target': None, 'cmake_target_skip_unavailable': False, 'install_base': '/home/mohanarangan-t-r/rover_ws/install/rover_description', 'merge_install': False, 'path': '/home/mohanarangan-t-r/rover_ws/src/rover_description', 'symlink_install': True, 'test_result_base': None}
[0.148s] Level 5:colcon.colcon_core.verb:set package 'rover_gz_sim' build argument 'cmake_args' from command line to 'None'
[0.148s] Level 5:colcon.colcon_core.verb:set package 'rover_gz_sim' build argument 'cmake_target' from command line to 'None'
[0.148s] Level 5:colcon.colcon_core.verb:set package 'rover_gz_sim' build argument 'cmake_target_skip_unavailable' from command line to 'False'
[0.148s] Level 5:colcon.colcon_core.verb:set package 'rover_gz_sim' build argument 'cmake_clean_cache' from command line to 'False'
[0.148s] Level 5:colcon.colcon_core.verb:set package 'rover_gz_sim' build argument 'cmake_clean_first' from command line to 'False'
[0.148s] Level 5:colcon.colcon_core.verb:set package 'rover_gz_sim' build argument 'cmake_force_configure' from command line to 'False'
[0.148s] Level 5:colcon.colcon_core.verb:set package 'rover_gz_sim' build argument 'ament_cmake_args' from command line to 'None'
[0.148s] Level 5:colcon.colcon_core.verb:set package 'rover_gz_sim' build argument 'catkin_cmake_args' from command line to 'None'
[0.148s] Level 5:colcon.colcon_core.verb:set package 'rover_gz_sim' build argument 'catkin_skip_building_tests' from command line to 'False'
[0.148s] DEBUG:colcon.colcon_core.verb:Building package 'rover_gz_sim' with the following arguments: {'ament_cmake_args': None, 'build_base': '/home/mohanarangan-t-r/rover_ws/build/rover_gz_sim', 'catkin_cmake_args': None, 'catkin_skip_building_tests': False, 'cmake_args': None, 'cmake_clean_cache': False, 'cmake_clean_first': False, 'cmake_force_configure': False, 'cmake_target': None, 'cmake_target_skip_unavailable': False, 'install_base': '/home/mohanarangan-t-r/rover_ws/install/rover_gz_sim', 'merge_install': False, 'path': '/home/mohanarangan-t-r/rover_ws/src/rover_gz_sim', 'symlink_install': True, 'test_result_base': None}
[0.148s] INFO:colcon.colcon_core.executor:Executing jobs using 'parallel' executor
[0.149s] DEBUG:colcon.colcon_parallel_executor.executor.parallel:run_until_complete
[0.149s] INFO:colcon.colcon_ros.task.ament_cmake.build:Building ROS package in '/home/mohanarangan-t-r/rover_ws/src/rover_base' with build type 'ament_cmake'
[0.149s] INFO:colcon.colcon_cmake.task.cmake.build:Building CMake package in '/home/mohanarangan-t-r/rover_ws/src/rover_base'
[0.150s] INFO:colcon.colcon_core.plugin_system:Skipping extension 'colcon_core.shell.bat': Not used on non-Windows systems
[0.151s] INFO:colcon.colcon_core.shell:Skip shell extension 'powershell' for command environment: Not usable outside of PowerShell
[0.151s] DEBUG:colcon.colcon_core.shell:Skip shell extension 'dsv' for command environment
[0.155s] INFO:colcon.colcon_ros.task.ament_cmake.build:Building ROS package in '/home/mohanarangan-t-r/rover_ws/src/rover_bringup' with build type 'ament_cmake'
[0.155s] INFO:colcon.colcon_cmake.task.cmake.build:Building CMake package in '/home/mohanarangan-t-r/rover_ws/src/rover_bringup'
[0.155s] INFO:colcon.colcon_core.shell:Skip shell extension 'powershell' for command environment: Not usable outside of PowerShell
[0.155s] DEBUG:colcon.colcon_core.shell:Skip shell extension 'dsv' for command environment
[0.159s] INFO:colcon.colcon_ros.task.ament_cmake.build:Building ROS package in '/home/mohanarangan-t-r/rover_ws/src/rover_description' with build type 'ament_cmake'
[0.159s] INFO:colcon.colcon_cmake.task.cmake.build:Building CMake package in '/home/mohanarangan-t-r/rover_ws/src/rover_description'
[0.159s] INFO:colcon.colcon_core.shell:Skip shell extension 'powershell' for command environment: Not usable outside of PowerShell
[0.159s] DEBUG:colcon.colcon_core.shell:Skip shell extension 'dsv' for command environment
[0.161s] INFO:colcon.colcon_ros.task.ament_cmake.build:Building ROS package in '/home/mohanarangan-t-r/rover_ws/src/rover_gz_sim' with build type 'ament_cmake'
[0.161s] INFO:colcon.colcon_cmake.task.cmake.build:Building CMake package in '/home/mohanarangan-t-r/rover_ws/src/rover_gz_sim'
[0.161s] INFO:colcon.colcon_core.shell:Skip shell extension 'powershell' for command environment: Not usable outside of PowerShell
[0.161s] DEBUG:colcon.colcon_core.shell:Skip shell extension 'dsv' for command environment
[0.167s] DEBUG:colcon.colcon_core.event_handler.log_command:Invoking command in '/home/mohanarangan-t-r/rover_ws/build/rover_base': CMAKE_PREFIX_PATH=${CMAKE_PREFIX_PATH}:/opt/ros/jazzy DEBUGINFOD_URLS=https://debuginfod.ubuntu.com /usr/bin/cmake --build /home/mohanarangan-t-r/rover_ws/build/rover_base -- -j16 -l16
[0.168s] DEBUG:colcon.colcon_core.event_handler.log_command:Invoking command in '/home/mohanarangan-t-r/rover_ws/build/rover_bringup': CMAKE_PREFIX_PATH=${CMAKE_PREFIX_PATH}:/opt/ros/jazzy DEBUGINFOD_URLS=https://debuginfod.ubuntu.com /usr/bin/cmake --build /home/mohanarangan-t-r/rover_ws/build/rover_bringup -- -j16 -l16
[0.177s] DEBUG:colcon.colcon_core.event_handler.log_command:Invoking command in '/home/mohanarangan-t-r/rover_ws/build/rover_description': CMAKE_PREFIX_PATH=${CMAKE_PREFIX_PATH}:/opt/ros/jazzy DEBUGINFOD_URLS=https://debuginfod.ubuntu.com /usr/bin/cmake --build /home/mohanarangan-t-r/rover_ws/build/rover_description -- -j16 -l16
[0.181s] DEBUG:colcon.colcon_core.event_handler.log_command:Invoking command in '/home/mohanarangan-t-r/rover_ws/build/rover_gz_sim': CMAKE_PREFIX_PATH=${CMAKE_PREFIX_PATH}:/opt/ros/jazzy DEBUGINFOD_URLS=https://debuginfod.ubuntu.com /usr/bin/cmake --build /home/mohanarangan-t-r/rover_ws/build/rover_gz_sim -- -j16 -l16
[0.206s] DEBUG:colcon.colcon_core.event_handler.log_command:Invoked command in '/home/mohanarangan-t-r/rover_ws/build/rover_bringup' returned '0': CMAKE_PREFIX_PATH=${CMAKE_PREFIX_PATH}:/opt/ros/jazzy DEBUGINFOD_URLS=https://debuginfod.ubuntu.com /usr/bin/cmake --build /home/mohanarangan-t-r/rover_ws/build/rover_bringup -- -j16 -l16
[0.214s] DEBUG:colcon.colcon_core.event_handler.log_command:Invoking command in '/home/mohanarangan-t-r/rover_ws/build/rover_bringup': CMAKE_PREFIX_PATH=${CMAKE_PREFIX_PATH}:/opt/ros/jazzy DEBUGINFOD_URLS=https://debuginfod.ubuntu.com /usr/bin/cmake --install /home/mohanarangan-t-r/rover_ws/build/rover_bringup
[0.215s] DEBUG:colcon.colcon_core.event_handler.log_command:Invoked command in '/home/mohanarangan-t-r/rover_ws/build/rover_base' returned '0': CMAKE_PREFIX_PATH=${CMAKE_PREFIX_PATH}:/opt/ros/jazzy DEBUGINFOD_URLS=https://debuginfod.ubuntu.com /usr/bin/cmake --build /home/mohanarangan-t-r/rover_ws/build/rover_base -- -j16 -l16
[0.216s] DEBUG:colcon.colcon_core.event_handler.log_command:Invoking command in '/home/mohanarangan-t-r/rover_ws/build/rover_base': CMAKE_PREFIX_PATH=${CMAKE_PREFIX_PATH}:/opt/ros/jazzy DEBUGINFOD_URLS=https://debuginfod.ubuntu.com /usr/bin/cmake --install /home/mohanarangan-t-r/rover_ws/build/rover_base
[0.217s] DEBUG:colcon.colcon_core.event_handler.log_command:Invoked command in '/home/mohanarangan-t-r/rover_ws/build/rover_gz_sim' returned '0': CMAKE_PREFIX_PATH=${CMAKE_PREFIX_PATH}:/opt/ros/jazzy DEBUGINFOD_URLS=https://debuginfod.ubuntu.com /usr/bin/cmake --build /home/mohanarangan-t-r/rover_ws/build/rover_gz_sim -- -j16 -l16
[0.217s] DEBUG:colcon.colcon_core.event_handler.log_command:Invoking command in '/home/mohanarangan-t-r/rover_ws/build/rover_gz_sim': CMAKE_PREFIX_PATH=${CMAKE_PREFIX_PATH}:/opt/ros/jazzy DEBUGINFOD_URLS=https://debuginfod.ubuntu.com /usr/bin/cmake --install /home/mohanarangan-t-r/rover_ws/build/rover_gz_sim
[0.217s] DEBUG:colcon.colcon_core.event_handler.log_command:Invoked command in '/home/mohanarangan-t-r/rover_ws/build/rover_description' returned '0': CMAKE_PREFIX_PATH=${CMAKE_PREFIX_PATH}:/opt/ros/jazzy DEBUGINFOD_URLS=https://debuginfod.ubuntu.com /usr/bin/cmake --build /home/mohanarangan-t-r/rover_ws/build/rover_description -- -j16 -l16
[0.218s] DEBUG:colcon.colcon_core.event_handler.log_command:Invoking command in '/home/mohanarangan-t-r/rover_ws/build/rover_description': CMAKE_PREFIX_PATH=${CMAKE_PREFIX_PATH}:/opt/ros/jazzy DEBUGINFOD_URLS=https://debuginfod.ubuntu.com /usr/bin/cmake --install /home/mohanarangan-t-r/rover_ws/build/rover_description
[0.235s] Level 1:colcon.colcon_core.environment:create_environment_scripts_only(rover_bringup)
[0.235s] DEBUG:colcon.colcon_core.event_handler.log_command:Invoked command in '/home/mohanarangan-t-r/rover_ws/build/rover_bringup' returned '0': CMAKE_PREFIX_PATH=${CMAKE_PREFIX_PATH}:/opt/ros/jazzy DEBUGINFOD_URLS=https://debuginfod.ubuntu.com /usr/bin/cmake --install /home/mohanarangan-t-r/rover_ws/build/rover_bringup
[0.236s] Level 1:colcon.colcon_core.environment:checking '/home/mohanarangan-t-r/rover_ws/install/rover_bringup' for CMake module files
[0.237s] Level 1:colcon.colcon_core.environment:checking '/home/mohanarangan-t-r/rover_ws/install/rover_bringup' for CMake config files
[0.237s] Level 1:colcon.colcon_core.shell:create_environment_hook('rover_bringup', 'cmake_prefix_path')
[0.237s] INFO:colcon.colcon_core.shell:Creating environment hook '/home/mohanarangan-t-r/rover_ws/install/rover_bringup/share/rover_bringup/hook/cmake_prefix_path.ps1'
[0.238s] INFO:colcon.colcon_core.shell:Creating environment descriptor '/home/mohanarangan-t-r/rover_ws/install/rover_bringup/share/rover_bringup/hook/cmake_prefix_path.dsv'
[0.238s] INFO:colcon.colcon_core.shell:Creating environment hook '/home/mohanarangan-t-r/rover_ws/install/rover_bringup/share/rover_bringup/hook/cmake_prefix_path.sh'
[0.239s] Level 1:colcon.colcon_core.environment:checking '/home/mohanarangan-t-r/rover_ws/install/rover_bringup/bin'
[0.239s] Level 1:colcon.colcon_core.environment:checking '/home/mohanarangan-t-r/rover_ws/install/rover_bringup/lib/pkgconfig/rover_bringup.pc'
[0.239s] Level 1:colcon.colcon_core.environment:checking '/home/mohanarangan-t-r/rover_ws/install/rover_bringup/lib/python3.12/site-packages'
[0.239s] Level 1:colcon.colcon_core.environment:checking '/home/mohanarangan-t-r/rover_ws/install/rover_bringup/bin'
[0.239s] INFO:colcon.colcon_core.shell:Creating package script '/home/mohanarangan-t-r/rover_ws/install/rover_bringup/share/rover_bringup/package.ps1'
[0.240s] INFO:colcon.colcon_core.shell:Creating package descriptor '/home/mohanarangan-t-r/rover_ws/install/rover_bringup/share/rover_bringup/package.dsv'
[0.240s] INFO:colcon.colcon_core.shell:Creating package script '/home/mohanarangan-t-r/rover_ws/install/rover_bringup/share/rover_bringup/package.sh'
[0.240s] INFO:colcon.colcon_core.shell:Creating package script '/home/mohanarangan-t-r/rover_ws/install/rover_bringup/share/rover_bringup/package.bash'
[0.241s] INFO:colcon.colcon_core.shell:Creating package script '/home/mohanarangan-t-r/rover_ws/install/rover_bringup/share/rover_bringup/package.zsh'
[0.241s] Level 1:colcon.colcon_core.environment:create_file_with_runtime_dependencies(/home/mohanarangan-t-r/rover_ws/install/rover_bringup/share/colcon-core/packages/rover_bringup)
[0.241s] Level 1:colcon.colcon_core.environment:create_environment_scripts_only(rover_bringup)
[0.241s] Level 1:colcon.colcon_core.environment:checking '/home/mohanarangan-t-r/rover_ws/install/rover_bringup' for CMake module files
[0.242s] Level 1:colcon.colcon_core.environment:checking '/home/mohanarangan-t-r/rover_ws/install/rover_bringup' for CMake config files
[0.242s] Level 1:colcon.colcon_core.shell:create_environment_hook('rover_bringup', 'cmake_prefix_path')
[0.242s] INFO:colcon.colcon_core.shell:Creating environment hook '/home/mohanarangan-t-r/rover_ws/install/rover_bringup/share/rover_bringup/hook/cmake_prefix_path.ps1'
[0.242s] INFO:colcon.colcon_core.shell:Creating environment descriptor '/home/mohanarangan-t-r/rover_ws/install/rover_bringup/share/rover_bringup/hook/cmake_prefix_path.dsv'
[0.242s] INFO:colcon.colcon_core.shell:Creating environment hook '/home/mohanarangan-t-r/rover_ws/install/rover_bringup/share/rover_bringup/hook/cmake_prefix_path.sh'
[0.243s] Level 1:colcon.colcon_core.environment:checking '/home/mohanarangan-t-r/rover_ws/install/rover_bringup/bin'
[0.243s] Level 1:colcon.colcon_core.environment:checking '/home/mohanarangan-t-r/rover_ws/install/rover_bringup/lib/pkgconfig/rover_bringup.pc'
[0.243s] Level 1:colcon.colcon_core.environment:checking '/home/mohanarangan-t-r/rover_ws/install/rover_bringup/lib/python3.12/site-packages'
[0.243s] Level 1:colcon.colcon_core.environment:checking '/home/mohanarangan-t-r/rover_ws/install/rover_bringup/bin'
[0.243s] INFO:colcon.colcon_core.shell:Creating package script '/home/mohanarangan-t-r/rover_ws/install/rover_bringup/share/rover_bringup/package.ps1'
[0.243s] INFO:colcon.colcon_core.shell:Creating package descriptor '/home/mohanarangan-t-r/rover_ws/install/rover_bringup/share/rover_bringup/package.dsv'
[0.244s] INFO:colcon.colcon_core.shell:Creating package script '/home/mohanarangan-t-r/rover_ws/install/rover_bringup/share/rover_bringup/package.sh'
[0.244s] INFO:colcon.colcon_core.shell:Creating package script '/home/mohanarangan-t-r/rover_ws/install/rover_bringup/share/rover_bringup/package.bash'
[0.244s] INFO:colcon.colcon_core.shell:Creating package script '/home/mohanarangan-t-r/rover_ws/install/rover_bringup/share/rover_bringup/package.zsh'
[0.244s] Level 1:colcon.colcon_core.environment:create_file_with_runtime_dependencies(/home/mohanarangan-t-r/rover_ws/install/rover_bringup/share/colcon-core/packages/rover_bringup)
[0.245s] Level 1:colcon.colcon_core.environment:create_environment_scripts_only(rover_base)
[0.245s] Level 1:colcon.colcon_core.environment:checking '/home/mohanarangan-t-r/rover_ws/install/rover_base' for CMake module files
[0.246s] DEBUG:colcon.colcon_core.event_handler.log_command:Invoked command in '/home/mohanarangan-t-r/rover_ws/build/rover_base' returned '0': CMAKE_PREFIX_PATH=${CMAKE_PREFIX_PATH}:/opt/ros/jazzy DEBUGINFOD_URLS=https://debuginfod.ubuntu.com /usr/bin/cmake --install /home/mohanarangan-t-r/rover_ws/build/rover_base
[0.246s] Level 1:colcon.colcon_core.environment:checking '/home/mohanarangan-t-r/rover_ws/install/rover_base' for CMake config files
[0.246s] Level 1:colcon.colcon_core.shell:create_environment_hook('rover_base', 'cmake_prefix_path')
[0.246s] INFO:colcon.colcon_core.shell:Creating environment hook '/home/mohanarangan-t-r/rover_ws/install/rover_base/share/rover_base/hook/cmake_prefix_path.ps1'
[0.247s] INFO:colcon.colcon_core.shell:Creating environment descriptor '/home/mohanarangan-t-r/rover_ws/install/rover_base/share/rover_base/hook/cmake_prefix_path.dsv'
[0.247s] INFO:colcon.colcon_core.shell:Creating environment hook '/home/mohanarangan-t-r/rover_ws/install/rover_base/share/rover_base/hook/cmake_prefix_path.sh'
[0.249s] Level 1:colcon.colcon_core.environment:checking '/home/mohanarangan-t-r/rover_ws/install/rover_base/bin'
[0.249s] Level 1:colcon.colcon_core.environment:checking '/home/mohanarangan-t-r/rover_ws/install/rover_base/lib/pkgconfig/rover_base.pc'
[0.250s] Level 1:colcon.colcon_core.environment:checking '/home/mohanarangan-t-r/rover_ws/install/rover_base/lib/python3.12/site-packages'
[0.250s] Level 1:colcon.colcon_core.environment:checking '/home/mohanarangan-t-r/rover_ws/install/rover_base/bin'
[0.250s] INFO:colcon.colcon_core.shell:Creating package script '/home/mohanarangan-t-r/rover_ws/install/rover_base/share/rover_base/package.ps1'
[0.250s] INFO:colcon.colcon_core.shell:Creating package descriptor '/home/mohanarangan-t-r/rover_ws/install/rover_base/share/rover_base/package.dsv'
[0.251s] INFO:colcon.colcon_core.shell:Creating package script '/home/mohanarangan-t-r/rover_ws/install/rover_base/share/rover_base/package.sh'
[0.251s] INFO:colcon.colcon_core.shell:Creating package script '/home/mohanarangan-t-r/rover_ws/install/rover_base/share/rover_base/package.bash'
[0.251s] INFO:colcon.colcon_core.shell:Creating package script '/home/mohanarangan-t-r/rover_ws/install/rover_base/share/rover_base/package.zsh'
[0.251s] Level 1:colcon.colcon_core.environment:create_file_with_runtime_dependencies(/home/mohanarangan-t-r/rover_ws/install/rover_base/share/colcon-core/packages/rover_base)
[0.252s] Level 1:colcon.colcon_core.environment:create_environment_scripts_only(rover_base)
[0.252s] Level 1:colcon.colcon_core.environment:checking '/home/mohanarangan-t-r/rover_ws/install/rover_base' for CMake module files
[0.252s] Level 1:colcon.colcon_core.environment:checking '/home/mohanarangan-t-r/rover_ws/install/rover_base' for CMake config files
[0.252s] Level 1:colcon.colcon_core.shell:create_environment_hook('rover_base', 'cmake_prefix_path')
[0.252s] INFO:colcon.colcon_core.shell:Creating environment hook '/home/mohanarangan-t-r/rover_ws/install/rover_base/share/rover_base/hook/cmake_prefix_path.ps1'
[0.252s] INFO:colcon.colcon_core.shell:Creating environment descriptor '/home/mohanarangan-t-r/rover_ws/install/rover_base/share/rover_base/hook/cmake_prefix_path.dsv'
[0.253s] INFO:colcon.colcon_core.shell:Creating environment hook '/home/mohanarangan-t-r/rover_ws/install/rover_base/share/rover_base/hook/cmake_prefix_path.sh'
[0.253s] Level 1:colcon.colcon_core.environment:checking '/home/mohanarangan-t-r/rover_ws/install/rover_base/bin'
[0.253s] Level 1:colcon.colcon_core.environment:checking '/home/mohanarangan-t-r/rover_ws/install/rover_base/lib/pkgconfig/rover_base.pc'
[0.253s] Level 1:colcon.colcon_core.environment:checking '/home/mohanarangan-t-r/rover_ws/install/rover_base/lib/python3.12/site-packages'
[0.253s] Level 1:colcon.colcon_core.environment:checking '/home/mohanarangan-t-r/rover_ws/install/rover_base/bin'
[0.253s] INFO:colcon.colcon_core.shell:Creating package script '/home/mohanarangan-t-r/rover_ws/install/rover_base/share/rover_base/package.ps1'
[0.254s] INFO:colcon.colcon_core.shell:Creating package descriptor '/home/mohanarangan-t-r/rover_ws/install/rover_base/share/rover_base/package.dsv'
[0.254s] INFO:colcon.colcon_core.shell:Creating package script '/home/mohanarangan-t-r/rover_ws/install/rover_base/share/rover_base/package.sh'
[0.254s] INFO:colcon.colcon_core.shell:Creating package script '/home/mohanarangan-t-r/rover_ws/install/rover_base/share/rover_base/package.bash'
[0.254s] INFO:colcon.colcon_core.shell:Creating package script '/home/mohanarangan-t-r/rover_ws/install/rover_base/share/rover_base/package.zsh'
[0.255s] Level 1:colcon.colcon_core.environment:create_file_with_runtime_dependencies(/home/mohanarangan-t-r/rover_ws/install/rover_base/share/colcon-core/packages/rover_base)
[0.255s] Level 1:colcon.colcon_core.environment:create_environment_scripts_only(rover_description)
[0.255s] Level 1:colcon.colcon_core.environment:checking '/home/mohanarangan-t-r/rover_ws/install/rover_description' for CMake module files
[0.256s] DEBUG:colcon.colcon_core.event_handler.log_command:Invoked command in '/home/mohanarangan-t-r/rover_ws/build/rover_description' returned '0': CMAKE_PREFIX_PATH=${CMAKE_PREFIX_PATH}:/opt/ros/jazzy DEBUGINFOD_URLS=https://debuginfod.ubuntu.com /usr/bin/cmake --install /home/mohanarangan-t-r/rover_ws/build/rover_description
[0.256s] Level 1:colcon.colcon_core.environment:checking '/home/mohanarangan-t-r/rover_ws/install/rover_description' for CMake config files
[0.256s] Level 1:colcon.colcon_core.shell:create_environment_hook('rover_description', 'cmake_prefix_path')
[0.256s] INFO:colcon.colcon_core.shell:Creating environment hook '/home/mohanarangan-t-r/rover_ws/install/rover_description/share/rover_description/hook/cmake_prefix_path.ps1'
[0.257s] INFO:colcon.colcon_core.shell:Creating environment descriptor '/home/mohanarangan-t-r/rover_ws/install/rover_description/share/rover_description/hook/cmake_prefix_path.dsv'
[0.257s] INFO:colcon.colcon_core.shell:Creating environment hook '/home/mohanarangan-t-r/rover_ws/install/rover_description/share/rover_description/hook/cmake_prefix_path.sh'
[0.257s] Level 1:colcon.colcon_core.environment:checking '/home/mohanarangan-t-r/rover_ws/install/rover_description/bin'
[0.257s] Level 1:colcon.colcon_core.environment:checking '/home/mohanarangan-t-r/rover_ws/install/rover_description/lib/pkgconfig/rover_description.pc'
[0.257s] Level 1:colcon.colcon_core.environment:checking '/home/mohanarangan-t-r/rover_ws/install/rover_description/lib/python3.12/site-packages'
[0.257s] Level 1:colcon.colcon_core.environment:checking '/home/mohanarangan-t-r/rover_ws/install/rover_description/bin'
[0.258s] INFO:colcon.colcon_core.shell:Creating package script '/home/mohanarangan-t-r/rover_ws/install/rover_description/share/rover_description/package.ps1'
[0.258s] INFO:colcon.colcon_core.shell:Creating package descriptor '/home/mohanarangan-t-r/rover_ws/install/rover_description/share/rover_description/package.dsv'
[0.258s] INFO:colcon.colcon_core.shell:Creating package script '/home/mohanarangan-t-r/rover_ws/install/rover_description/share/rover_description/package.sh'
[0.258s] INFO:colcon.colcon_core.shell:Creating package script '/home/mohanarangan-t-r/rover_ws/install/rover_description/share/rover_description/package.bash'
[0.258s] INFO:colcon.colcon_core.shell:Creating package script '/home/mohanarangan-t-r/rover_ws/install/rover_description/share/rover_description/package.zsh'
[0.259s] Level 1:colcon.colcon_core.environment:create_file_with_runtime_dependencies(/home/mohanarangan-t-r/rover_ws/install/rover_description/share/colcon-core/packages/rover_description)
[0.259s] Level 1:colcon.colcon_core.environment:create_environment_scripts_only(rover_description)
[0.259s] Level 1:colcon.colcon_core.environment:checking '/home/mohanarangan-t-r/rover_ws/install/rover_description' for CMake module files
[0.259s] Level 1:colcon.colcon_core.environment:checking '/home/mohanarangan-t-r/rover_ws/install/rover_description' for CMake config files
[0.260s] Level 1:colcon.colcon_core.shell:create_environment_hook('rover_description', 'cmake_prefix_path')
[0.260s] INFO:colcon.colcon_core.shell:Creating environment hook '/home/mohanarangan-t-r/rover_ws/install/rover_description/share/rover_description/hook/cmake_prefix_path.ps1'
[0.260s] INFO:colcon.colcon_core.shell:Creating environment descriptor '/home/mohanarangan-t-r/rover_ws/install/rover_description/share/rover_description/hook/cmake_prefix_path.dsv'
[0.260s] INFO:colcon.colcon_core.shell:Creating environment hook '/home/mohanarangan-t-r/rover_ws/install/rover_description/share/rover_description/hook/cmake_prefix_path.sh'
[0.261s] Level 1:colcon.colcon_core.environment:checking '/home/mohanarangan-t-r/rover_ws/install/rover_description/bin'
[0.261s] Level 1:colcon.colcon_core.environment:checking '/home/mohanarangan-t-r/rover_ws/install/rover_description/lib/pkgconfig/rover_description.pc'
[0.261s] Level 1:colcon.colcon_core.environment:checking '/home/mohanarangan-t-r/rover_ws/install/rover_description/lib/python3.12/site-packages'
[0.261s] Level 1:colcon.colcon_core.environment:checking '/home/mohanarangan-t-r/rover_ws/install/rover_description/bin'
[0.261s] INFO:colcon.colcon_core.shell:Creating package script '/home/mohanarangan-t-r/rover_ws/install/rover_description/share/rover_description/package.ps1'
[0.261s] INFO:colcon.colcon_core.shell:Creating package descriptor '/home/mohanarangan-t-r/rover_ws/install/rover_description/share/rover_description/package.dsv'
[0.262s] INFO:colcon.colcon_core.shell:Creating package script '/home/mohanarangan-t-r/rover_ws/install/rover_description/share/rover_description/package.sh'
[0.262s] INFO:colcon.colcon_core.shell:Creating package script '/home/mohanarangan-t-r/rover_ws/install/rover_description/share/rover_description/package.bash'
[0.262s] INFO:colcon.colcon_core.shell:Creating package script '/home/mohanarangan-t-r/rover_ws/install/rover_description/share/rover_description/package.zsh'
[0.262s] Level 1:colcon.colcon_core.environment:create_file_with_runtime_dependencies(/home/mohanarangan-t-r/rover_ws/install/rover_description/share/colcon-core/packages/rover_description)
[0.262s] Level 1:colcon.colcon_core.environment:create_environment_scripts_only(rover_gz_sim)
[0.263s] Level 1:colcon.colcon_core.environment:checking '/home/mohanarangan-t-r/rover_ws/install/rover_gz_sim' for CMake module files
[0.263s] Level 1:colcon.colcon_core.environment:checking '/home/mohanarangan-t-r/rover_ws/install/rover_gz_sim' for CMake config files
[0.264s] DEBUG:colcon.colcon_core.event_handler.log_command:Invoked command in '/home/mohanarangan-t-r/rover_ws/build/rover_gz_sim' returned '0': CMAKE_PREFIX_PATH=${CMAKE_PREFIX_PATH}:/opt/ros/jazzy DEBUGINFOD_URLS=https://debuginfod.ubuntu.com /usr/bin/cmake --install /home/mohanarangan-t-r/rover_ws/build/rover_gz_sim
[0.264s] Level 1:colcon.colcon_core.shell:create_environment_hook('rover_gz_sim', 'cmake_prefix_path')
[0.264s] INFO:colcon.colcon_core.shell:Creating environment hook '/home/mohanarangan-t-r/rover_ws/install/rover_gz_sim/share/rover_gz_sim/hook/cmake_prefix_path.ps1'
[0.264s] INFO:colcon.colcon_core.shell:Creating environment descriptor '/home/mohanarangan-t-r/rover_ws/install/rover_gz_sim/share/rover_gz_sim/hook/cmake_prefix_path.dsv'
[0.264s] INFO:colcon.colcon_core.shell:Creating environment hook '/home/mohanarangan-t-r/rover_ws/install/rover_gz_sim/share/rover_gz_sim/hook/cmake_prefix_path.sh'
[0.265s] Level 1:colcon.colcon_core.environment:checking '/home/mohanarangan-t-r/rover_ws/install/rover_gz_sim/bin'
[0.265s] Level 1:colcon.colcon_core.environment:checking '/home/mohanarangan-t-r/rover_ws/install/rover_gz_sim/lib/pkgconfig/rover_gz_sim.pc'
[0.265s] Level 1:colcon.colcon_core.environment:checking '/home/mohanarangan-t-r/rover_ws/install/rover_gz_sim/lib/python3.12/site-packages'
[0.265s] Level 1:colcon.colcon_core.environment:checking '/home/mohanarangan-t-r/rover_ws/install/rover_gz_sim/bin'
[0.265s] INFO:colcon.colcon_core.shell:Creating package script '/home/mohanarangan-t-r/rover_ws/install/rover_gz_sim/share/rover_gz_sim/package.ps1'
[0.265s] INFO:colcon.colcon_core.shell:Creating package descriptor '/home/mohanarangan-t-r/rover_ws/install/rover_gz_sim/share/rover_gz_sim/package.dsv'
[0.266s] INFO:colcon.colcon_core.shell:Creating package script '/home/mohanarangan-t-r/rover_ws/install/rover_gz_sim/share/rover_gz_sim/package.sh'
[0.266s] INFO:colcon.colcon_core.shell:Creating package script '/home/mohanarangan-t-r/rover_ws/install/rover_gz_sim/share/rover_gz_sim/package.bash'
[0.266s] INFO:colcon.colcon_core.shell:Creating package script '/home/mohanarangan-t-r/rover_ws/install/rover_gz_sim/share/rover_gz_sim/package.zsh'
[0.266s] Level 1:colcon.colcon_core.environment:create_file_with_runtime_dependencies(/home/mohanarangan-t-r/rover_ws/install/rover_gz_sim/share/colcon-core/packages/rover_gz_sim)
[0.267s] Level 1:colcon.colcon_core.environment:create_environment_scripts_only(rover_gz_sim)
[0.267s] Level 1:colcon.colcon_core.environment:checking '/home/mohanarangan-t-r/rover_ws/install/rover_gz_sim' for CMake module files
[0.267s] Level 1:colcon.colcon_core.environment:checking '/home/mohanarangan-t-r/rover_ws/install/rover_gz_sim' for CMake config files
[0.267s] Level 1:colcon.colcon_core.shell:create_environment_hook('rover_gz_sim', 'cmake_prefix_path')
[0.267s] INFO:colcon.colcon_core.shell:Creating environment hook '/home/mohanarangan-t-r/rover_ws/install/rover_gz_sim/share/rover_gz_sim/hook/cmake_prefix_path.ps1'
[0.267s] INFO:colcon.colcon_core.shell:Creating environment descriptor '/home/mohanarangan-t-r/rover_ws/install/rover_gz_sim/share/rover_gz_sim/hook/cmake_prefix_path.dsv'
[0.268s] INFO:colcon.colcon_core.shell:Creating environment hook '/home/mohanarangan-t-r/rover_ws/install/rover_gz_sim/share/rover_gz_sim/hook/cmake_prefix_path.sh'
[0.268s] Level 1:colcon.colcon_core.environment:checking '/home/mohanarangan-t-r/rover_ws/install/rover_gz_sim/bin'
[0.268s] Level 1:colcon.colcon_core.environment:checking '/home/mohanarangan-t-r/rover_ws/install/rover_gz_sim/lib/pkgconfig/rover_gz_sim.pc'
[0.268s] Level 1:colcon.colcon_core.environment:checking '/home/mohanarangan-t-r/rover_ws/install/rover_gz_sim/lib/python3.12/site-packages'
[0.268s] Level 1:colcon.colcon_core.environment:checking '/home/mohanarangan-t-r/rover_ws/install/rover_gz_sim/bin'
[0.268s] INFO:colcon.colcon_core.shell:Creating package script '/home/mohanarangan-t-r/rover_ws/install/rover_gz_sim/share/rover_gz_sim/package.ps1'
[0.269s] INFO:colcon.colcon_core.shell:Creating package descriptor '/home/mohanarangan-t-r/rover_ws/install/rover_gz_sim/share/rover_gz_sim/package.dsv'
[0.269s] INFO:colcon.colcon_core.shell:Creating package script '/home/mohanarangan-t-r/rover_ws/install/rover_gz_sim/share/rover_gz_sim/package.sh'
[0.269s] INFO:colcon.colcon_core.shell:Creating package script '/home/mohanarangan-t-r/rover_ws/install/rover_gz_sim/share/rover_gz_sim/package.bash'
[0.269s] INFO:colcon.colcon_core.shell:Creating package script '/home/mohanarangan-t-r/rover_ws/install/rover_gz_sim/share/rover_gz_sim/package.zsh'
[0.270s] Level 1:colcon.colcon_core.environment:create_file_with_runtime_dependencies(/home/mohanarangan-t-r/rover_ws/install/rover_gz_sim/share/colcon-core/packages/rover_gz_sim)
[0.270s] DEBUG:colcon.colcon_parallel_executor.executor.parallel:closing loop
[0.270s] DEBUG:colcon.colcon_parallel_executor.executor.parallel:loop closed
[0.270s] DEBUG:colcon.colcon_parallel_executor.executor.parallel:run_until_complete finished with '0'
[0.270s] DEBUG:colcon.colcon_core.event_reactor:joining thread
[0.275s] INFO:colcon.colcon_core.plugin_system:Skipping extension 'colcon_notification.desktop_notification.terminal_notifier': Not used on non-Darwin systems
[0.275s] INFO:colcon.colcon_core.plugin_system:Skipping extension 'colcon_notification.desktop_notification.win32': Not used on non-Windows systems
[0.275s] INFO:colcon.colcon_notification.desktop_notification:Sending desktop notification using 'notify2'
[0.283s] DEBUG:colcon.colcon_core.event_reactor:joined thread
[0.284s] INFO:colcon.colcon_core.shell:Creating prefix script '/home/mohanarangan-t-r/rover_ws/install/local_setup.ps1'
[0.284s] INFO:colcon.colcon_core.shell:Creating prefix util module '/home/mohanarangan-t-r/rover_ws/install/_local_setup_util_ps1.py'
[0.285s] INFO:colcon.colcon_core.shell:Creating prefix chain script '/home/mohanarangan-t-r/rover_ws/install/setup.ps1'
[0.286s] INFO:colcon.colcon_core.shell:Creating prefix script '/home/mohanarangan-t-r/rover_ws/install/local_setup.sh'
[0.286s] INFO:colcon.colcon_core.shell:Creating prefix util module '/home/mohanarangan-t-r/rover_ws/install/_local_setup_util_sh.py'
[0.287s] INFO:colcon.colcon_core.shell:Creating prefix chain script '/home/mohanarangan-t-r/rover_ws/install/setup.sh'
[0.287s] INFO:colcon.colcon_core.shell:Creating prefix script '/home/mohanarangan-t-r/rover_ws/install/local_setup.bash'
[0.288s] INFO:colcon.colcon_core.shell:Creating prefix chain script '/home/mohanarangan-t-r/rover_ws/install/setup.bash'
[0.289s] INFO:colcon.colcon_core.shell:Creating prefix script '/home/mohanarangan-t-r/rover_ws/install/local_setup.zsh'
[0.289s] INFO:colcon.colcon_core.shell:Creating prefix chain script '/home/mohanarangan-t-r/rover_ws/install/setup.zsh'
