[0.041s] Invoking command in '/home/mohanarangan-t-r/rover_ws/build/rover_base': CMAKE_PREFIX_PATH=${CMAKE_PREFIX_PATH}:/opt/ros/jazzy DEBUGINFOD_URLS=https://debuginfod.ubuntu.com /usr/bin/cmake /home/mohanarangan-t-r/rover_ws/src/rover_base -DCMAKE_INSTALL_PREFIX=/home/mohanarangan-t-r/rover_ws/install/rover_base
[0.072s] -- Found ament_cmake: 2.5.4 (/opt/ros/jazzy/share/ament_cmake/cmake)
[0.422s] -- Override CMake install command with custom implementation using symlinks instead of copying resources
[0.443s] -- Found ament_lint_auto: 0.17.3 (/opt/ros/jazzy/share/ament_lint_auto/cmake)
[0.602s] -- Added test 'lint_cmake' to check CMake code style
[0.604s] -- Added test 'xmllint' to check XML markup files
[0.606s] -- Configuring done (0.5s)
[0.616s] -- Generating done (0.0s)
[0.618s] -- Build files have been written to: /home/mohanarangan-t-r/rover_ws/build/rover_base
[0.627s] Invoked command in '/home/mohanarangan-t-r/rover_ws/build/rover_base' returned '0': CMAKE_PREFIX_PATH=${CMAKE_PREFIX_PATH}:/opt/ros/jazzy DEBUGINFOD_URLS=https://debuginfod.ubuntu.com /usr/bin/cmake /home/mohanarangan-t-r/rover_ws/src/rover_base -DCMAKE_INSTALL_PREFIX=/home/mohanarangan-t-r/rover_ws/install/rover_base
[0.628s] Invoking command in '/home/mohanarangan-t-r/rover_ws/build/rover_base': CMAKE_PREFIX_PATH=${CMAKE_PREFIX_PATH}:/opt/ros/jazzy DEBUGINFOD_URLS=https://debuginfod.ubuntu.com /usr/bin/cmake --build /home/mohanarangan-t-r/rover_ws/build/rover_base -- -j16 -l16
[0.731s] Invoked command in '/home/mohanarangan-t-r/rover_ws/build/rover_base' returned '0': CMAKE_PREFIX_PATH=${CMAKE_PREFIX_PATH}:/opt/ros/jazzy DEBUGINFOD_URLS=https://debuginfod.ubuntu.com /usr/bin/cmake --build /home/mohanarangan-t-r/rover_ws/build/rover_base -- -j16 -l16
[0.732s] Invoking command in '/home/mohanarangan-t-r/rover_ws/build/rover_base': CMAKE_PREFIX_PATH=${CMAKE_PREFIX_PATH}:/opt/ros/jazzy DEBUGINFOD_URLS=https://debuginfod.ubuntu.com /usr/bin/cmake --install /home/mohanarangan-t-r/rover_ws/build/rover_base
[0.747s] -- Install configuration: ""
[0.747s] -- Execute custom install script
[0.747s] -- Up-to-date symlink: /home/mohanarangan-t-r/rover_ws/install/rover_base/share/ament_index/resource_index/package_run_dependencies/rover_base
[0.748s] -- Up-to-date symlink: /home/mohanarangan-t-r/rover_ws/install/rover_base/share/ament_index/resource_index/parent_prefix_path/rover_base
[0.748s] -- Up-to-date symlink: /home/mohanarangan-t-r/rover_ws/install/rover_base/share/rover_base/environment/ament_prefix_path.sh
[0.748s] -- Up-to-date symlink: /home/mohanarangan-t-r/rover_ws/install/rover_base/share/rover_base/environment/ament_prefix_path.dsv
[0.749s] -- Up-to-date symlink: /home/mohanarangan-t-r/rover_ws/install/rover_base/share/rover_base/environment/path.sh
[0.749s] -- Up-to-date symlink: /home/mohanarangan-t-r/rover_ws/install/rover_base/share/rover_base/environment/path.dsv
[0.749s] -- Up-to-date symlink: /home/mohanarangan-t-r/rover_ws/install/rover_base/share/rover_base/local_setup.bash
[0.749s] -- Up-to-date symlink: /home/mohanarangan-t-r/rover_ws/install/rover_base/share/rover_base/local_setup.sh
[0.750s] -- Up-to-date symlink: /home/mohanarangan-t-r/rover_ws/install/rover_base/share/rover_base/local_setup.zsh
[0.750s] -- Up-to-date symlink: /home/mohanarangan-t-r/rover_ws/install/rover_base/share/rover_base/local_setup.dsv
[0.750s] -- Symlinking: /home/mohanarangan-t-r/rover_ws/install/rover_base/share/rover_base/package.dsv
[0.767s] -- Up-to-date symlink: /home/mohanarangan-t-r/rover_ws/install/rover_base/share/ament_index/resource_index/packages/rover_base
[0.767s] -- Up-to-date symlink: /home/mohanarangan-t-r/rover_ws/install/rover_base/share/rover_base/cmake/rover_baseConfig.cmake
[0.767s] -- Up-to-date symlink: /home/mohanarangan-t-r/rover_ws/install/rover_base/share/rover_base/cmake/rover_baseConfig-version.cmake
[0.768s] -- Up-to-date symlink: /home/mohanarangan-t-r/rover_ws/install/rover_base/share/rover_base/package.xml
[0.832s] Invoked command in '/home/mohanarangan-t-r/rover_ws/build/rover_base' returned '0': CMAKE_PREFIX_PATH=${CMAKE_PREFIX_PATH}:/opt/ros/jazzy DEBUGINFOD_URLS=https://debuginfod.ubuntu.com /usr/bin/cmake --install /home/mohanarangan-t-r/rover_ws/build/rover_base
