[0.202s] DEBUG:colcon:Command line arguments: ['/usr/bin/colcon', 'build', '--symlink-install']
[0.202s] DEBUG:colcon:Parsed command line arguments: Namespace(log_base=None, log_level=None, verb_name='build', build_base='build', install_base='install', merge_install=False, symlink_install=True, test_result_base=None, continue_on_error=False, executor='parallel', parallel_workers=16, event_handlers=None, ignore_user_meta=False, metas=['./colcon.meta'], base_paths=['.'], packages_ignore=None, packages_ignore_regex=None, paths=None, packages_up_to=None, packages_up_to_regex=None, packages_above=None, packages_above_and_dependencies=None, packages_above_depth=None, packages_select_by_dep=None, packages_skip_by_dep=None, packages_skip_up_to=None, packages_select_build_failed=False, packages_skip_build_finished=False, packages_select_test_failures=False, packages_skip_test_passed=False, packages_select=None, packages_skip=None, packages_select_regex=None, packages_skip_regex=None, packages_start=None, packages_end=None, allow_overriding=[], cmake_args=None, cmake_target=None, cmake_target_skip_unavailable=False, cmake_clean_cache=False, cmake_clean_first=False, cmake_force_configure=False, ament_cmake_args=None, catkin_cmake_args=None, catkin_skip_building_tests=False, mixin_files=None, mixin=None, verb_parser=<colcon_mixin.mixin.mixin_argument.MixinArgumentDecorator object at 0x71bf11ab1730>, verb_extension=<colcon_core.verb.build.BuildVerb object at 0x71bf11ba6990>, main=<bound method BuildVerb.main of <colcon_core.verb.build.BuildVerb object at 0x71bf11ba6990>>, mixin_verb=('build',))
[0.270s] Level 1:colcon.colcon_core.package_discovery:discover_packages(colcon_meta) check parameters
[0.270s] Level 1:colcon.colcon_core.package_discovery:discover_packages(recursive) check parameters
[0.270s] Level 1:colcon.colcon_core.package_discovery:discover_packages(ignore) check parameters
[0.270s] Level 1:colcon.colcon_core.package_discovery:discover_packages(path) check parameters
[0.270s] Level 1:colcon.colcon_core.package_discovery:discover_packages(colcon_meta) discover
[0.270s] Level 1:colcon.colcon_core.package_discovery:discover_packages(recursive) discover
[0.270s] INFO:colcon.colcon_core.package_discovery:Crawling recursively for packages in '/home/mohanarangan-t-r/rover_ws'
[0.270s] Level 1:colcon.colcon_core.package_identification:_identify(.) by extensions ['ignore', 'ignore_ament_install']
[0.270s] Level 1:colcon.colcon_core.package_identification:_identify(.) by extension 'ignore'
[0.271s] Level 1:colcon.colcon_core.package_identification:_identify(.) by extension 'ignore_ament_install'
[0.271s] Level 1:colcon.colcon_core.package_identification:_identify(.) by extensions ['colcon_pkg']
[0.271s] Level 1:colcon.colcon_core.package_identification:_identify(.) by extension 'colcon_pkg'
[0.271s] Level 1:colcon.colcon_core.package_identification:_identify(.) by extensions ['colcon_meta']
[0.271s] Level 1:colcon.colcon_core.package_identification:_identify(.) by extension 'colcon_meta'
[0.271s] Level 1:colcon.colcon_core.package_identification:_identify(.) by extensions ['ros']
[0.271s] Level 1:colcon.colcon_core.package_identification:_identify(.) by extension 'ros'
[0.307s] Level 1:colcon.colcon_core.package_identification:_identify(.) by extensions ['cmake', 'python']
[0.307s] Level 1:colcon.colcon_core.package_identification:_identify(.) by extension 'cmake'
[0.307s] Level 1:colcon.colcon_core.package_identification:_identify(.) by extension 'python'
[0.307s] Level 1:colcon.colcon_core.package_identification:_identify(.) by extensions ['python_setup_py']
[0.307s] Level 1:colcon.colcon_core.package_identification:_identify(.) by extension 'python_setup_py'
[0.308s] Level 1:colcon.colcon_core.package_identification:_identify(build) by extensions ['ignore', 'ignore_ament_install']
[0.308s] Level 1:colcon.colcon_core.package_identification:_identify(build) by extension 'ignore'
[0.308s] Level 1:colcon.colcon_core.package_identification:_identify(build) ignored
[0.308s] Level 1:colcon.colcon_core.package_identification:_identify(install) by extensions ['ignore', 'ignore_ament_install']
[0.308s] Level 1:colcon.colcon_core.package_identification:_identify(install) by extension 'ignore'
[0.308s] Level 1:colcon.colcon_core.package_identification:_identify(install) ignored
[0.308s] Level 1:colcon.colcon_core.package_identification:_identify(log) by extensions ['ignore', 'ignore_ament_install']
[0.308s] Level 1:colcon.colcon_core.package_identification:_identify(log) by extension 'ignore'
[0.308s] Level 1:colcon.colcon_core.package_identification:_identify(log) ignored
[0.308s] Level 1:colcon.colcon_core.package_identification:_identify(src) by extensions ['ignore', 'ignore_ament_install']
[0.309s] Level 1:colcon.colcon_core.package_identification:_identify(src) by extension 'ignore'
[0.309s] Level 1:colcon.colcon_core.package_identification:_identify(src) by extension 'ignore_ament_install'
[0.309s] Level 1:colcon.colcon_core.package_identification:_identify(src) by extensions ['colcon_pkg']
[0.309s] Level 1:colcon.colcon_core.package_identification:_identify(src) by extension 'colcon_pkg'
[0.309s] Level 1:colcon.colcon_core.package_identification:_identify(src) by extensions ['colcon_meta']
[0.309s] Level 1:colcon.colcon_core.package_identification:_identify(src) by extension 'colcon_meta'
[0.309s] Level 1:colcon.colcon_core.package_identification:_identify(src) by extensions ['ros']
[0.309s] Level 1:colcon.colcon_core.package_identification:_identify(src) by extension 'ros'
[0.309s] Level 1:colcon.colcon_core.package_identification:_identify(src) by extensions ['cmake', 'python']
[0.309s] Level 1:colcon.colcon_core.package_identification:_identify(src) by extension 'cmake'
[0.309s] Level 1:colcon.colcon_core.package_identification:_identify(src) by extension 'python'
[0.309s] Level 1:colcon.colcon_core.package_identification:_identify(src) by extensions ['python_setup_py']
[0.309s] Level 1:colcon.colcon_core.package_identification:_identify(src) by extension 'python_setup_py'
[0.309s] Level 1:colcon.colcon_core.package_identification:_identify(src/rover_base) by extensions ['ignore', 'ignore_ament_install']
[0.309s] Level 1:colcon.colcon_core.package_identification:_identify(src/rover_base) by extension 'ignore'
[0.309s] Level 1:colcon.colcon_core.package_identification:_identify(src/rover_base) by extension 'ignore_ament_install'
[0.309s] Level 1:colcon.colcon_core.package_identification:_identify(src/rover_base) by extensions ['colcon_pkg']
[0.309s] Level 1:colcon.colcon_core.package_identification:_identify(src/rover_base) by extension 'colcon_pkg'
[0.309s] Level 1:colcon.colcon_core.package_identification:_identify(src/rover_base) by extensions ['colcon_meta']
[0.310s] Level 1:colcon.colcon_core.package_identification:_identify(src/rover_base) by extension 'colcon_meta'
[0.310s] Level 1:colcon.colcon_core.package_identification:_identify(src/rover_base) by extensions ['ros']
[0.310s] Level 1:colcon.colcon_core.package_identification:_identify(src/rover_base) by extension 'ros'
[0.314s] DEBUG:colcon.colcon_core.package_identification:Package 'src/rover_base' with type 'ros.ament_cmake' and name 'rover_base'
[0.314s] Level 1:colcon.colcon_core.package_identification:_identify(src/rover_bringup) by extensions ['ignore', 'ignore_ament_install']
[0.314s] Level 1:colcon.colcon_core.package_identification:_identify(src/rover_bringup) by extension 'ignore'
[0.314s] Level 1:colcon.colcon_core.package_identification:_identify(src/rover_bringup) by extension 'ignore_ament_install'
[0.314s] Level 1:colcon.colcon_core.package_identification:_identify(src/rover_bringup) by extensions ['colcon_pkg']
[0.314s] Level 1:colcon.colcon_core.package_identification:_identify(src/rover_bringup) by extension 'colcon_pkg'
[0.314s] Level 1:colcon.colcon_core.package_identification:_identify(src/rover_bringup) by extensions ['colcon_meta']
[0.314s] Level 1:colcon.colcon_core.package_identification:_identify(src/rover_bringup) by extension 'colcon_meta'
[0.314s] Level 1:colcon.colcon_core.package_identification:_identify(src/rover_bringup) by extensions ['ros']
[0.314s] Level 1:colcon.colcon_core.package_identification:_identify(src/rover_bringup) by extension 'ros'
[0.315s] DEBUG:colcon.colcon_core.package_identification:Package 'src/rover_bringup' with type 'ros.ament_cmake' and name 'rover_bringup'
[0.315s] Level 1:colcon.colcon_core.package_identification:_identify(src/rover_description) by extensions ['ignore', 'ignore_ament_install']
[0.315s] Level 1:colcon.colcon_core.package_identification:_identify(src/rover_description) by extension 'ignore'
[0.315s] Level 1:colcon.colcon_core.package_identification:_identify(src/rover_description) by extension 'ignore_ament_install'
[0.315s] Level 1:colcon.colcon_core.package_identification:_identify(src/rover_description) by extensions ['colcon_pkg']
[0.315s] Level 1:colcon.colcon_core.package_identification:_identify(src/rover_description) by extension 'colcon_pkg'
[0.315s] Level 1:colcon.colcon_core.package_identification:_identify(src/rover_description) by extensions ['colcon_meta']
[0.315s] Level 1:colcon.colcon_core.package_identification:_identify(src/rover_description) by extension 'colcon_meta'
[0.315s] Level 1:colcon.colcon_core.package_identification:_identify(src/rover_description) by extensions ['ros']
[0.315s] Level 1:colcon.colcon_core.package_identification:_identify(src/rover_description) by extension 'ros'
[0.316s] DEBUG:colcon.colcon_core.package_identification:Package 'src/rover_description' with type 'ros.ament_cmake' and name 'rover_description'
[0.316s] Level 1:colcon.colcon_core.package_identification:_identify(src/rover_gz_sim) by extensions ['ignore', 'ignore_ament_install']
[0.316s] Level 1:colcon.colcon_core.package_identification:_identify(src/rover_gz_sim) by extension 'ignore'
[0.316s] Level 1:colcon.colcon_core.package_identification:_identify(src/rover_gz_sim) by extension 'ignore_ament_install'
[0.316s] Level 1:colcon.colcon_core.package_identification:_identify(src/rover_gz_sim) by extensions ['colcon_pkg']
[0.316s] Level 1:colcon.colcon_core.package_identification:_identify(src/rover_gz_sim) by extension 'colcon_pkg'
[0.317s] Level 1:colcon.colcon_core.package_identification:_identify(src/rover_gz_sim) by extensions ['colcon_meta']
[0.317s] Level 1:colcon.colcon_core.package_identification:_identify(src/rover_gz_sim) by extension 'colcon_meta'
[0.317s] Level 1:colcon.colcon_core.package_identification:_identify(src/rover_gz_sim) by extensions ['ros']
[0.317s] Level 1:colcon.colcon_core.package_identification:_identify(src/rover_gz_sim) by extension 'ros'
[0.317s] DEBUG:colcon.colcon_core.package_identification:Package 'src/rover_gz_sim' with type 'ros.ament_cmake' and name 'rover_gz_sim'
[0.317s] Level 1:colcon.colcon_core.package_discovery:discover_packages(recursive) using defaults
[0.318s] Level 1:colcon.colcon_core.package_discovery:discover_packages(ignore) discover
[0.318s] Level 1:colcon.colcon_core.package_discovery:discover_packages(ignore) using defaults
[0.318s] Level 1:colcon.colcon_core.package_discovery:discover_packages(path) discover
[0.318s] Level 1:colcon.colcon_core.package_discovery:discover_packages(path) using defaults
[0.348s] Level 1:colcon.colcon_core.package_discovery:discover_packages(prefix_path) check parameters
[0.348s] Level 1:colcon.colcon_core.package_discovery:discover_packages(prefix_path) discover
[0.352s] DEBUG:colcon.colcon_installed_package_information.package_discovery:Found 4 installed packages in /home/mohanarangan-t-r/rover_ws/install
[0.352s] DEBUG:colcon.colcon_installed_package_information.package_discovery:Found 4 installed packages in /home/mohanarangan-t-r/install
[0.355s] DEBUG:colcon.colcon_installed_package_information.package_discovery:Found 422 installed packages in /opt/ros/jazzy
[0.358s] Level 1:colcon.colcon_core.package_discovery:discover_packages(prefix_path) using defaults
[0.422s] Level 5:colcon.colcon_core.verb:set package 'rover_base' build argument 'cmake_args' from command line to 'None'
[0.422s] Level 5:colcon.colcon_core.verb:set package 'rover_base' build argument 'cmake_target' from command line to 'None'
[0.422s] Level 5:colcon.colcon_core.verb:set package 'rover_base' build argument 'cmake_target_skip_unavailable' from command line to 'False'
[0.422s] Level 5:colcon.colcon_core.verb:set package 'rover_base' build argument 'cmake_clean_cache' from command line to 'False'
[0.422s] Level 5:colcon.colcon_core.verb:set package 'rover_base' build argument 'cmake_clean_first' from command line to 'False'
[0.423s] Level 5:colcon.colcon_core.verb:set package 'rover_base' build argument 'cmake_force_configure' from command line to 'False'
[0.423s] Level 5:colcon.colcon_core.verb:set package 'rover_base' build argument 'ament_cmake_args' from command line to 'None'
[0.423s] Level 5:colcon.colcon_core.verb:set package 'rover_base' build argument 'catkin_cmake_args' from command line to 'None'
[0.423s] Level 5:colcon.colcon_core.verb:set package 'rover_base' build argument 'catkin_skip_building_tests' from command line to 'False'
[0.423s] DEBUG:colcon.colcon_core.verb:Building package 'rover_base' with the following arguments: {'ament_cmake_args': None, 'build_base': '/home/mohanarangan-t-r/rover_ws/build/rover_base', 'catkin_cmake_args': None, 'catkin_skip_building_tests': False, 'cmake_args': None, 'cmake_clean_cache': False, 'cmake_clean_first': False, 'cmake_force_configure': False, 'cmake_target': None, 'cmake_target_skip_unavailable': False, 'install_base': '/home/mohanarangan-t-r/rover_ws/install/rover_base', 'merge_install': False, 'path': '/home/mohanarangan-t-r/rover_ws/src/rover_base', 'symlink_install': True, 'test_result_base': None}
[0.423s] Level 5:colcon.colcon_core.verb:set package 'rover_bringup' build argument 'cmake_args' from command line to 'None'
[0.423s] Level 5:colcon.colcon_core.verb:set package 'rover_bringup' build argument 'cmake_target' from command line to 'None'
[0.423s] Level 5:colcon.colcon_core.verb:set package 'rover_bringup' build argument 'cmake_target_skip_unavailable' from command line to 'False'
[0.423s] Level 5:colcon.colcon_core.verb:set package 'rover_bringup' build argument 'cmake_clean_cache' from command line to 'False'
[0.423s] Level 5:colcon.colcon_core.verb:set package 'rover_bringup' build argument 'cmake_clean_first' from command line to 'False'
[0.423s] Level 5:colcon.colcon_core.verb:set package 'rover_bringup' build argument 'cmake_force_configure' from command line to 'False'
[0.423s] Level 5:colcon.colcon_core.verb:set package 'rover_bringup' build argument 'ament_cmake_args' from command line to 'None'
[0.423s] Level 5:colcon.colcon_core.verb:set package 'rover_bringup' build argument 'catkin_cmake_args' from command line to 'None'
[0.423s] Level 5:colcon.colcon_core.verb:set package 'rover_bringup' build argument 'catkin_skip_building_tests' from command line to 'False'
[0.423s] DEBUG:colcon.colcon_core.verb:Building package 'rover_bringup' with the following arguments: {'ament_cmake_args': None, 'build_base': '/home/mohanarangan-t-r/rover_ws/build/rover_bringup', 'catkin_cmake_args': None, 'catkin_skip_building_tests': False, 'cmake_args': None, 'cmake_clean_cache': False, 'cmake_clean_first': False, 'cmake_force_configure': False, 'cmake_target': None, 'cmake_target_skip_unavailable': False, 'install_base': '/home/mohanarangan-t-r/rover_ws/install/rover_bringup', 'merge_install': False, 'path': '/home/mohanarangan-t-r/rover_ws/src/rover_bringup', 'symlink_install': True, 'test_result_base': None}
[0.424s] Level 5:colcon.colcon_core.verb:set package 'rover_description' build argument 'cmake_args' from command line to 'None'
[0.424s] Level 5:colcon.colcon_core.verb:set package 'rover_description' build argument 'cmake_target' from command line to 'None'
[0.424s] Level 5:colcon.colcon_core.verb:set package 'rover_description' build argument 'cmake_target_skip_unavailable' from command line to 'False'
[0.424s] Level 5:colcon.colcon_core.verb:set package 'rover_description' build argument 'cmake_clean_cache' from command line to 'False'
[0.424s] Level 5:colcon.colcon_core.verb:set package 'rover_description' build argument 'cmake_clean_first' from command line to 'False'
[0.424s] Level 5:colcon.colcon_core.verb:set package 'rover_description' build argument 'cmake_force_configure' from command line to 'False'
[0.424s] Level 5:colcon.colcon_core.verb:set package 'rover_description' build argument 'ament_cmake_args' from command line to 'None'
[0.424s] Level 5:colcon.colcon_core.verb:set package 'rover_description' build argument 'catkin_cmake_args' from command line to 'None'
[0.424s] Level 5:colcon.colcon_core.verb:set package 'rover_description' build argument 'catkin_skip_building_tests' from command line to 'False'
[0.424s] DEBUG:colcon.colcon_core.verb:Building package 'rover_description' with the following arguments: {'ament_cmake_args': None, 'build_base': '/home/mohanarangan-t-r/rover_ws/build/rover_description', 'catkin_cmake_args': None, 'catkin_skip_building_tests': False, 'cmake_args': None, 'cmake_clean_cache': False, 'cmake_clean_first': False, 'cmake_force_configure': False, 'cmake_target': None, 'cmake_target_skip_unavailable': False, 'install_base': '/home/mohanarangan-t-r/rover_ws/install/rover_description', 'merge_install': False, 'path': '/home/mohanarangan-t-r/rover_ws/src/rover_description', 'symlink_install': True, 'test_result_base': None}
[0.424s] Level 5:colcon.colcon_core.verb:set package 'rover_gz_sim' build argument 'cmake_args' from command line to 'None'
[0.424s] Level 5:colcon.colcon_core.verb:set package 'rover_gz_sim' build argument 'cmake_target' from command line to 'None'
[0.424s] Level 5:colcon.colcon_core.verb:set package 'rover_gz_sim' build argument 'cmake_target_skip_unavailable' from command line to 'False'
[0.424s] Level 5:colcon.colcon_core.verb:set package 'rover_gz_sim' build argument 'cmake_clean_cache' from command line to 'False'
[0.424s] Level 5:colcon.colcon_core.verb:set package 'rover_gz_sim' build argument 'cmake_clean_first' from command line to 'False'
[0.424s] Level 5:colcon.colcon_core.verb:set package 'rover_gz_sim' build argument 'cmake_force_configure' from command line to 'False'
[0.424s] Level 5:colcon.colcon_core.verb:set package 'rover_gz_sim' build argument 'ament_cmake_args' from command line to 'None'
[0.424s] Level 5:colcon.colcon_core.verb:set package 'rover_gz_sim' build argument 'catkin_cmake_args' from command line to 'None'
[0.424s] Level 5:colcon.colcon_core.verb:set package 'rover_gz_sim' build argument 'catkin_skip_building_tests' from command line to 'False'
[0.424s] DEBUG:colcon.colcon_core.verb:Building package 'rover_gz_sim' with the following arguments: {'ament_cmake_args': None, 'build_base': '/home/mohanarangan-t-r/rover_ws/build/rover_gz_sim', 'catkin_cmake_args': None, 'catkin_skip_building_tests': False, 'cmake_args': None, 'cmake_clean_cache': False, 'cmake_clean_first': False, 'cmake_force_configure': False, 'cmake_target': None, 'cmake_target_skip_unavailable': False, 'install_base': '/home/mohanarangan-t-r/rover_ws/install/rover_gz_sim', 'merge_install': False, 'path': '/home/mohanarangan-t-r/rover_ws/src/rover_gz_sim', 'symlink_install': True, 'test_result_base': None}
[0.424s] INFO:colcon.colcon_core.executor:Executing jobs using 'parallel' executor
[0.426s] DEBUG:colcon.colcon_parallel_executor.executor.parallel:run_until_complete
[0.426s] INFO:colcon.colcon_ros.task.ament_cmake.build:Building ROS package in '/home/mohanarangan-t-r/rover_ws/src/rover_base' with build type 'ament_cmake'
[0.426s] INFO:colcon.colcon_cmake.task.cmake.build:Building CMake package in '/home/mohanarangan-t-r/rover_ws/src/rover_base'
[0.433s] INFO:colcon.colcon_core.plugin_system:Skipping extension 'colcon_core.shell.bat': Not used on non-Windows systems
[0.433s] INFO:colcon.colcon_core.shell:Skip shell extension 'powershell' for command environment: Not usable outside of PowerShell
[0.433s] DEBUG:colcon.colcon_core.shell:Skip shell extension 'dsv' for command environment
[0.441s] INFO:colcon.colcon_ros.task.ament_cmake.build:Building ROS package in '/home/mohanarangan-t-r/rover_ws/src/rover_bringup' with build type 'ament_cmake'
[0.441s] INFO:colcon.colcon_cmake.task.cmake.build:Building CMake package in '/home/mohanarangan-t-r/rover_ws/src/rover_bringup'
[0.441s] INFO:colcon.colcon_core.shell:Skip shell extension 'powershell' for command environment: Not usable outside of PowerShell
[0.441s] DEBUG:colcon.colcon_core.shell:Skip shell extension 'dsv' for command environment
[0.448s] INFO:colcon.colcon_ros.task.ament_cmake.build:Building ROS package in '/home/mohanarangan-t-r/rover_ws/src/rover_description' with build type 'ament_cmake'
[0.448s] INFO:colcon.colcon_cmake.task.cmake.build:Building CMake package in '/home/mohanarangan-t-r/rover_ws/src/rover_description'
[0.448s] INFO:colcon.colcon_core.shell:Skip shell extension 'powershell' for command environment: Not usable outside of PowerShell
[0.448s] DEBUG:colcon.colcon_core.shell:Skip shell extension 'dsv' for command environment
[0.455s] INFO:colcon.colcon_ros.task.ament_cmake.build:Building ROS package in '/home/mohanarangan-t-r/rover_ws/src/rover_gz_sim' with build type 'ament_cmake'
[0.455s] INFO:colcon.colcon_cmake.task.cmake.build:Building CMake package in '/home/mohanarangan-t-r/rover_ws/src/rover_gz_sim'
[0.455s] INFO:colcon.colcon_core.shell:Skip shell extension 'powershell' for command environment: Not usable outside of PowerShell
[0.456s] DEBUG:colcon.colcon_core.shell:Skip shell extension 'dsv' for command environment
[0.467s] DEBUG:colcon.colcon_core.event_handler.log_command:Invoking command in '/home/mohanarangan-t-r/rover_ws/build/rover_base': CMAKE_PREFIX_PATH=${CMAKE_PREFIX_PATH}:/opt/ros/jazzy DEBUGINFOD_URLS=https://debuginfod.ubuntu.com /usr/bin/cmake --build /home/mohanarangan-t-r/rover_ws/build/rover_base -- -j16 -l16
[0.472s] DEBUG:colcon.colcon_core.event_handler.log_command:Invoking command in '/home/mohanarangan-t-r/rover_ws/build/rover_bringup': CMAKE_PREFIX_PATH=${CMAKE_PREFIX_PATH}:/opt/ros/jazzy DEBUGINFOD_URLS=https://debuginfod.ubuntu.com /usr/bin/cmake --build /home/mohanarangan-t-r/rover_ws/build/rover_bringup -- -j16 -l16
[0.476s] DEBUG:colcon.colcon_core.event_handler.log_command:Invoking command in '/home/mohanarangan-t-r/rover_ws/build/rover_description': CMAKE_PREFIX_PATH=${CMAKE_PREFIX_PATH}:/opt/ros/jazzy DEBUGINFOD_URLS=https://debuginfod.ubuntu.com /usr/bin/cmake --build /home/mohanarangan-t-r/rover_ws/build/rover_description -- -j16 -l16
[0.482s] DEBUG:colcon.colcon_core.event_handler.log_command:Invoking command in '/home/mohanarangan-t-r/rover_ws/build/rover_gz_sim': CMAKE_PREFIX_PATH=${CMAKE_PREFIX_PATH}:/opt/ros/jazzy DEBUGINFOD_URLS=https://debuginfod.ubuntu.com /usr/bin/cmake --build /home/mohanarangan-t-r/rover_ws/build/rover_gz_sim -- -j16 -l16
[0.561s] DEBUG:colcon.colcon_core.event_handler.log_command:Invoked command in '/home/mohanarangan-t-r/rover_ws/build/rover_description' returned '0': CMAKE_PREFIX_PATH=${CMAKE_PREFIX_PATH}:/opt/ros/jazzy DEBUGINFOD_URLS=https://debuginfod.ubuntu.com /usr/bin/cmake --build /home/mohanarangan-t-r/rover_ws/build/rover_description -- -j16 -l16
[0.582s] DEBUG:colcon.colcon_core.event_handler.log_command:Invoking command in '/home/mohanarangan-t-r/rover_ws/build/rover_description': CMAKE_PREFIX_PATH=${CMAKE_PREFIX_PATH}:/opt/ros/jazzy DEBUGINFOD_URLS=https://debuginfod.ubuntu.com /usr/bin/cmake --install /home/mohanarangan-t-r/rover_ws/build/rover_description
[0.584s] DEBUG:colcon.colcon_core.event_handler.log_command:Invoked command in '/home/mohanarangan-t-r/rover_ws/build/rover_base' returned '0': CMAKE_PREFIX_PATH=${CMAKE_PREFIX_PATH}:/opt/ros/jazzy DEBUGINFOD_URLS=https://debuginfod.ubuntu.com /usr/bin/cmake --build /home/mohanarangan-t-r/rover_ws/build/rover_base -- -j16 -l16
[0.586s] DEBUG:colcon.colcon_core.event_handler.log_command:Invoking command in '/home/mohanarangan-t-r/rover_ws/build/rover_base': CMAKE_PREFIX_PATH=${CMAKE_PREFIX_PATH}:/opt/ros/jazzy DEBUGINFOD_URLS=https://debuginfod.ubuntu.com /usr/bin/cmake --install /home/mohanarangan-t-r/rover_ws/build/rover_base
[0.587s] DEBUG:colcon.colcon_core.event_handler.log_command:Invoked command in '/home/mohanarangan-t-r/rover_ws/build/rover_bringup' returned '0': CMAKE_PREFIX_PATH=${CMAKE_PREFIX_PATH}:/opt/ros/jazzy DEBUGINFOD_URLS=https://debuginfod.ubuntu.com /usr/bin/cmake --build /home/mohanarangan-t-r/rover_ws/build/rover_bringup -- -j16 -l16
[0.588s] DEBUG:colcon.colcon_core.event_handler.log_command:Invoking command in '/home/mohanarangan-t-r/rover_ws/build/rover_bringup': CMAKE_PREFIX_PATH=${CMAKE_PREFIX_PATH}:/opt/ros/jazzy DEBUGINFOD_URLS=https://debuginfod.ubuntu.com /usr/bin/cmake --install /home/mohanarangan-t-r/rover_ws/build/rover_bringup
[0.589s] DEBUG:colcon.colcon_core.event_handler.log_command:Invoked command in '/home/mohanarangan-t-r/rover_ws/build/rover_gz_sim' returned '0': CMAKE_PREFIX_PATH=${CMAKE_PREFIX_PATH}:/opt/ros/jazzy DEBUGINFOD_URLS=https://debuginfod.ubuntu.com /usr/bin/cmake --build /home/mohanarangan-t-r/rover_ws/build/rover_gz_sim -- -j16 -l16
[0.590s] DEBUG:colcon.colcon_core.event_handler.log_command:Invoking command in '/home/mohanarangan-t-r/rover_ws/build/rover_gz_sim': CMAKE_PREFIX_PATH=${CMAKE_PREFIX_PATH}:/opt/ros/jazzy DEBUGINFOD_URLS=https://debuginfod.ubuntu.com /usr/bin/cmake --install /home/mohanarangan-t-r/rover_ws/build/rover_gz_sim
[0.628s] Level 1:colcon.colcon_core.environment:create_environment_scripts_only(rover_description)
[0.629s] DEBUG:colcon.colcon_core.event_handler.log_command:Invoked command in '/home/mohanarangan-t-r/rover_ws/build/rover_description' returned '0': CMAKE_PREFIX_PATH=${CMAKE_PREFIX_PATH}:/opt/ros/jazzy DEBUGINFOD_URLS=https://debuginfod.ubuntu.com /usr/bin/cmake --install /home/mohanarangan-t-r/rover_ws/build/rover_description
[0.636s] Level 1:colcon.colcon_core.environment:checking '/home/mohanarangan-t-r/rover_ws/install/rover_description' for CMake module files
[0.636s] Level 1:colcon.colcon_core.environment:checking '/home/mohanarangan-t-r/rover_ws/install/rover_description' for CMake config files
[0.637s] Level 1:colcon.colcon_core.shell:create_environment_hook('rover_description', 'cmake_prefix_path')
[0.637s] INFO:colcon.colcon_core.shell:Creating environment hook '/home/mohanarangan-t-r/rover_ws/install/rover_description/share/rover_description/hook/cmake_prefix_path.ps1'
[0.638s] INFO:colcon.colcon_core.shell:Creating environment descriptor '/home/mohanarangan-t-r/rover_ws/install/rover_description/share/rover_description/hook/cmake_prefix_path.dsv'
[0.639s] INFO:colcon.colcon_core.shell:Creating environment hook '/home/mohanarangan-t-r/rover_ws/install/rover_description/share/rover_description/hook/cmake_prefix_path.sh'
[0.640s] Level 1:colcon.colcon_core.environment:checking '/home/mohanarangan-t-r/rover_ws/install/rover_description/bin'
[0.640s] Level 1:colcon.colcon_core.environment:checking '/home/mohanarangan-t-r/rover_ws/install/rover_description/lib/pkgconfig/rover_description.pc'
[0.641s] Level 1:colcon.colcon_core.environment:checking '/home/mohanarangan-t-r/rover_ws/install/rover_description/lib/python3.12/site-packages'
[0.641s] Level 1:colcon.colcon_core.environment:checking '/home/mohanarangan-t-r/rover_ws/install/rover_description/bin'
[0.641s] INFO:colcon.colcon_core.shell:Creating package script '/home/mohanarangan-t-r/rover_ws/install/rover_description/share/rover_description/package.ps1'
[0.642s] INFO:colcon.colcon_core.shell:Creating package descriptor '/home/mohanarangan-t-r/rover_ws/install/rover_description/share/rover_description/package.dsv'
[0.643s] INFO:colcon.colcon_core.shell:Creating package script '/home/mohanarangan-t-r/rover_ws/install/rover_description/share/rover_description/package.sh'
[0.644s] INFO:colcon.colcon_core.shell:Creating package script '/home/mohanarangan-t-r/rover_ws/install/rover_description/share/rover_description/package.bash'
[0.645s] INFO:colcon.colcon_core.shell:Creating package script '/home/mohanarangan-t-r/rover_ws/install/rover_description/share/rover_description/package.zsh'
[0.646s] Level 1:colcon.colcon_core.environment:create_file_with_runtime_dependencies(/home/mohanarangan-t-r/rover_ws/install/rover_description/share/colcon-core/packages/rover_description)
[0.647s] Level 1:colcon.colcon_core.environment:create_environment_scripts_only(rover_description)
[0.647s] Level 1:colcon.colcon_core.environment:checking '/home/mohanarangan-t-r/rover_ws/install/rover_description' for CMake module files
[0.648s] Level 1:colcon.colcon_core.environment:checking '/home/mohanarangan-t-r/rover_ws/install/rover_description' for CMake config files
[0.648s] Level 1:colcon.colcon_core.shell:create_environment_hook('rover_description', 'cmake_prefix_path')
[0.649s] INFO:colcon.colcon_core.shell:Creating environment hook '/home/mohanarangan-t-r/rover_ws/install/rover_description/share/rover_description/hook/cmake_prefix_path.ps1'
[0.649s] INFO:colcon.colcon_core.shell:Creating environment descriptor '/home/mohanarangan-t-r/rover_ws/install/rover_description/share/rover_description/hook/cmake_prefix_path.dsv'
[0.649s] INFO:colcon.colcon_core.shell:Creating environment hook '/home/mohanarangan-t-r/rover_ws/install/rover_description/share/rover_description/hook/cmake_prefix_path.sh'
[0.650s] Level 1:colcon.colcon_core.environment:checking '/home/mohanarangan-t-r/rover_ws/install/rover_description/bin'
[0.650s] Level 1:colcon.colcon_core.environment:checking '/home/mohanarangan-t-r/rover_ws/install/rover_description/lib/pkgconfig/rover_description.pc'
[0.651s] Level 1:colcon.colcon_core.environment:checking '/home/mohanarangan-t-r/rover_ws/install/rover_description/lib/python3.12/site-packages'
[0.651s] Level 1:colcon.colcon_core.environment:checking '/home/mohanarangan-t-r/rover_ws/install/rover_description/bin'
[0.651s] INFO:colcon.colcon_core.shell:Creating package script '/home/mohanarangan-t-r/rover_ws/install/rover_description/share/rover_description/package.ps1'
[0.652s] INFO:colcon.colcon_core.shell:Creating package descriptor '/home/mohanarangan-t-r/rover_ws/install/rover_description/share/rover_description/package.dsv'
[0.652s] INFO:colcon.colcon_core.shell:Creating package script '/home/mohanarangan-t-r/rover_ws/install/rover_description/share/rover_description/package.sh'
[0.653s] INFO:colcon.colcon_core.shell:Creating package script '/home/mohanarangan-t-r/rover_ws/install/rover_description/share/rover_description/package.bash'
[0.654s] INFO:colcon.colcon_core.shell:Creating package script '/home/mohanarangan-t-r/rover_ws/install/rover_description/share/rover_description/package.zsh'
[0.654s] Level 1:colcon.colcon_core.environment:create_file_with_runtime_dependencies(/home/mohanarangan-t-r/rover_ws/install/rover_description/share/colcon-core/packages/rover_description)
[0.654s] Level 1:colcon.colcon_core.environment:create_environment_scripts_only(rover_base)
[0.655s] Level 1:colcon.colcon_core.environment:checking '/home/mohanarangan-t-r/rover_ws/install/rover_base' for CMake module files
[0.656s] DEBUG:colcon.colcon_core.event_handler.log_command:Invoked command in '/home/mohanarangan-t-r/rover_ws/build/rover_base' returned '0': CMAKE_PREFIX_PATH=${CMAKE_PREFIX_PATH}:/opt/ros/jazzy DEBUGINFOD_URLS=https://debuginfod.ubuntu.com /usr/bin/cmake --install /home/mohanarangan-t-r/rover_ws/build/rover_base
[0.656s] Level 1:colcon.colcon_core.environment:checking '/home/mohanarangan-t-r/rover_ws/install/rover_base' for CMake config files
[0.657s] Level 1:colcon.colcon_core.shell:create_environment_hook('rover_base', 'cmake_prefix_path')
[0.657s] INFO:colcon.colcon_core.shell:Creating environment hook '/home/mohanarangan-t-r/rover_ws/install/rover_base/share/rover_base/hook/cmake_prefix_path.ps1'
[0.658s] INFO:colcon.colcon_core.shell:Creating environment descriptor '/home/mohanarangan-t-r/rover_ws/install/rover_base/share/rover_base/hook/cmake_prefix_path.dsv'
[0.658s] INFO:colcon.colcon_core.shell:Creating environment hook '/home/mohanarangan-t-r/rover_ws/install/rover_base/share/rover_base/hook/cmake_prefix_path.sh'
[0.659s] Level 1:colcon.colcon_core.environment:checking '/home/mohanarangan-t-r/rover_ws/install/rover_base/bin'
[0.659s] Level 1:colcon.colcon_core.environment:checking '/home/mohanarangan-t-r/rover_ws/install/rover_base/lib/pkgconfig/rover_base.pc'
[0.659s] Level 1:colcon.colcon_core.environment:checking '/home/mohanarangan-t-r/rover_ws/install/rover_base/lib/python3.12/site-packages'
[0.660s] Level 1:colcon.colcon_core.environment:checking '/home/mohanarangan-t-r/rover_ws/install/rover_base/bin'
[0.660s] INFO:colcon.colcon_core.shell:Creating package script '/home/mohanarangan-t-r/rover_ws/install/rover_base/share/rover_base/package.ps1'
[0.660s] INFO:colcon.colcon_core.shell:Creating package descriptor '/home/mohanarangan-t-r/rover_ws/install/rover_base/share/rover_base/package.dsv'
[0.661s] INFO:colcon.colcon_core.shell:Creating package script '/home/mohanarangan-t-r/rover_ws/install/rover_base/share/rover_base/package.sh'
[0.662s] INFO:colcon.colcon_core.shell:Creating package script '/home/mohanarangan-t-r/rover_ws/install/rover_base/share/rover_base/package.bash'
[0.662s] INFO:colcon.colcon_core.shell:Creating package script '/home/mohanarangan-t-r/rover_ws/install/rover_base/share/rover_base/package.zsh'
[0.662s] Level 1:colcon.colcon_core.environment:create_file_with_runtime_dependencies(/home/mohanarangan-t-r/rover_ws/install/rover_base/share/colcon-core/packages/rover_base)
[0.663s] Level 1:colcon.colcon_core.environment:create_environment_scripts_only(rover_base)
[0.663s] Level 1:colcon.colcon_core.environment:checking '/home/mohanarangan-t-r/rover_ws/install/rover_base' for CMake module files
[0.664s] Level 1:colcon.colcon_core.environment:checking '/home/mohanarangan-t-r/rover_ws/install/rover_base' for CMake config files
[0.664s] Level 1:colcon.colcon_core.shell:create_environment_hook('rover_base', 'cmake_prefix_path')
[0.664s] INFO:colcon.colcon_core.shell:Creating environment hook '/home/mohanarangan-t-r/rover_ws/install/rover_base/share/rover_base/hook/cmake_prefix_path.ps1'
[0.665s] INFO:colcon.colcon_core.shell:Creating environment descriptor '/home/mohanarangan-t-r/rover_ws/install/rover_base/share/rover_base/hook/cmake_prefix_path.dsv'
[0.665s] INFO:colcon.colcon_core.shell:Creating environment hook '/home/mohanarangan-t-r/rover_ws/install/rover_base/share/rover_base/hook/cmake_prefix_path.sh'
[0.666s] Level 1:colcon.colcon_core.environment:checking '/home/mohanarangan-t-r/rover_ws/install/rover_base/bin'
[0.666s] Level 1:colcon.colcon_core.environment:checking '/home/mohanarangan-t-r/rover_ws/install/rover_base/lib/pkgconfig/rover_base.pc'
[0.666s] Level 1:colcon.colcon_core.environment:checking '/home/mohanarangan-t-r/rover_ws/install/rover_base/lib/python3.12/site-packages'
[0.667s] Level 1:colcon.colcon_core.environment:checking '/home/mohanarangan-t-r/rover_ws/install/rover_base/bin'
[0.667s] INFO:colcon.colcon_core.shell:Creating package script '/home/mohanarangan-t-r/rover_ws/install/rover_base/share/rover_base/package.ps1'
[0.667s] INFO:colcon.colcon_core.shell:Creating package descriptor '/home/mohanarangan-t-r/rover_ws/install/rover_base/share/rover_base/package.dsv'
[0.668s] INFO:colcon.colcon_core.shell:Creating package script '/home/mohanarangan-t-r/rover_ws/install/rover_base/share/rover_base/package.sh'
[0.669s] INFO:colcon.colcon_core.shell:Creating package script '/home/mohanarangan-t-r/rover_ws/install/rover_base/share/rover_base/package.bash'
[0.669s] INFO:colcon.colcon_core.shell:Creating package script '/home/mohanarangan-t-r/rover_ws/install/rover_base/share/rover_base/package.zsh'
[0.670s] Level 1:colcon.colcon_core.environment:create_file_with_runtime_dependencies(/home/mohanarangan-t-r/rover_ws/install/rover_base/share/colcon-core/packages/rover_base)
[0.670s] Level 1:colcon.colcon_core.environment:create_environment_scripts_only(rover_bringup)
[0.670s] Level 1:colcon.colcon_core.environment:checking '/home/mohanarangan-t-r/rover_ws/install/rover_bringup' for CMake module files
[0.672s] DEBUG:colcon.colcon_core.event_handler.log_command:Invoked command in '/home/mohanarangan-t-r/rover_ws/build/rover_bringup' returned '0': CMAKE_PREFIX_PATH=${CMAKE_PREFIX_PATH}:/opt/ros/jazzy DEBUGINFOD_URLS=https://debuginfod.ubuntu.com /usr/bin/cmake --install /home/mohanarangan-t-r/rover_ws/build/rover_bringup
[0.672s] Level 1:colcon.colcon_core.environment:checking '/home/mohanarangan-t-r/rover_ws/install/rover_bringup' for CMake config files
[0.673s] Level 1:colcon.colcon_core.shell:create_environment_hook('rover_bringup', 'cmake_prefix_path')
[0.673s] INFO:colcon.colcon_core.shell:Creating environment hook '/home/mohanarangan-t-r/rover_ws/install/rover_bringup/share/rover_bringup/hook/cmake_prefix_path.ps1'
[0.674s] INFO:colcon.colcon_core.shell:Creating environment descriptor '/home/mohanarangan-t-r/rover_ws/install/rover_bringup/share/rover_bringup/hook/cmake_prefix_path.dsv'
[0.674s] INFO:colcon.colcon_core.shell:Creating environment hook '/home/mohanarangan-t-r/rover_ws/install/rover_bringup/share/rover_bringup/hook/cmake_prefix_path.sh'
[0.675s] Level 1:colcon.colcon_core.environment:checking '/home/mohanarangan-t-r/rover_ws/install/rover_bringup/bin'
[0.675s] Level 1:colcon.colcon_core.environment:checking '/home/mohanarangan-t-r/rover_ws/install/rover_bringup/lib/pkgconfig/rover_bringup.pc'
[0.675s] Level 1:colcon.colcon_core.environment:checking '/home/mohanarangan-t-r/rover_ws/install/rover_bringup/lib/python3.12/site-packages'
[0.676s] Level 1:colcon.colcon_core.environment:checking '/home/mohanarangan-t-r/rover_ws/install/rover_bringup/bin'
[0.676s] INFO:colcon.colcon_core.shell:Creating package script '/home/mohanarangan-t-r/rover_ws/install/rover_bringup/share/rover_bringup/package.ps1'
[0.677s] INFO:colcon.colcon_core.shell:Creating package descriptor '/home/mohanarangan-t-r/rover_ws/install/rover_bringup/share/rover_bringup/package.dsv'
[0.677s] INFO:colcon.colcon_core.shell:Creating package script '/home/mohanarangan-t-r/rover_ws/install/rover_bringup/share/rover_bringup/package.sh'
[0.678s] INFO:colcon.colcon_core.shell:Creating package script '/home/mohanarangan-t-r/rover_ws/install/rover_bringup/share/rover_bringup/package.bash'
[0.678s] INFO:colcon.colcon_core.shell:Creating package script '/home/mohanarangan-t-r/rover_ws/install/rover_bringup/share/rover_bringup/package.zsh'
[0.679s] Level 1:colcon.colcon_core.environment:create_file_with_runtime_dependencies(/home/mohanarangan-t-r/rover_ws/install/rover_bringup/share/colcon-core/packages/rover_bringup)
[0.679s] Level 1:colcon.colcon_core.environment:create_environment_scripts_only(rover_bringup)
[0.680s] Level 1:colcon.colcon_core.environment:checking '/home/mohanarangan-t-r/rover_ws/install/rover_bringup' for CMake module files
[0.680s] Level 1:colcon.colcon_core.environment:checking '/home/mohanarangan-t-r/rover_ws/install/rover_bringup' for CMake config files
[0.681s] Level 1:colcon.colcon_core.shell:create_environment_hook('rover_bringup', 'cmake_prefix_path')
[0.681s] INFO:colcon.colcon_core.shell:Creating environment hook '/home/mohanarangan-t-r/rover_ws/install/rover_bringup/share/rover_bringup/hook/cmake_prefix_path.ps1'
[0.681s] INFO:colcon.colcon_core.shell:Creating environment descriptor '/home/mohanarangan-t-r/rover_ws/install/rover_bringup/share/rover_bringup/hook/cmake_prefix_path.dsv'
[0.682s] INFO:colcon.colcon_core.shell:Creating environment hook '/home/mohanarangan-t-r/rover_ws/install/rover_bringup/share/rover_bringup/hook/cmake_prefix_path.sh'
[0.683s] Level 1:colcon.colcon_core.environment:checking '/home/mohanarangan-t-r/rover_ws/install/rover_bringup/bin'
[0.683s] Level 1:colcon.colcon_core.environment:checking '/home/mohanarangan-t-r/rover_ws/install/rover_bringup/lib/pkgconfig/rover_bringup.pc'
[0.683s] Level 1:colcon.colcon_core.environment:checking '/home/mohanarangan-t-r/rover_ws/install/rover_bringup/lib/python3.12/site-packages'
[0.683s] Level 1:colcon.colcon_core.environment:checking '/home/mohanarangan-t-r/rover_ws/install/rover_bringup/bin'
[0.684s] INFO:colcon.colcon_core.shell:Creating package script '/home/mohanarangan-t-r/rover_ws/install/rover_bringup/share/rover_bringup/package.ps1'
[0.684s] INFO:colcon.colcon_core.shell:Creating package descriptor '/home/mohanarangan-t-r/rover_ws/install/rover_bringup/share/rover_bringup/package.dsv'
[0.685s] INFO:colcon.colcon_core.shell:Creating package script '/home/mohanarangan-t-r/rover_ws/install/rover_bringup/share/rover_bringup/package.sh'
[0.685s] INFO:colcon.colcon_core.shell:Creating package script '/home/mohanarangan-t-r/rover_ws/install/rover_bringup/share/rover_bringup/package.bash'
[0.686s] INFO:colcon.colcon_core.shell:Creating package script '/home/mohanarangan-t-r/rover_ws/install/rover_bringup/share/rover_bringup/package.zsh'
[0.686s] Level 1:colcon.colcon_core.environment:create_file_with_runtime_dependencies(/home/mohanarangan-t-r/rover_ws/install/rover_bringup/share/colcon-core/packages/rover_bringup)
[0.688s] Level 1:colcon.colcon_core.environment:create_environment_scripts_only(rover_gz_sim)
[0.689s] Level 1:colcon.colcon_core.environment:checking '/home/mohanarangan-t-r/rover_ws/install/rover_gz_sim' for CMake module files
[0.689s] DEBUG:colcon.colcon_core.event_handler.log_command:Invoked command in '/home/mohanarangan-t-r/rover_ws/build/rover_gz_sim' returned '0': CMAKE_PREFIX_PATH=${CMAKE_PREFIX_PATH}:/opt/ros/jazzy DEBUGINFOD_URLS=https://debuginfod.ubuntu.com /usr/bin/cmake --install /home/mohanarangan-t-r/rover_ws/build/rover_gz_sim
[0.690s] Level 1:colcon.colcon_core.environment:checking '/home/mohanarangan-t-r/rover_ws/install/rover_gz_sim' for CMake config files
[0.690s] Level 1:colcon.colcon_core.shell:create_environment_hook('rover_gz_sim', 'cmake_prefix_path')
[0.690s] INFO:colcon.colcon_core.shell:Creating environment hook '/home/mohanarangan-t-r/rover_ws/install/rover_gz_sim/share/rover_gz_sim/hook/cmake_prefix_path.ps1'
[0.691s] INFO:colcon.colcon_core.shell:Creating environment descriptor '/home/mohanarangan-t-r/rover_ws/install/rover_gz_sim/share/rover_gz_sim/hook/cmake_prefix_path.dsv'
[0.691s] INFO:colcon.colcon_core.shell:Creating environment hook '/home/mohanarangan-t-r/rover_ws/install/rover_gz_sim/share/rover_gz_sim/hook/cmake_prefix_path.sh'
[0.692s] Level 1:colcon.colcon_core.environment:checking '/home/mohanarangan-t-r/rover_ws/install/rover_gz_sim/bin'
[0.692s] Level 1:colcon.colcon_core.environment:checking '/home/mohanarangan-t-r/rover_ws/install/rover_gz_sim/lib/pkgconfig/rover_gz_sim.pc'
[0.692s] Level 1:colcon.colcon_core.environment:checking '/home/mohanarangan-t-r/rover_ws/install/rover_gz_sim/lib/python3.12/site-packages'
[0.693s] Level 1:colcon.colcon_core.environment:checking '/home/mohanarangan-t-r/rover_ws/install/rover_gz_sim/bin'
[0.693s] INFO:colcon.colcon_core.shell:Creating package script '/home/mohanarangan-t-r/rover_ws/install/rover_gz_sim/share/rover_gz_sim/package.ps1'
[0.694s] INFO:colcon.colcon_core.shell:Creating package descriptor '/home/mohanarangan-t-r/rover_ws/install/rover_gz_sim/share/rover_gz_sim/package.dsv'
[0.694s] INFO:colcon.colcon_core.shell:Creating package script '/home/mohanarangan-t-r/rover_ws/install/rover_gz_sim/share/rover_gz_sim/package.sh'
[0.694s] INFO:colcon.colcon_core.shell:Creating package script '/home/mohanarangan-t-r/rover_ws/install/rover_gz_sim/share/rover_gz_sim/package.bash'
[0.695s] INFO:colcon.colcon_core.shell:Creating package script '/home/mohanarangan-t-r/rover_ws/install/rover_gz_sim/share/rover_gz_sim/package.zsh'
[0.695s] Level 1:colcon.colcon_core.environment:create_file_with_runtime_dependencies(/home/mohanarangan-t-r/rover_ws/install/rover_gz_sim/share/colcon-core/packages/rover_gz_sim)
[0.696s] Level 1:colcon.colcon_core.environment:create_environment_scripts_only(rover_gz_sim)
[0.696s] Level 1:colcon.colcon_core.environment:checking '/home/mohanarangan-t-r/rover_ws/install/rover_gz_sim' for CMake module files
[0.696s] Level 1:colcon.colcon_core.environment:checking '/home/mohanarangan-t-r/rover_ws/install/rover_gz_sim' for CMake config files
[0.697s] Level 1:colcon.colcon_core.shell:create_environment_hook('rover_gz_sim', 'cmake_prefix_path')
[0.697s] INFO:colcon.colcon_core.shell:Creating environment hook '/home/mohanarangan-t-r/rover_ws/install/rover_gz_sim/share/rover_gz_sim/hook/cmake_prefix_path.ps1'
[0.697s] INFO:colcon.colcon_core.shell:Creating environment descriptor '/home/mohanarangan-t-r/rover_ws/install/rover_gz_sim/share/rover_gz_sim/hook/cmake_prefix_path.dsv'
[0.698s] INFO:colcon.colcon_core.shell:Creating environment hook '/home/mohanarangan-t-r/rover_ws/install/rover_gz_sim/share/rover_gz_sim/hook/cmake_prefix_path.sh'
[0.698s] Level 1:colcon.colcon_core.environment:checking '/home/mohanarangan-t-r/rover_ws/install/rover_gz_sim/bin'
[0.698s] Level 1:colcon.colcon_core.environment:checking '/home/mohanarangan-t-r/rover_ws/install/rover_gz_sim/lib/pkgconfig/rover_gz_sim.pc'
[0.698s] Level 1:colcon.colcon_core.environment:checking '/home/mohanarangan-t-r/rover_ws/install/rover_gz_sim/lib/python3.12/site-packages'
[0.699s] Level 1:colcon.colcon_core.environment:checking '/home/mohanarangan-t-r/rover_ws/install/rover_gz_sim/bin'
[0.699s] INFO:colcon.colcon_core.shell:Creating package script '/home/mohanarangan-t-r/rover_ws/install/rover_gz_sim/share/rover_gz_sim/package.ps1'
[0.700s] INFO:colcon.colcon_core.shell:Creating package descriptor '/home/mohanarangan-t-r/rover_ws/install/rover_gz_sim/share/rover_gz_sim/package.dsv'
[0.700s] INFO:colcon.colcon_core.shell:Creating package script '/home/mohanarangan-t-r/rover_ws/install/rover_gz_sim/share/rover_gz_sim/package.sh'
[0.700s] INFO:colcon.colcon_core.shell:Creating package script '/home/mohanarangan-t-r/rover_ws/install/rover_gz_sim/share/rover_gz_sim/package.bash'
[0.701s] INFO:colcon.colcon_core.shell:Creating package script '/home/mohanarangan-t-r/rover_ws/install/rover_gz_sim/share/rover_gz_sim/package.zsh'
[0.701s] Level 1:colcon.colcon_core.environment:create_file_with_runtime_dependencies(/home/mohanarangan-t-r/rover_ws/install/rover_gz_sim/share/colcon-core/packages/rover_gz_sim)
[0.702s] DEBUG:colcon.colcon_parallel_executor.executor.parallel:closing loop
[0.702s] DEBUG:colcon.colcon_parallel_executor.executor.parallel:loop closed
[0.702s] DEBUG:colcon.colcon_parallel_executor.executor.parallel:run_until_complete finished with '0'
[0.702s] DEBUG:colcon.colcon_core.event_reactor:joining thread
[0.712s] INFO:colcon.colcon_core.plugin_system:Skipping extension 'colcon_notification.desktop_notification.terminal_notifier': Not used on non-Darwin systems
[0.713s] INFO:colcon.colcon_core.plugin_system:Skipping extension 'colcon_notification.desktop_notification.win32': Not used on non-Windows systems
[0.713s] INFO:colcon.colcon_notification.desktop_notification:Sending desktop notification using 'notify2'
[0.740s] DEBUG:colcon.colcon_core.event_reactor:joined thread
[0.741s] INFO:colcon.colcon_core.shell:Creating prefix script '/home/mohanarangan-t-r/rover_ws/install/local_setup.ps1'
[0.742s] INFO:colcon.colcon_core.shell:Creating prefix util module '/home/mohanarangan-t-r/rover_ws/install/_local_setup_util_ps1.py'
[0.744s] INFO:colcon.colcon_core.shell:Creating prefix chain script '/home/mohanarangan-t-r/rover_ws/install/setup.ps1'
[0.745s] INFO:colcon.colcon_core.shell:Creating prefix script '/home/mohanarangan-t-r/rover_ws/install/local_setup.sh'
[0.746s] INFO:colcon.colcon_core.shell:Creating prefix util module '/home/mohanarangan-t-r/rover_ws/install/_local_setup_util_sh.py'
[0.747s] INFO:colcon.colcon_core.shell:Creating prefix chain script '/home/mohanarangan-t-r/rover_ws/install/setup.sh'
[0.749s] INFO:colcon.colcon_core.shell:Creating prefix script '/home/mohanarangan-t-r/rover_ws/install/local_setup.bash'
[0.750s] INFO:colcon.colcon_core.shell:Creating prefix chain script '/home/mohanarangan-t-r/rover_ws/install/setup.bash'
[0.752s] INFO:colcon.colcon_core.shell:Creating prefix script '/home/mohanarangan-t-r/rover_ws/install/local_setup.zsh'
[0.752s] INFO:colcon.colcon_core.shell:Creating prefix chain script '/home/mohanarangan-t-r/rover_ws/install/setup.zsh'
