[0.025s] Invoking command in '/home/mohanarangan-t-r/rover_ws/build/rover_gz_sim': CMAKE_PREFIX_PATH=${CMAKE_PREFIX_PATH}:/opt/ros/jazzy DEBUGINFOD_URLS=https://debuginfod.ubuntu.com /usr/bin/cmake /home/mohanarangan-t-r/rover_ws/src/rover_gz_sim -DCMAKE_INSTALL_PREFIX=/home/mohanarangan-t-r/rover_ws/install/rover_gz_sim
[0.048s] -- Found ament_cmake: 2.5.4 (/opt/ros/jazzy/share/ament_cmake/cmake)
[0.394s] -- Override CMake install command with custom implementation using symlinks instead of copying resources
[0.414s] -- Found ament_lint_auto: 0.17.3 (/opt/ros/jazzy/share/ament_lint_auto/cmake)
[0.574s] -- Added test 'flake8' to check Python code syntax and style conventions
[0.575s] -- Configured 'flake8' exclude dirs and/or files: 
[0.575s] -- Added test 'lint_cmake' to check CMake code style
[0.576s] -- Added test 'pep257' to check Python code against some of the docstring style conventions in PEP 257
[0.578s] -- Added test 'xmllint' to check XML markup files
[0.581s] -- Configuring done (0.5s)
[0.588s] -- Generating done (0.0s)
[0.589s] -- Build files have been written to: /home/mohanarangan-t-r/rover_ws/build/rover_gz_sim
[0.597s] Invoked command in '/home/mohanarangan-t-r/rover_ws/build/rover_gz_sim' returned '0': CMAKE_PREFIX_PATH=${CMAKE_PREFIX_PATH}:/opt/ros/jazzy DEBUGINFOD_URLS=https://debuginfod.ubuntu.com /usr/bin/cmake /home/mohanarangan-t-r/rover_ws/src/rover_gz_sim -DCMAKE_INSTALL_PREFIX=/home/mohanarangan-t-r/rover_ws/install/rover_gz_sim
[0.599s] Invoking command in '/home/mohanarangan-t-r/rover_ws/build/rover_gz_sim': CMAKE_PREFIX_PATH=${CMAKE_PREFIX_PATH}:/opt/ros/jazzy DEBUGINFOD_URLS=https://debuginfod.ubuntu.com /usr/bin/cmake --build /home/mohanarangan-t-r/rover_ws/build/rover_gz_sim -- -j16 -l16
[0.700s] Invoked command in '/home/mohanarangan-t-r/rover_ws/build/rover_gz_sim' returned '0': CMAKE_PREFIX_PATH=${CMAKE_PREFIX_PATH}:/opt/ros/jazzy DEBUGINFOD_URLS=https://debuginfod.ubuntu.com /usr/bin/cmake --build /home/mohanarangan-t-r/rover_ws/build/rover_gz_sim -- -j16 -l16
[0.702s] Invoking command in '/home/mohanarangan-t-r/rover_ws/build/rover_gz_sim': CMAKE_PREFIX_PATH=${CMAKE_PREFIX_PATH}:/opt/ros/jazzy DEBUGINFOD_URLS=https://debuginfod.ubuntu.com /usr/bin/cmake --install /home/mohanarangan-t-r/rover_ws/build/rover_gz_sim
[0.715s] -- Install configuration: ""
[0.716s] -- Execute custom install script
[0.716s] -- Up-to-date symlink: /home/mohanarangan-t-r/rover_ws/install/rover_gz_sim/share/rover_gz_sim/launch/robot.launch.py
[0.717s] -- Up-to-date symlink: /home/mohanarangan-t-r/rover_ws/install/rover_gz_sim/share/rover_gz_sim/config/gz_bridge.yaml
[0.717s] -- Up-to-date symlink: /home/mohanarangan-t-r/rover_ws/install/rover_gz_sim/share/ament_index/resource_index/package_run_dependencies/rover_gz_sim
[0.717s] -- Up-to-date symlink: /home/mohanarangan-t-r/rover_ws/install/rover_gz_sim/share/ament_index/resource_index/parent_prefix_path/rover_gz_sim
[0.717s] -- Up-to-date symlink: /home/mohanarangan-t-r/rover_ws/install/rover_gz_sim/share/rover_gz_sim/environment/ament_prefix_path.sh
[0.718s] -- Up-to-date symlink: /home/mohanarangan-t-r/rover_ws/install/rover_gz_sim/share/rover_gz_sim/environment/ament_prefix_path.dsv
[0.718s] -- Up-to-date symlink: /home/mohanarangan-t-r/rover_ws/install/rover_gz_sim/share/rover_gz_sim/environment/path.sh
[0.718s] -- Up-to-date symlink: /home/mohanarangan-t-r/rover_ws/install/rover_gz_sim/share/rover_gz_sim/environment/path.dsv
[0.718s] -- Up-to-date symlink: /home/mohanarangan-t-r/rover_ws/install/rover_gz_sim/share/rover_gz_sim/local_setup.bash
[0.718s] -- Up-to-date symlink: /home/mohanarangan-t-r/rover_ws/install/rover_gz_sim/share/rover_gz_sim/local_setup.sh
[0.719s] -- Up-to-date symlink: /home/mohanarangan-t-r/rover_ws/install/rover_gz_sim/share/rover_gz_sim/local_setup.zsh
[0.719s] -- Up-to-date symlink: /home/mohanarangan-t-r/rover_ws/install/rover_gz_sim/share/rover_gz_sim/local_setup.dsv
[0.719s] -- Symlinking: /home/mohanarangan-t-r/rover_ws/install/rover_gz_sim/share/rover_gz_sim/package.dsv
[0.736s] -- Up-to-date symlink: /home/mohanarangan-t-r/rover_ws/install/rover_gz_sim/share/ament_index/resource_index/packages/rover_gz_sim
[0.737s] -- Up-to-date symlink: /home/mohanarangan-t-r/rover_ws/install/rover_gz_sim/share/rover_gz_sim/cmake/rover_gz_simConfig.cmake
[0.737s] -- Up-to-date symlink: /home/mohanarangan-t-r/rover_ws/install/rover_gz_sim/share/rover_gz_sim/cmake/rover_gz_simConfig-version.cmake
[0.737s] -- Up-to-date symlink: /home/mohanarangan-t-r/rover_ws/install/rover_gz_sim/share/rover_gz_sim/package.xml
[0.767s] Invoked command in '/home/mohanarangan-t-r/rover_ws/build/rover_gz_sim' returned '0': CMAKE_PREFIX_PATH=${CMAKE_PREFIX_PATH}:/opt/ros/jazzy DEBUGINFOD_URLS=https://debuginfod.ubuntu.com /usr/bin/cmake --install /home/mohanarangan-t-r/rover_ws/build/rover_gz_sim
