[0.037s] Invoking command in '/home/mohanarangan-t-r/rover_ws/build/rover_base': CMAKE_PREFIX_PATH=${CMAKE_PREFIX_PATH}:/opt/ros/jazzy DEBUGINFOD_URLS=https://debuginfod.ubuntu.com /usr/bin/cmake /home/mohanarangan-t-r/rover_ws/src/rover_base -DAMENT_CMAKE_SYMLINK_INSTALL=1 -DCMAKE_INSTALL_PREFIX=/home/mohanarangan-t-r/rover_ws/install/rover_base
[0.062s] -- Found ament_cmake: 2.5.4 (/opt/ros/jazzy/share/ament_cmake/cmake)
[0.389s] -- Override CMake install command with custom implementation using symlinks instead of copying resources
[0.402s] -- Found ament_lint_auto: 0.17.3 (/opt/ros/jazzy/share/ament_lint_auto/cmake)
[0.556s] -- Added test 'lint_cmake' to check CMake code style
[0.557s] -- Added test 'xmllint' to check XML markup files
[0.559s] -- Configuring done (0.5s)
[0.564s] -- Generating done (0.0s)
[0.566s] -- Build files have been written to: /home/mohanarangan-t-r/rover_ws/build/rover_base
[0.572s] Invoked command in '/home/mohanarangan-t-r/rover_ws/build/rover_base' returned '0': CMAKE_PREFIX_PATH=${CMAKE_PREFIX_PATH}:/opt/ros/jazzy DEBUGINFOD_URLS=https://debuginfod.ubuntu.com /usr/bin/cmake /home/mohanarangan-t-r/rover_ws/src/rover_base -DAMENT_CMAKE_SYMLINK_INSTALL=1 -DCMAKE_INSTALL_PREFIX=/home/mohanarangan-t-r/rover_ws/install/rover_base
[0.575s] Invoking command in '/home/mohanarangan-t-r/rover_ws/build/rover_base': CMAKE_PREFIX_PATH=${CMAKE_PREFIX_PATH}:/opt/ros/jazzy DEBUGINFOD_URLS=https://debuginfod.ubuntu.com /usr/bin/cmake --build /home/mohanarangan-t-r/rover_ws/build/rover_base -- -j16 -l16
[0.675s] Invoked command in '/home/mohanarangan-t-r/rover_ws/build/rover_base' returned '0': CMAKE_PREFIX_PATH=${CMAKE_PREFIX_PATH}:/opt/ros/jazzy DEBUGINFOD_URLS=https://debuginfod.ubuntu.com /usr/bin/cmake --build /home/mohanarangan-t-r/rover_ws/build/rover_base -- -j16 -l16
[0.676s] Invoking command in '/home/mohanarangan-t-r/rover_ws/build/rover_base': CMAKE_PREFIX_PATH=${CMAKE_PREFIX_PATH}:/opt/ros/jazzy DEBUGINFOD_URLS=https://debuginfod.ubuntu.com /usr/bin/cmake --install /home/mohanarangan-t-r/rover_ws/build/rover_base
[0.691s] -- Install configuration: ""
[0.692s] -- Execute custom install script
[0.693s] -- Up-to-date symlink: /home/mohanarangan-t-r/rover_ws/install/rover_base/share/ament_index/resource_index/package_run_dependencies/rover_base
[0.693s] -- Up-to-date symlink: /home/mohanarangan-t-r/rover_ws/install/rover_base/share/ament_index/resource_index/parent_prefix_path/rover_base
[0.694s] -- Up-to-date symlink: /home/mohanarangan-t-r/rover_ws/install/rover_base/share/rover_base/environment/ament_prefix_path.sh
[0.694s] -- Up-to-date symlink: /home/mohanarangan-t-r/rover_ws/install/rover_base/share/rover_base/environment/ament_prefix_path.dsv
[0.695s] -- Up-to-date symlink: /home/mohanarangan-t-r/rover_ws/install/rover_base/share/rover_base/environment/path.sh
[0.695s] -- Up-to-date symlink: /home/mohanarangan-t-r/rover_ws/install/rover_base/share/rover_base/environment/path.dsv
[0.695s] -- Up-to-date symlink: /home/mohanarangan-t-r/rover_ws/install/rover_base/share/rover_base/local_setup.bash
[0.695s] -- Up-to-date symlink: /home/mohanarangan-t-r/rover_ws/install/rover_base/share/rover_base/local_setup.sh
[0.696s] -- Up-to-date symlink: /home/mohanarangan-t-r/rover_ws/install/rover_base/share/rover_base/local_setup.zsh
[0.696s] -- Up-to-date symlink: /home/mohanarangan-t-r/rover_ws/install/rover_base/share/rover_base/local_setup.dsv
[0.696s] -- Symlinking: /home/mohanarangan-t-r/rover_ws/install/rover_base/share/rover_base/package.dsv
[0.715s] -- Up-to-date symlink: /home/mohanarangan-t-r/rover_ws/install/rover_base/share/ament_index/resource_index/packages/rover_base
[0.715s] -- Up-to-date symlink: /home/mohanarangan-t-r/rover_ws/install/rover_base/share/rover_base/cmake/rover_baseConfig.cmake
[0.716s] -- Up-to-date symlink: /home/mohanarangan-t-r/rover_ws/install/rover_base/share/rover_base/cmake/rover_baseConfig-version.cmake
[0.716s] -- Up-to-date symlink: /home/mohanarangan-t-r/rover_ws/install/rover_base/share/rover_base/package.xml
[0.720s] Invoked command in '/home/mohanarangan-t-r/rover_ws/build/rover_base' returned '0': CMAKE_PREFIX_PATH=${CMAKE_PREFIX_PATH}:/opt/ros/jazzy DEBUGINFOD_URLS=https://debuginfod.ubuntu.com /usr/bin/cmake --install /home/mohanarangan-t-r/rover_ws/build/rover_base
