[0.037s] Invoking command in '/home/mohanarangan-t-r/rover_ws/build/rover_base': CMAKE_PREFIX_PATH=${CMAKE_PREFIX_PATH}:/opt/ros/jazzy DEBUGINFOD_URLS=https://debuginfod.ubuntu.com /usr/bin/cmake --build /home/mohanarangan-t-r/rover_ws/build/rover_base -- -j16 -l16
[0.127s] Invoked command in '/home/mohanarangan-t-r/rover_ws/build/rover_base' returned '0': CMAKE_PREFIX_PATH=${CMAKE_PREFIX_PATH}:/opt/ros/jazzy DEBUGINFOD_URLS=https://debuginfod.ubuntu.com /usr/bin/cmake --build /home/mohanarangan-t-r/rover_ws/build/rover_base -- -j16 -l16
[0.147s] Invoking command in '/home/mohanarangan-t-r/rover_ws/build/rover_base': CMAKE_PREFIX_PATH=${CMAKE_PREFIX_PATH}:/opt/ros/jazzy DEBUGINFOD_URLS=https://debuginfod.ubuntu.com /usr/bin/cmake --install /home/mohanarangan-t-r/rover_ws/build/rover_base
[0.164s] -- Install configuration: ""
[0.165s] -- Execute custom install script
[0.165s] -- Up-to-date symlink: /home/mohanarangan-t-r/rover_ws/install/rover_base/share/ament_index/resource_index/package_run_dependencies/rover_base
[0.165s] -- Up-to-date symlink: /home/mohanarangan-t-r/rover_ws/install/rover_base/share/ament_index/resource_index/parent_prefix_path/rover_base
[0.165s] -- Up-to-date symlink: /home/mohanarangan-t-r/rover_ws/install/rover_base/share/rover_base/environment/ament_prefix_path.sh
[0.166s] -- Up-to-date symlink: /home/mohanarangan-t-r/rover_ws/install/rover_base/share/rover_base/environment/ament_prefix_path.dsv
[0.167s] -- Up-to-date symlink: /home/mohanarangan-t-r/rover_ws/install/rover_base/share/rover_base/environment/path.sh
[0.167s] -- Up-to-date symlink: /home/mohanarangan-t-r/rover_ws/install/rover_base/share/rover_base/environment/path.dsv
[0.167s] -- Up-to-date symlink: /home/mohanarangan-t-r/rover_ws/install/rover_base/share/rover_base/local_setup.bash
[0.168s] -- Up-to-date symlink: /home/mohanarangan-t-r/rover_ws/install/rover_base/share/rover_base/local_setup.sh
[0.168s] -- Up-to-date symlink: /home/mohanarangan-t-r/rover_ws/install/rover_base/share/rover_base/local_setup.zsh
[0.169s] -- Up-to-date symlink: /home/mohanarangan-t-r/rover_ws/install/rover_base/share/rover_base/local_setup.dsv
[0.169s] -- Symlinking: /home/mohanarangan-t-r/rover_ws/install/rover_base/share/rover_base/package.dsv
[0.186s] -- Up-to-date symlink: /home/mohanarangan-t-r/rover_ws/install/rover_base/share/ament_index/resource_index/packages/rover_base
[0.186s] -- Up-to-date symlink: /home/mohanarangan-t-r/rover_ws/install/rover_base/share/rover_base/cmake/rover_baseConfig.cmake
[0.186s] -- Up-to-date symlink: /home/mohanarangan-t-r/rover_ws/install/rover_base/share/rover_base/cmake/rover_baseConfig-version.cmake
[0.187s] -- Up-to-date symlink: /home/mohanarangan-t-r/rover_ws/install/rover_base/share/rover_base/package.xml
[0.239s] Invoked command in '/home/mohanarangan-t-r/rover_ws/build/rover_base' returned '0': CMAKE_PREFIX_PATH=${CMAKE_PREFIX_PATH}:/opt/ros/jazzy DEBUGINFOD_URLS=https://debuginfod.ubuntu.com /usr/bin/cmake --install /home/mohanarangan-t-r/rover_ws/build/rover_base
