[0.014s] Invoking command in '/home/mohanarangan-t-r/rover_ws/build/rover_gz_sim': CMAKE_PREFIX_PATH=${CMAKE_PREFIX_PATH}:/opt/ros/jazzy DEBUGINFOD_URLS=https://debuginfod.ubuntu.com /usr/bin/cmake --build /home/mohanarangan-t-r/rover_ws/build/rover_gz_sim -- -j16 -l16
[0.057s] Invoked command in '/home/mohanarangan-t-r/rover_ws/build/rover_gz_sim' returned '0': CMAKE_PREFIX_PATH=${CMAKE_PREFIX_PATH}:/opt/ros/jazzy DEBUGINFOD_URLS=https://debuginfod.ubuntu.com /usr/bin/cmake --build /home/mohanarangan-t-r/rover_ws/build/rover_gz_sim -- -j16 -l16
[0.058s] Invoking command in '/home/mohanarangan-t-r/rover_ws/build/rover_gz_sim': CMAKE_PREFIX_PATH=${CMAKE_PREFIX_PATH}:/opt/ros/jazzy DEBUGINFOD_URLS=https://debuginfod.ubuntu.com /usr/bin/cmake --install /home/mohanarangan-t-r/rover_ws/build/rover_gz_sim
[0.065s] -- Install configuration: ""
[0.065s] -- Execute custom install script
[0.065s] -- Up-to-date symlink: /home/mohanarangan-t-r/rover_ws/install/rover_gz_sim/share/rover_gz_sim/launch/robot.launch.py
[0.065s] -- Up-to-date symlink: /home/mohanarangan-t-r/rover_ws/install/rover_gz_sim/share/rover_gz_sim/config/gz_bridge.yaml
[0.065s] -- Up-to-date symlink: /home/mohanarangan-t-r/rover_ws/install/rover_gz_sim/share/ament_index/resource_index/package_run_dependencies/rover_gz_sim
[0.065s] -- Up-to-date symlink: /home/mohanarangan-t-r/rover_ws/install/rover_gz_sim/share/ament_index/resource_index/parent_prefix_path/rover_gz_sim
[0.065s] -- Up-to-date symlink: /home/mohanarangan-t-r/rover_ws/install/rover_gz_sim/share/rover_gz_sim/environment/ament_prefix_path.sh
[0.066s] -- Up-to-date symlink: /home/mohanarangan-t-r/rover_ws/install/rover_gz_sim/share/rover_gz_sim/environment/ament_prefix_path.dsv
[0.066s] -- Up-to-date symlink: /home/mohanarangan-t-r/rover_ws/install/rover_gz_sim/share/rover_gz_sim/environment/path.sh
[0.066s] -- Up-to-date symlink: /home/mohanarangan-t-r/rover_ws/install/rover_gz_sim/share/rover_gz_sim/environment/path.dsv
[0.066s] -- Up-to-date symlink: /home/mohanarangan-t-r/rover_ws/install/rover_gz_sim/share/rover_gz_sim/local_setup.bash
[0.066s] -- Up-to-date symlink: /home/mohanarangan-t-r/rover_ws/install/rover_gz_sim/share/rover_gz_sim/local_setup.sh
[0.066s] -- Up-to-date symlink: /home/mohanarangan-t-r/rover_ws/install/rover_gz_sim/share/rover_gz_sim/local_setup.zsh
[0.066s] -- Up-to-date symlink: /home/mohanarangan-t-r/rover_ws/install/rover_gz_sim/share/rover_gz_sim/local_setup.dsv
[0.066s] -- Symlinking: /home/mohanarangan-t-r/rover_ws/install/rover_gz_sim/share/rover_gz_sim/package.dsv
[0.074s] -- Up-to-date symlink: /home/mohanarangan-t-r/rover_ws/install/rover_gz_sim/share/ament_index/resource_index/packages/rover_gz_sim
[0.074s] -- Up-to-date symlink: /home/mohanarangan-t-r/rover_ws/install/rover_gz_sim/share/rover_gz_sim/cmake/rover_gz_simConfig.cmake
[0.074s] -- Up-to-date symlink: /home/mohanarangan-t-r/rover_ws/install/rover_gz_sim/share/rover_gz_sim/cmake/rover_gz_simConfig-version.cmake
[0.074s] -- Up-to-date symlink: /home/mohanarangan-t-r/rover_ws/install/rover_gz_sim/share/rover_gz_sim/package.xml
[0.101s] Invoked command in '/home/mohanarangan-t-r/rover_ws/build/rover_gz_sim' returned '0': CMAKE_PREFIX_PATH=${CMAKE_PREFIX_PATH}:/opt/ros/jazzy DEBUGINFOD_URLS=https://debuginfod.ubuntu.com /usr/bin/cmake --install /home/mohanarangan-t-r/rover_ws/build/rover_gz_sim
