[0.024s] Invoking command in '/home/mohanarangan-t-r/rover_ws/build/rover_description': CMAKE_PREFIX_PATH=${CMAKE_PREFIX_PATH}:/opt/ros/jazzy DEBUGINFOD_URLS=https://debuginfod.ubuntu.com /usr/bin/cmake --build /home/mohanarangan-t-r/rover_ws/build/rover_description -- -j16 -l16
[0.098s] Invoked command in '/home/mohanarangan-t-r/rover_ws/build/rover_description' returned '0': CMAKE_PREFIX_PATH=${CMAKE_PREFIX_PATH}:/opt/ros/jazzy DEBUGINFOD_URLS=https://debuginfod.ubuntu.com /usr/bin/cmake --build /home/mohanarangan-t-r/rover_ws/build/rover_description -- -j16 -l16
[0.117s] Invoking command in '/home/mohanarangan-t-r/rover_ws/build/rover_description': CMAKE_PREFIX_PATH=${CMAKE_PREFIX_PATH}:/opt/ros/jazzy DEBUGINFOD_URLS=https://debuginfod.ubuntu.com /usr/bin/cmake --install /home/mohanarangan-t-r/rover_ws/build/rover_description
[0.132s] -- Install configuration: ""
[0.132s] -- Execute custom install script
[0.133s] -- Up-to-date symlink: /home/mohanarangan-t-r/rover_ws/install/rover_description/share/rover_description/urdf/robot.xacro
[0.133s] -- Up-to-date symlink: /home/mohanarangan-t-r/rover_ws/install/rover_description/share/ament_index/resource_index/package_run_dependencies/rover_description
[0.134s] -- Up-to-date symlink: /home/mohanarangan-t-r/rover_ws/install/rover_description/share/ament_index/resource_index/parent_prefix_path/rover_description
[0.134s] -- Up-to-date symlink: /home/mohanarangan-t-r/rover_ws/install/rover_description/share/rover_description/environment/ament_prefix_path.sh
[0.134s] -- Up-to-date symlink: /home/mohanarangan-t-r/rover_ws/install/rover_description/share/rover_description/environment/ament_prefix_path.dsv
[0.135s] -- Up-to-date symlink: /home/mohanarangan-t-r/rover_ws/install/rover_description/share/rover_description/environment/path.sh
[0.135s] -- Up-to-date symlink: /home/mohanarangan-t-r/rover_ws/install/rover_description/share/rover_description/environment/path.dsv
[0.135s] -- Up-to-date symlink: /home/mohanarangan-t-r/rover_ws/install/rover_description/share/rover_description/local_setup.bash
[0.135s] -- Up-to-date symlink: /home/mohanarangan-t-r/rover_ws/install/rover_description/share/rover_description/local_setup.sh
[0.135s] -- Up-to-date symlink: /home/mohanarangan-t-r/rover_ws/install/rover_description/share/rover_description/local_setup.zsh
[0.135s] -- Up-to-date symlink: /home/mohanarangan-t-r/rover_ws/install/rover_description/share/rover_description/local_setup.dsv
[0.136s] -- Symlinking: /home/mohanarangan-t-r/rover_ws/install/rover_description/share/rover_description/package.dsv
[0.155s] -- Up-to-date symlink: /home/mohanarangan-t-r/rover_ws/install/rover_description/share/ament_index/resource_index/packages/rover_description
[0.155s] -- Up-to-date symlink: /home/mohanarangan-t-r/rover_ws/install/rover_description/share/rover_description/cmake/rover_descriptionConfig.cmake
[0.155s] -- Up-to-date symlink: /home/mohanarangan-t-r/rover_ws/install/rover_description/share/rover_description/cmake/rover_descriptionConfig-version.cmake
[0.155s] -- Up-to-date symlink: /home/mohanarangan-t-r/rover_ws/install/rover_description/share/rover_description/package.xml
[0.160s] Invoked command in '/home/mohanarangan-t-r/rover_ws/build/rover_description' returned '0': CMAKE_PREFIX_PATH=${CMAKE_PREFIX_PATH}:/opt/ros/jazzy DEBUGINFOD_URLS=https://debuginfod.ubuntu.com /usr/bin/cmake --install /home/mohanarangan-t-r/rover_ws/build/rover_description
