[0.025s] Invoking command in '/home/mohanarangan-t-r/rover_ws/build/rover_description': CMAKE_PREFIX_PATH=${CMAKE_PREFIX_PATH}:/opt/ros/jazzy DEBUGINFOD_URLS=https://debuginfod.ubuntu.com /usr/bin/cmake /home/mohanarangan-t-r/rover_ws/src/rover_description -DCMAKE_INSTALL_PREFIX=/home/mohanarangan-t-r/rover_ws/install/rover_description
[0.052s] -- Found ament_cmake: 2.5.4 (/opt/ros/jazzy/share/ament_cmake/cmake)
[0.401s] -- Override CMake install command with custom implementation using symlinks instead of copying resources
[0.421s] -- Found xacro: 2.1.1 (/opt/ros/jazzy/share/xacro/cmake)
[0.422s] -- Found ament_lint_auto: 0.17.3 (/opt/ros/jazzy/share/ament_lint_auto/cmake)
[0.582s] -- Added test 'lint_cmake' to check CMake code style
[0.583s] -- Added test 'xmllint' to check XML markup files
[0.587s] -- Configuring done (0.5s)
[0.594s] -- Generating done (0.0s)
[0.597s] -- Build files have been written to: /home/mohanarangan-t-r/rover_ws/build/rover_description
[0.608s] Invoked command in '/home/mohanarangan-t-r/rover_ws/build/rover_description' returned '0': CMAKE_PREFIX_PATH=${CMAKE_PREFIX_PATH}:/opt/ros/jazzy DEBUGINFOD_URLS=https://debuginfod.ubuntu.com /usr/bin/cmake /home/mohanarangan-t-r/rover_ws/src/rover_description -DCMAKE_INSTALL_PREFIX=/home/mohanarangan-t-r/rover_ws/install/rover_description
[0.609s] Invoking command in '/home/mohanarangan-t-r/rover_ws/build/rover_description': CMAKE_PREFIX_PATH=${CMAKE_PREFIX_PATH}:/opt/ros/jazzy DEBUGINFOD_URLS=https://debuginfod.ubuntu.com /usr/bin/cmake --build /home/mohanarangan-t-r/rover_ws/build/rover_description -- -j16 -l16
[0.683s] Invoked command in '/home/mohanarangan-t-r/rover_ws/build/rover_description' returned '0': CMAKE_PREFIX_PATH=${CMAKE_PREFIX_PATH}:/opt/ros/jazzy DEBUGINFOD_URLS=https://debuginfod.ubuntu.com /usr/bin/cmake --build /home/mohanarangan-t-r/rover_ws/build/rover_description -- -j16 -l16
[0.706s] Invoking command in '/home/mohanarangan-t-r/rover_ws/build/rover_description': CMAKE_PREFIX_PATH=${CMAKE_PREFIX_PATH}:/opt/ros/jazzy DEBUGINFOD_URLS=https://debuginfod.ubuntu.com /usr/bin/cmake --install /home/mohanarangan-t-r/rover_ws/build/rover_description
[0.721s] -- Install configuration: ""
[0.722s] -- Execute custom install script
[0.722s] -- Up-to-date symlink: /home/mohanarangan-t-r/rover_ws/install/rover_description/share/rover_description/urdf/robot.xacro
[0.723s] -- Up-to-date symlink: /home/mohanarangan-t-r/rover_ws/install/rover_description/share/ament_index/resource_index/package_run_dependencies/rover_description
[0.723s] -- Up-to-date symlink: /home/mohanarangan-t-r/rover_ws/install/rover_description/share/ament_index/resource_index/parent_prefix_path/rover_description
[0.723s] -- Up-to-date symlink: /home/mohanarangan-t-r/rover_ws/install/rover_description/share/rover_description/environment/ament_prefix_path.sh
[0.723s] -- Up-to-date symlink: /home/mohanarangan-t-r/rover_ws/install/rover_description/share/rover_description/environment/ament_prefix_path.dsv
[0.723s] -- Up-to-date symlink: /home/mohanarangan-t-r/rover_ws/install/rover_description/share/rover_description/environment/path.sh
[0.724s] -- Up-to-date symlink: /home/mohanarangan-t-r/rover_ws/install/rover_description/share/rover_description/environment/path.dsv
[0.724s] -- Up-to-date symlink: /home/mohanarangan-t-r/rover_ws/install/rover_description/share/rover_description/local_setup.bash
[0.724s] -- Up-to-date symlink: /home/mohanarangan-t-r/rover_ws/install/rover_description/share/rover_description/local_setup.sh
[0.724s] -- Up-to-date symlink: /home/mohanarangan-t-r/rover_ws/install/rover_description/share/rover_description/local_setup.zsh
[0.724s] -- Up-to-date symlink: /home/mohanarangan-t-r/rover_ws/install/rover_description/share/rover_description/local_setup.dsv
[0.725s] -- Symlinking: /home/mohanarangan-t-r/rover_ws/install/rover_description/share/rover_description/package.dsv
[0.743s] -- Up-to-date symlink: /home/mohanarangan-t-r/rover_ws/install/rover_description/share/ament_index/resource_index/packages/rover_description
[0.743s] -- Up-to-date symlink: /home/mohanarangan-t-r/rover_ws/install/rover_description/share/rover_description/cmake/rover_descriptionConfig.cmake
[0.744s] -- Up-to-date symlink: /home/mohanarangan-t-r/rover_ws/install/rover_description/share/rover_description/cmake/rover_descriptionConfig-version.cmake
[0.744s] -- Up-to-date symlink: /home/mohanarangan-t-r/rover_ws/install/rover_description/share/rover_description/package.xml
[0.749s] Invoked command in '/home/mohanarangan-t-r/rover_ws/build/rover_description' returned '0': CMAKE_PREFIX_PATH=${CMAKE_PREFIX_PATH}:/opt/ros/jazzy DEBUGINFOD_URLS=https://debuginfod.ubuntu.com /usr/bin/cmake --install /home/mohanarangan-t-r/rover_ws/build/rover_description
