[0.038s] Invoking command in '/home/mohanarangan-t-r/rover_ws/build/rover_description': CMAKE_PREFIX_PATH=${CMAKE_PREFIX_PATH}:/opt/ros/jazzy DEBUGINFOD_URLS=https://debuginfod.ubuntu.com /usr/bin/cmake --build /home/mohanarangan-t-r/rover_ws/build/rover_description -- -j16 -l16
[0.171s] Invoked command in '/home/mohanarangan-t-r/rover_ws/build/rover_description' returned '0': CMAKE_PREFIX_PATH=${CMAKE_PREFIX_PATH}:/opt/ros/jazzy DEBUGINFOD_URLS=https://debuginfod.ubuntu.com /usr/bin/cmake --build /home/mohanarangan-t-r/rover_ws/build/rover_description -- -j16 -l16
[0.173s] Invoking command in '/home/mohanarangan-t-r/rover_ws/build/rover_description': CMAKE_PREFIX_PATH=${CMAKE_PREFIX_PATH}:/opt/ros/jazzy DEBUGINFOD_URLS=https://debuginfod.ubuntu.com /usr/bin/cmake --install /home/mohanarangan-t-r/rover_ws/build/rover_description
[0.195s] -- Install configuration: ""
[0.196s] -- Execute custom install script
[0.197s] -- Up-to-date symlink: /home/mohanarangan-t-r/rover_ws/install/rover_description/share/rover_description/urdf/robot.xacro
[0.197s] -- Up-to-date symlink: /home/mohanarangan-t-r/rover_ws/install/rover_description/share/ament_index/resource_index/package_run_dependencies/rover_description
[0.200s] -- Up-to-date symlink: /home/mohanarangan-t-r/rover_ws/install/rover_description/share/ament_index/resource_index/parent_prefix_path/rover_description
[0.200s] -- Up-to-date symlink: /home/mohanarangan-t-r/rover_ws/install/rover_description/share/rover_description/environment/ament_prefix_path.sh
[0.200s] -- Up-to-date symlink: /home/mohanarangan-t-r/rover_ws/install/rover_description/share/rover_description/environment/ament_prefix_path.dsv
[0.201s] -- Up-to-date symlink: /home/mohanarangan-t-r/rover_ws/install/rover_description/share/rover_description/environment/path.sh
[0.201s] -- Up-to-date symlink: /home/mohanarangan-t-r/rover_ws/install/rover_description/share/rover_description/environment/path.dsv
[0.201s] -- Up-to-date symlink: /home/mohanarangan-t-r/rover_ws/install/rover_description/share/rover_description/local_setup.bash
[0.202s] -- Up-to-date symlink: /home/mohanarangan-t-r/rover_ws/install/rover_description/share/rover_description/local_setup.sh
[0.202s] -- Up-to-date symlink: /home/mohanarangan-t-r/rover_ws/install/rover_description/share/rover_description/local_setup.zsh
[0.202s] -- Up-to-date symlink: /home/mohanarangan-t-r/rover_ws/install/rover_description/share/rover_description/local_setup.dsv
[0.204s] -- Symlinking: /home/mohanarangan-t-r/rover_ws/install/rover_description/share/rover_description/package.dsv
[0.222s] -- Up-to-date symlink: /home/mohanarangan-t-r/rover_ws/install/rover_description/share/ament_index/resource_index/packages/rover_description
[0.222s] -- Up-to-date symlink: /home/mohanarangan-t-r/rover_ws/install/rover_description/share/rover_description/cmake/rover_descriptionConfig.cmake
[0.222s] -- Up-to-date symlink: /home/mohanarangan-t-r/rover_ws/install/rover_description/share/rover_description/cmake/rover_descriptionConfig-version.cmake
[0.223s] -- Up-to-date symlink: /home/mohanarangan-t-r/rover_ws/install/rover_description/share/rover_description/package.xml
[0.228s] Invoked command in '/home/mohanarangan-t-r/rover_ws/build/rover_description' returned '0': CMAKE_PREFIX_PATH=${CMAKE_PREFIX_PATH}:/opt/ros/jazzy DEBUGINFOD_URLS=https://debuginfod.ubuntu.com /usr/bin/cmake --install /home/mohanarangan-t-r/rover_ws/build/rover_description
