[0.028s] Invoking command in '/home/mohanarangan-t-r/rover_ws/build/rover_bringup': CMAKE_PREFIX_PATH=${CMAKE_PREFIX_PATH}:/opt/ros/jazzy DEBUGINFOD_URLS=https://debuginfod.ubuntu.com /usr/bin/cmake --build /home/mohanarangan-t-r/rover_ws/build/rover_bringup -- -j16 -l16
[0.126s] Invoked command in '/home/mohanarangan-t-r/rover_ws/build/rover_bringup' returned '0': CMAKE_PREFIX_PATH=${CMAKE_PREFIX_PATH}:/opt/ros/jazzy DEBUGINFOD_URLS=https://debuginfod.ubuntu.com /usr/bin/cmake --build /home/mohanarangan-t-r/rover_ws/build/rover_bringup -- -j16 -l16
[0.127s] Invoking command in '/home/mohanarangan-t-r/rover_ws/build/rover_bringup': CMAKE_PREFIX_PATH=${CMAKE_PREFIX_PATH}:/opt/ros/jazzy DEBUGINFOD_URLS=https://debuginfod.ubuntu.com /usr/bin/cmake --install /home/mohanarangan-t-r/rover_ws/build/rover_bringup
[0.142s] -- Install configuration: ""
[0.144s] -- Execute custom install script
[0.145s] -- Up-to-date symlink: /home/mohanarangan-t-r/rover_ws/install/rover_bringup/share/rover_bringup/launch/sensors.launch.py
[0.145s] -- Up-to-date symlink: /home/mohanarangan-t-r/rover_ws/install/rover_bringup/share/rover_bringup/launch/teleop.launch.py
[0.146s] -- Up-to-date symlink: /home/mohanarangan-t-r/rover_ws/install/rover_bringup/share/ament_index/resource_index/package_run_dependencies/rover_bringup
[0.146s] -- Up-to-date symlink: /home/mohanarangan-t-r/rover_ws/install/rover_bringup/share/ament_index/resource_index/parent_prefix_path/rover_bringup
[0.146s] -- Up-to-date symlink: /home/mohanarangan-t-r/rover_ws/install/rover_bringup/share/rover_bringup/environment/ament_prefix_path.sh
[0.146s] -- Up-to-date symlink: /home/mohanarangan-t-r/rover_ws/install/rover_bringup/share/rover_bringup/environment/ament_prefix_path.dsv
[0.146s] -- Up-to-date symlink: /home/mohanarangan-t-r/rover_ws/install/rover_bringup/share/rover_bringup/environment/path.sh
[0.146s] -- Up-to-date symlink: /home/mohanarangan-t-r/rover_ws/install/rover_bringup/share/rover_bringup/environment/path.dsv
[0.146s] -- Up-to-date symlink: /home/mohanarangan-t-r/rover_ws/install/rover_bringup/share/rover_bringup/local_setup.bash
[0.147s] -- Up-to-date symlink: /home/mohanarangan-t-r/rover_ws/install/rover_bringup/share/rover_bringup/local_setup.sh
[0.147s] -- Up-to-date symlink: /home/mohanarangan-t-r/rover_ws/install/rover_bringup/share/rover_bringup/local_setup.zsh
[0.147s] -- Up-to-date symlink: /home/mohanarangan-t-r/rover_ws/install/rover_bringup/share/rover_bringup/local_setup.dsv
[0.147s] -- Symlinking: /home/mohanarangan-t-r/rover_ws/install/rover_bringup/share/rover_bringup/package.dsv
[0.163s] -- Up-to-date symlink: /home/mohanarangan-t-r/rover_ws/install/rover_bringup/share/ament_index/resource_index/packages/rover_bringup
[0.164s] -- Up-to-date symlink: /home/mohanarangan-t-r/rover_ws/install/rover_bringup/share/rover_bringup/cmake/rover_bringupConfig.cmake
[0.164s] -- Up-to-date symlink: /home/mohanarangan-t-r/rover_ws/install/rover_bringup/share/rover_bringup/cmake/rover_bringupConfig-version.cmake
[0.164s] -- Up-to-date symlink: /home/mohanarangan-t-r/rover_ws/install/rover_bringup/share/rover_bringup/package.xml
[0.210s] Invoked command in '/home/mohanarangan-t-r/rover_ws/build/rover_bringup' returned '0': CMAKE_PREFIX_PATH=${CMAKE_PREFIX_PATH}:/opt/ros/jazzy DEBUGINFOD_URLS=https://debuginfod.ubuntu.com /usr/bin/cmake --install /home/mohanarangan-t-r/rover_ws/build/rover_bringup
