[0.017s] Invoking command in '/home/mohanarangan-t-r/rover_ws/build/rover_bringup': CMAKE_PREFIX_PATH=${CMAKE_PREFIX_PATH}:/opt/ros/jazzy DEBUGINFOD_URLS=https://debuginfod.ubuntu.com /usr/bin/cmake --build /home/mohanarangan-t-r/rover_ws/build/rover_bringup -- -j16 -l16
[0.043s] -- Found ament_cmake: 2.5.4 (/opt/ros/jazzy/share/ament_cmake/cmake)
[0.215s] -- Override CMake install command with custom implementation using symlinks instead of copying resources
[0.225s] -- Found ament_lint_auto: 0.17.3 (/opt/ros/jazzy/share/ament_lint_auto/cmake)
[0.295s] -- Added test 'flake8' to check Python code syntax and style conventions
[0.295s] -- Configured 'flake8' exclude dirs and/or files: 
[0.296s] -- Added test 'lint_cmake' to check CMake code style
[0.296s] -- Added test 'pep257' to check Python code against some of the docstring style conventions in PEP 257
[0.297s] -- Added test 'xmllint' to check XML markup files
[0.298s] -- Configuring done (0.3s)
[0.303s] -- Generating done (0.0s)
[0.304s] -- Build files have been written to: /home/mohanarangan-t-r/rover_ws/build/rover_bringup
[0.329s] Invoked command in '/home/mohanarangan-t-r/rover_ws/build/rover_bringup' returned '0': CMAKE_PREFIX_PATH=${CMAKE_PREFIX_PATH}:/opt/ros/jazzy DEBUGINFOD_URLS=https://debuginfod.ubuntu.com /usr/bin/cmake --build /home/mohanarangan-t-r/rover_ws/build/rover_bringup -- -j16 -l16
[0.330s] Invoking command in '/home/mohanarangan-t-r/rover_ws/build/rover_bringup': CMAKE_PREFIX_PATH=${CMAKE_PREFIX_PATH}:/opt/ros/jazzy DEBUGINFOD_URLS=https://debuginfod.ubuntu.com /usr/bin/cmake --install /home/mohanarangan-t-r/rover_ws/build/rover_bringup
[0.338s] -- Install configuration: ""
[0.339s] -- Execute custom install script
[0.339s] -- Up-to-date symlink: /home/mohanarangan-t-r/rover_ws/install/rover_bringup/share/rover_bringup/launch/sensors.launch.py
[0.339s] -- Up-to-date symlink: /home/mohanarangan-t-r/rover_ws/install/rover_bringup/share/rover_bringup/launch/teleop.launch.py
[0.339s] -- Up-to-date symlink: /home/mohanarangan-t-r/rover_ws/install/rover_bringup/share/ament_index/resource_index/package_run_dependencies/rover_bringup
[0.339s] -- Up-to-date symlink: /home/mohanarangan-t-r/rover_ws/install/rover_bringup/share/ament_index/resource_index/parent_prefix_path/rover_bringup
[0.339s] -- Up-to-date symlink: /home/mohanarangan-t-r/rover_ws/install/rover_bringup/share/rover_bringup/environment/ament_prefix_path.sh
[0.339s] -- Up-to-date symlink: /home/mohanarangan-t-r/rover_ws/install/rover_bringup/share/rover_bringup/environment/ament_prefix_path.dsv
[0.339s] -- Up-to-date symlink: /home/mohanarangan-t-r/rover_ws/install/rover_bringup/share/rover_bringup/environment/path.sh
[0.339s] -- Up-to-date symlink: /home/mohanarangan-t-r/rover_ws/install/rover_bringup/share/rover_bringup/environment/path.dsv
[0.340s] -- Up-to-date symlink: /home/mohanarangan-t-r/rover_ws/install/rover_bringup/share/rover_bringup/local_setup.bash
[0.340s] -- Up-to-date symlink: /home/mohanarangan-t-r/rover_ws/install/rover_bringup/share/rover_bringup/local_setup.sh
[0.340s] -- Up-to-date symlink: /home/mohanarangan-t-r/rover_ws/install/rover_bringup/share/rover_bringup/local_setup.zsh
[0.340s] -- Up-to-date symlink: /home/mohanarangan-t-r/rover_ws/install/rover_bringup/share/rover_bringup/local_setup.dsv
[0.340s] -- Symlinking: /home/mohanarangan-t-r/rover_ws/install/rover_bringup/share/rover_bringup/package.dsv
[0.351s] -- Up-to-date symlink: /home/mohanarangan-t-r/rover_ws/install/rover_bringup/share/ament_index/resource_index/packages/rover_bringup
[0.351s] -- Up-to-date symlink: /home/mohanarangan-t-r/rover_ws/install/rover_bringup/share/rover_bringup/cmake/rover_bringupConfig.cmake
[0.351s] -- Up-to-date symlink: /home/mohanarangan-t-r/rover_ws/install/rover_bringup/share/rover_bringup/cmake/rover_bringupConfig-version.cmake
[0.351s] -- Up-to-date symlink: /home/mohanarangan-t-r/rover_ws/install/rover_bringup/share/rover_bringup/package.xml
[0.353s] Invoked command in '/home/mohanarangan-t-r/rover_ws/build/rover_bringup' returned '0': CMAKE_PREFIX_PATH=${CMAKE_PREFIX_PATH}:/opt/ros/jazzy DEBUGINFOD_URLS=https://debuginfod.ubuntu.com /usr/bin/cmake --install /home/mohanarangan-t-r/rover_ws/build/rover_bringup
