-- Found ament_cmake: 2.5.4 (/opt/ros/jazzy/share/ament_cmake/cmake)
-- Override CMake install command with custom implementation using symlinks instead of copying resources
-- Found ament_lint_auto: 0.17.3 (/opt/ros/jazzy/share/ament_lint_auto/cmake)
-- Added test 'flake8' to check Python code syntax and style conventions
-- Configured 'flake8' exclude dirs and/or files: 
-- Added test 'lint_cmake' to check CMake code style
-- Added test 'pep257' to check Python code against some of the docstring style conventions in PEP 257
-- Added test 'xmllint' to check XML markup files
-- Configuring done (0.5s)
-- Generating done (0.0s)
-- Build files have been written to: /home/mohanarangan-t-r/rover_ws/build/rover_gz_sim
-- Install configuration: ""
-- Execute custom install script
-- Up-to-date symlink: /home/mohanarangan-t-r/rover_ws/install/rover_gz_sim/share/rover_gz_sim/launch/robot.launch.py
-- Up-to-date symlink: /home/mohanarangan-t-r/rover_ws/install/rover_gz_sim/share/rover_gz_sim/config/gz_bridge.yaml
-- Up-to-date symlink: /home/mohanarangan-t-r/rover_ws/install/rover_gz_sim/share/ament_index/resource_index/package_run_dependencies/rover_gz_sim
-- Up-to-date symlink: /home/mohanarangan-t-r/rover_ws/install/rover_gz_sim/share/ament_index/resource_index/parent_prefix_path/rover_gz_sim
-- Up-to-date symlink: /home/mohanarangan-t-r/rover_ws/install/rover_gz_sim/share/rover_gz_sim/environment/ament_prefix_path.sh
-- Up-to-date symlink: /home/mohanarangan-t-r/rover_ws/install/rover_gz_sim/share/rover_gz_sim/environment/ament_prefix_path.dsv
-- Up-to-date symlink: /home/mohanarangan-t-r/rover_ws/install/rover_gz_sim/share/rover_gz_sim/environment/path.sh
-- Up-to-date symlink: /home/mohanarangan-t-r/rover_ws/install/rover_gz_sim/share/rover_gz_sim/environment/path.dsv
-- Up-to-date symlink: /home/mohanarangan-t-r/rover_ws/install/rover_gz_sim/share/rover_gz_sim/local_setup.bash
-- Up-to-date symlink: /home/mohanarangan-t-r/rover_ws/install/rover_gz_sim/share/rover_gz_sim/local_setup.sh
-- Up-to-date symlink: /home/mohanarangan-t-r/rover_ws/install/rover_gz_sim/share/rover_gz_sim/local_setup.zsh
-- Up-to-date symlink: /home/mohanarangan-t-r/rover_ws/install/rover_gz_sim/share/rover_gz_sim/local_setup.dsv
-- Symlinking: /home/mohanarangan-t-r/rover_ws/install/rover_gz_sim/share/rover_gz_sim/package.dsv
-- Up-to-date symlink: /home/mohanarangan-t-r/rover_ws/install/rover_gz_sim/share/ament_index/resource_index/packages/rover_gz_sim
-- Up-to-date symlink: /home/mohanarangan-t-r/rover_ws/install/rover_gz_sim/share/rover_gz_sim/cmake/rover_gz_simConfig.cmake
-- Up-to-date symlink: /home/mohanarangan-t-r/rover_ws/install/rover_gz_sim/share/rover_gz_sim/cmake/rover_gz_simConfig-version.cmake
-- Up-to-date symlink: /home/mohanarangan-t-r/rover_ws/install/rover_gz_sim/share/rover_gz_sim/package.xml
