[0.030s] Invoking command in '/home/mohanarangan-t-r/rover_ws/build/rover_bringup': CMAKE_PREFIX_PATH=${CMAKE_PREFIX_PATH}:/opt/ros/jazzy DEBUGINFOD_URLS=https://debuginfod.ubuntu.com /usr/bin/cmake /home/mohanarangan-t-r/rover_ws/src/rover_bringup -DCMAKE_INSTALL_PREFIX=/home/mohanarangan-t-r/rover_ws/install/rover_bringup
[0.059s] -- Found ament_cmake: 2.5.4 (/opt/ros/jazzy/share/ament_cmake/cmake)
[0.408s] -- Override CMake install command with custom implementation using symlinks instead of copying resources
[0.429s] -- Found ament_lint_auto: 0.17.3 (/opt/ros/jazzy/share/ament_lint_auto/cmake)
[0.589s] -- Added test 'flake8' to check Python code syntax and style conventions
[0.589s] -- Configured 'flake8' exclude dirs and/or files: 
[0.590s] -- Added test 'lint_cmake' to check CMake code style
[0.590s] -- Added test 'pep257' to check Python code against some of the docstring style conventions in PEP 257
[0.593s] -- Added test 'xmllint' to check XML markup files
[0.596s] -- Configuring done (0.6s)
[0.604s] -- Generating done (0.0s)
[0.607s] -- Build files have been written to: /home/mohanarangan-t-r/rover_ws/build/rover_bringup
[0.618s] Invoked command in '/home/mohanarangan-t-r/rover_ws/build/rover_bringup' returned '0': CMAKE_PREFIX_PATH=${CMAKE_PREFIX_PATH}:/opt/ros/jazzy DEBUGINFOD_URLS=https://debuginfod.ubuntu.com /usr/bin/cmake /home/mohanarangan-t-r/rover_ws/src/rover_bringup -DCMAKE_INSTALL_PREFIX=/home/mohanarangan-t-r/rover_ws/install/rover_bringup
[0.619s] Invoking command in '/home/mohanarangan-t-r/rover_ws/build/rover_bringup': CMAKE_PREFIX_PATH=${CMAKE_PREFIX_PATH}:/opt/ros/jazzy DEBUGINFOD_URLS=https://debuginfod.ubuntu.com /usr/bin/cmake --build /home/mohanarangan-t-r/rover_ws/build/rover_bringup -- -j16 -l16
[0.719s] Invoked command in '/home/mohanarangan-t-r/rover_ws/build/rover_bringup' returned '0': CMAKE_PREFIX_PATH=${CMAKE_PREFIX_PATH}:/opt/ros/jazzy DEBUGINFOD_URLS=https://debuginfod.ubuntu.com /usr/bin/cmake --build /home/mohanarangan-t-r/rover_ws/build/rover_bringup -- -j16 -l16
[0.720s] Invoking command in '/home/mohanarangan-t-r/rover_ws/build/rover_bringup': CMAKE_PREFIX_PATH=${CMAKE_PREFIX_PATH}:/opt/ros/jazzy DEBUGINFOD_URLS=https://debuginfod.ubuntu.com /usr/bin/cmake --install /home/mohanarangan-t-r/rover_ws/build/rover_bringup
[0.736s] -- Install configuration: ""
[0.736s] -- Execute custom install script
[0.737s] -- Up-to-date symlink: /home/mohanarangan-t-r/rover_ws/install/rover_bringup/share/rover_bringup/launch/sensors.launch.py
[0.737s] -- Up-to-date symlink: /home/mohanarangan-t-r/rover_ws/install/rover_bringup/share/rover_bringup/launch/teleop.launch.py
[0.737s] -- Up-to-date symlink: /home/mohanarangan-t-r/rover_ws/install/rover_bringup/share/ament_index/resource_index/package_run_dependencies/rover_bringup
[0.737s] -- Up-to-date symlink: /home/mohanarangan-t-r/rover_ws/install/rover_bringup/share/ament_index/resource_index/parent_prefix_path/rover_bringup
[0.738s] -- Up-to-date symlink: /home/mohanarangan-t-r/rover_ws/install/rover_bringup/share/rover_bringup/environment/ament_prefix_path.sh
[0.738s] -- Up-to-date symlink: /home/mohanarangan-t-r/rover_ws/install/rover_bringup/share/rover_bringup/environment/ament_prefix_path.dsv
[0.738s] -- Up-to-date symlink: /home/mohanarangan-t-r/rover_ws/install/rover_bringup/share/rover_bringup/environment/path.sh
[0.738s] -- Up-to-date symlink: /home/mohanarangan-t-r/rover_ws/install/rover_bringup/share/rover_bringup/environment/path.dsv
[0.738s] -- Up-to-date symlink: /home/mohanarangan-t-r/rover_ws/install/rover_bringup/share/rover_bringup/local_setup.bash
[0.739s] -- Up-to-date symlink: /home/mohanarangan-t-r/rover_ws/install/rover_bringup/share/rover_bringup/local_setup.sh
[0.739s] -- Up-to-date symlink: /home/mohanarangan-t-r/rover_ws/install/rover_bringup/share/rover_bringup/local_setup.zsh
[0.739s] -- Up-to-date symlink: /home/mohanarangan-t-r/rover_ws/install/rover_bringup/share/rover_bringup/local_setup.dsv
[0.739s] -- Symlinking: /home/mohanarangan-t-r/rover_ws/install/rover_bringup/share/rover_bringup/package.dsv
[0.756s] -- Up-to-date symlink: /home/mohanarangan-t-r/rover_ws/install/rover_bringup/share/ament_index/resource_index/packages/rover_bringup
[0.756s] -- Up-to-date symlink: /home/mohanarangan-t-r/rover_ws/install/rover_bringup/share/rover_bringup/cmake/rover_bringupConfig.cmake
[0.756s] -- Up-to-date symlink: /home/mohanarangan-t-r/rover_ws/install/rover_bringup/share/rover_bringup/cmake/rover_bringupConfig-version.cmake
[0.756s] -- Up-to-date symlink: /home/mohanarangan-t-r/rover_ws/install/rover_bringup/share/rover_bringup/package.xml
[0.801s] Invoked command in '/home/mohanarangan-t-r/rover_ws/build/rover_bringup' returned '0': CMAKE_PREFIX_PATH=${CMAKE_PREFIX_PATH}:/opt/ros/jazzy DEBUGINFOD_URLS=https://debuginfod.ubuntu.com /usr/bin/cmake --install /home/mohanarangan-t-r/rover_ws/build/rover_bringup
