[0.014s] Invoking command in '/home/mohanarangan-t-r/rover_ws/build/rover_bringup': CMAKE_PREFIX_PATH=${CMAKE_PREFIX_PATH}:/opt/ros/jazzy DEBUGINFOD_URLS=https://debuginfod.ubuntu.com /usr/bin/cmake --build /home/mohanarangan-t-r/rover_ws/build/rover_bringup -- -j16 -l16
[0.051s] Invoked command in '/home/mohanarangan-t-r/rover_ws/build/rover_bringup' returned '0': CMAKE_PREFIX_PATH=${CMAKE_PREFIX_PATH}:/opt/ros/jazzy DEBUGINFOD_URLS=https://debuginfod.ubuntu.com /usr/bin/cmake --build /home/mohanarangan-t-r/rover_ws/build/rover_bringup -- -j16 -l16
[0.060s] Invoking command in '/home/mohanarangan-t-r/rover_ws/build/rover_bringup': CMAKE_PREFIX_PATH=${CMAKE_PREFIX_PATH}:/opt/ros/jazzy DEBUGINFOD_URLS=https://debuginfod.ubuntu.com /usr/bin/cmake --install /home/mohanarangan-t-r/rover_ws/build/rover_bringup
[0.068s] -- Install configuration: ""
[0.069s] -- Execute custom install script
[0.069s] -- Up-to-date symlink: /home/mohanarangan-t-r/rover_ws/install/rover_bringup/share/rover_bringup/launch/sensors.launch.py
[0.070s] -- Up-to-date symlink: /home/mohanarangan-t-r/rover_ws/install/rover_bringup/share/rover_bringup/launch/teleop.launch.py
[0.070s] -- Up-to-date symlink: /home/mohanarangan-t-r/rover_ws/install/rover_bringup/share/ament_index/resource_index/package_run_dependencies/rover_bringup
[0.070s] -- Up-to-date symlink: /home/mohanarangan-t-r/rover_ws/install/rover_bringup/share/ament_index/resource_index/parent_prefix_path/rover_bringup
[0.070s] -- Up-to-date symlink: /home/mohanarangan-t-r/rover_ws/install/rover_bringup/share/rover_bringup/environment/ament_prefix_path.sh
[0.070s] -- Up-to-date symlink: /home/mohanarangan-t-r/rover_ws/install/rover_bringup/share/rover_bringup/environment/ament_prefix_path.dsv
[0.070s] -- Up-to-date symlink: /home/mohanarangan-t-r/rover_ws/install/rover_bringup/share/rover_bringup/environment/path.sh
[0.070s] -- Up-to-date symlink: /home/mohanarangan-t-r/rover_ws/install/rover_bringup/share/rover_bringup/environment/path.dsv
[0.070s] -- Up-to-date symlink: /home/mohanarangan-t-r/rover_ws/install/rover_bringup/share/rover_bringup/local_setup.bash
[0.070s] -- Up-to-date symlink: /home/mohanarangan-t-r/rover_ws/install/rover_bringup/share/rover_bringup/local_setup.sh
[0.070s] -- Up-to-date symlink: /home/mohanarangan-t-r/rover_ws/install/rover_bringup/share/rover_bringup/local_setup.zsh
[0.070s] -- Up-to-date symlink: /home/mohanarangan-t-r/rover_ws/install/rover_bringup/share/rover_bringup/local_setup.dsv
[0.070s] -- Symlinking: /home/mohanarangan-t-r/rover_ws/install/rover_bringup/share/rover_bringup/package.dsv
[0.078s] -- Up-to-date symlink: /home/mohanarangan-t-r/rover_ws/install/rover_bringup/share/ament_index/resource_index/packages/rover_bringup
[0.078s] -- Up-to-date symlink: /home/mohanarangan-t-r/rover_ws/install/rover_bringup/share/rover_bringup/cmake/rover_bringupConfig.cmake
[0.078s] -- Up-to-date symlink: /home/mohanarangan-t-r/rover_ws/install/rover_bringup/share/rover_bringup/cmake/rover_bringupConfig-version.cmake
[0.078s] -- Up-to-date symlink: /home/mohanarangan-t-r/rover_ws/install/rover_bringup/share/rover_bringup/package.xml
[0.090s] Invoked command in '/home/mohanarangan-t-r/rover_ws/build/rover_bringup' returned '0': CMAKE_PREFIX_PATH=${CMAKE_PREFIX_PATH}:/opt/ros/jazzy DEBUGINFOD_URLS=https://debuginfod.ubuntu.com /usr/bin/cmake --install /home/mohanarangan-t-r/rover_ws/build/rover_bringup
